Added Component: Designator=C1(CAP_RAD_D12.5x15)
Added Component: Designator=C2(CAP_RAD_D05x11)
Added Component: Designator=C3(CAP_RAD_D10x12.5)
Added Component: Designator=C4(CAP_Ceramic_2.5MM)
Added Component: Designator=C5(CAP_Ceramic_2.5MM)
Added Component: Designator=D1(DO-201AD-BK)
Added Component: Designator=D2(DO-204AL-BK)
Added Component: Designator=D3(DO-204AL-RD)
Added Component: Designator=D4(DO-204AL-BK)
Added Component: Designator=D5(DO-204AH-RD)
Added Component: Designator=D6(DO-204AL-BK)
Added Component: Designator=D7(DO-204AL-RD)
Added Component: Designator=D8(DO-204AL-BK)
Added Component: Designator=D9(DO-204AL-RD)
Added Component: Designator=F1(FUSE_5x20MM)
Added Component: Designator=J1(DG127-5.0-02P-14-00AH)
Added Component: Designator=J2(DG127-5.0-02P-14-00AH)
Added Component: Designator=Q1(TO-220A)
Added Component: Designator=Q2(SOT23-3)
Added Component: Designator=R1(RES-0.25W-H)
Added Component: Designator=R2(RES-0.25W-H)
Added Component: Designator=R3(RES-0.25W-H)
Added Component: Designator=R4(RES-0.25W-H)
Added Component: Designator=R5(RES-0.25W-H)
Added Component: Designator=R6(RES-0.25W-H)
Added Component: Designator=R7(RES-1W-H)
Added Component: Designator=R8(RES-0.25W-H)
Added Component: Designator=R9(RES-0.25W-H)
Added Component: Designator=T1(TRANSFORMER-FLUOLAMP-8W)
Added Component: Designator=T2(INDUCTOR-BOBBIN-UF9-8)
Added Component: Designator=U1(PC817-DIP)
Added Pin To Net: NetName=GND Pin=C2-2
Added Pin To Net: NetName=GND Pin=C3-2
Added Pin To Net: NetName=GND Pin=D3-1
Added Pin To Net: NetName=GND Pin=D5-1
Added Pin To Net: NetName=GND Pin=D9-1
Added Pin To Net: NetName=GND Pin=Q2-2
Added Pin To Net: NetName=GND Pin=R6-1
Added Pin To Net: NetName=GND Pin=R7-1
Added Pin To Net: NetName=GND Pin=T2-2
Added Net: Name=GND
Added Pin To Net: NetName=NetC1_1 Pin=C1-1
Added Pin To Net: NetName=NetC1_1 Pin=D1-2
Added Pin To Net: NetName=NetC1_1 Pin=J1-2
Added Pin To Net: NetName=NetC1_1 Pin=R4-2
Added Net: Name=NetC1_1
Added Pin To Net: NetName=NetC1_2 Pin=C1-2
Added Pin To Net: NetName=NetC1_2 Pin=J1-1
Added Pin To Net: NetName=NetC1_2 Pin=T1-5
Added Pin To Net: NetName=NetC1_2 Pin=U1-2
Added Net: Name=NetC1_2
Added Pin To Net: NetName=NetC2_1 Pin=C2-1
Added Pin To Net: NetName=NetC2_1 Pin=R2-1
Added Pin To Net: NetName=NetC2_1 Pin=T1-3
Added Net: Name=NetC2_1
Added Pin To Net: NetName=NetC3_1 Pin=C3-1
Added Pin To Net: NetName=NetC3_1 Pin=R1-2
Added Pin To Net: NetName=NetC3_1 Pin=T1-1
Added Pin To Net: NetName=NetC3_1 Pin=T2-1
Added Net: Name=NetC3_1
Added Pin To Net: NetName=NetC4_1 Pin=C4-1
Added Pin To Net: NetName=NetC4_1 Pin=C5-2
Added Net: Name=NetC4_1
Added Pin To Net: NetName=NetC4_2 Pin=C4-2
Added Pin To Net: NetName=NetC4_2 Pin=R5-1
Added Net: Name=NetC4_2
Added Pin To Net: NetName=NetC5_1 Pin=C5-1
Added Pin To Net: NetName=NetC5_1 Pin=D9-2
Added Pin To Net: NetName=NetC5_1 Pin=Q1-1
Added Pin To Net: NetName=NetC5_1 Pin=Q2-3
Added Pin To Net: NetName=NetC5_1 Pin=R3-1
Added Pin To Net: NetName=NetC5_1 Pin=R6-2
Added Net: Name=NetC5_1
Added Pin To Net: NetName=NetD1_1 Pin=D1-1
Added Pin To Net: NetName=NetD1_1 Pin=T1-7
Added Net: Name=NetD1_1
Added Pin To Net: NetName=NetD2_1 Pin=D2-1
Added Pin To Net: NetName=NetD2_1 Pin=D8-2
Added Pin To Net: NetName=NetD2_1 Pin=F1-2
Added Pin To Net: NetName=NetD2_1 Pin=F1-2
Added Pin To Net: NetName=NetD2_1 Pin=J2-2
Added Net: Name=NetD2_1
Added Pin To Net: NetName=NetD2_2 Pin=D2-2
Added Pin To Net: NetName=NetD2_2 Pin=D4-2
Added Pin To Net: NetName=NetD2_2 Pin=T2-3
Added Net: Name=NetD2_2
Added Pin To Net: NetName=NetD3_2 Pin=D3-2
Added Pin To Net: NetName=NetD3_2 Pin=R2-2
Added Pin To Net: NetName=NetD3_2 Pin=U1-4
Added Net: Name=NetD3_2
Added Pin To Net: NetName=NetD4_1 Pin=D4-1
Added Pin To Net: NetName=NetD4_1 Pin=D6-2
Added Net: Name=NetD4_1
Added Pin To Net: NetName=NetD5_2 Pin=D5-2
Added Pin To Net: NetName=NetD5_2 Pin=R5-2
Added Pin To Net: NetName=NetD5_2 Pin=T1-4
Added Net: Name=NetD5_2
Added Pin To Net: NetName=NetD6_1 Pin=D6-1
Added Pin To Net: NetName=NetD6_1 Pin=D8-1
Added Pin To Net: NetName=NetD6_1 Pin=T2-4
Added Net: Name=NetD6_1
Added Pin To Net: NetName=NetD7_1 Pin=D7-1
Added Pin To Net: NetName=NetD7_1 Pin=U1-1
Added Net: Name=NetD7_1
Added Pin To Net: NetName=NetD7_2 Pin=D7-2
Added Pin To Net: NetName=NetD7_2 Pin=R4-1
Added Net: Name=NetD7_2
Added Pin To Net: NetName=NetF1_1 Pin=F1-1
Added Pin To Net: NetName=NetF1_1 Pin=F1-1
Added Pin To Net: NetName=NetF1_1 Pin=J2-1
Added Net: Name=NetF1_1
Added Pin To Net: NetName=NetQ1_2 Pin=Q1-2
Added Pin To Net: NetName=NetQ1_2 Pin=T1-2
Added Net: Name=NetQ1_2
Added Pin To Net: NetName=NetQ1_3 Pin=Q1-3
Added Pin To Net: NetName=NetQ1_3 Pin=R7-2
Added Pin To Net: NetName=NetQ1_3 Pin=R8-2
Added Net: Name=NetQ1_3
Added Pin To Net: NetName=NetQ2_1 Pin=Q2-1
Added Pin To Net: NetName=NetQ2_1 Pin=R8-1
Added Pin To Net: NetName=NetQ2_1 Pin=R9-2
Added Net: Name=NetQ2_1
Added Pin To Net: NetName=NetR1_1 Pin=R1-1
Added Pin To Net: NetName=NetR1_1 Pin=R3-2
Added Net: Name=NetR1_1
Added Pin To Net: NetName=NetR9_1 Pin=R9-1
Added Pin To Net: NetName=NetR9_1 Pin=U1-3
Added Net: Name=NetR9_1
Added Class: Name=FLYBACK_SWITCHING_POWER_SUPPLY
Added Room: Name=FLYBACK_SWITCHING_POWER_SUPPLY
