Added Component: Designator=C3(CAP_RAD_D06.3x11)
Added Component: Designator=J1(HEADER-FEMALE-20PINS-2.54MM)
Added Component: Designator=J2(HEADER-FEMALE-06PINS-2.54MM)
Added Component: Designator=J6(DG306-5.0-02P-12-00AH)
Added Component: Designator=J7(IDC_CONNECTOR_10x2.54)
Added Component: Designator=J8(IDC_CONNECTOR_10x2.54)
Added Component: Designator=J9(IDC_CONNECTOR_10x2.54)
Added Pin To Net: NetName=NetC3_1 Pin=C3-1
Added Pin To Net: NetName=GND Pin=C3-2
Added Pin To Net: NetName=O1 Pin=J1-1
Added Pin To Net: NetName=O2 Pin=J1-2
Added Pin To Net: NetName=O3 Pin=J1-3
Added Pin To Net: NetName=O4 Pin=J1-4
Added Pin To Net: NetName=O5 Pin=J1-5
Added Pin To Net: NetName=O6 Pin=J1-6
Added Pin To Net: NetName=O7 Pin=J1-7
Added Pin To Net: NetName=O8 Pin=J1-8
Added Pin To Net: NetName=O9 Pin=J1-9
Added Pin To Net: NetName=O10 Pin=J1-10
Added Pin To Net: NetName=O11 Pin=J1-11
Added Pin To Net: NetName=O12 Pin=J1-12
Added Pin To Net: NetName=O13 Pin=J1-13
Added Pin To Net: NetName=O14 Pin=J1-14
Added Pin To Net: NetName=O15 Pin=J1-15
Added Pin To Net: NetName=O16 Pin=J1-16
Added Pin To Net: NetName=O17 Pin=J1-17
Added Pin To Net: NetName=O18 Pin=J1-18
Added Pin To Net: NetName=O19 Pin=J1-19
Added Pin To Net: NetName=O20 Pin=J1-20
Added Pin To Net: NetName=O21 Pin=J2-1
Added Pin To Net: NetName=O22 Pin=J2-2
Added Pin To Net: NetName=O23 Pin=J2-3
Added Pin To Net: NetName=O24 Pin=J2-4
Added Pin To Net: NetName=O25 Pin=J2-5
Added Pin To Net: NetName=GND Pin=J2-6
Added Pin To Net: NetName=NetC3_1 Pin=J6-1
Added Pin To Net: NetName=GND Pin=J6-2
Added Member To Class: ClassName=ControlBoard Member=Component C3 10uF
Added Member To Class: ClassName=ControlBoard Member=Component J1 HEADER-FEMALE-2.54MM
Added Member To Class: ClassName=ControlBoard Member=Component J2 HEADER-FEMALE-2.54MM
Added Member To Class: ClassName=ControlBoard Member=Component J6 KF306
Added Member To Class: ClassName=ControlBoard Member=Component J7 IDC_2.54_5x2
Added Member To Class: ClassName=ControlBoard Member=Component J8 IDC_2.54_5x2
Added Member To Class: ClassName=ControlBoard Member=Component J9 IDC_2.54_5x2
Added Room: Name=ControlBoard
