Removed Pin From Net: NetName=O1 Pin=J1-1
Removed Pin From Net: NetName=O2 Pin=J1-2
Removed Pin From Net: NetName=O3 Pin=J1-3
Removed Pin From Net: NetName=O4 Pin=J1-4
Removed Pin From Net: NetName=O5 Pin=J1-5
Removed Pin From Net: NetName=O6 Pin=J1-6
Removed Pin From Net: NetName=O7 Pin=J1-7
Removed Pin From Net: NetName=O8 Pin=J1-8
Removed Pin From Net: NetName=O9 Pin=J1-9
Removed Pin From Net: NetName=O10 Pin=J1-10
Removed Pin From Net: NetName=O11 Pin=J1-11
Removed Pin From Net: NetName=O12 Pin=J1-12
Removed Pin From Net: NetName=O13 Pin=J1-13
Removed Pin From Net: NetName=O14 Pin=J1-14
Removed Pin From Net: NetName=O15 Pin=J1-15
Removed Pin From Net: NetName=O16 Pin=J1-16
Removed Pin From Net: NetName=O17 Pin=J1-17
Removed Pin From Net: NetName=O18 Pin=J1-18
Removed Pin From Net: NetName=O19 Pin=J1-19
Removed Pin From Net: NetName=O20 Pin=J1-20
Removed Pin From Net: NetName=O21 Pin=J2-1
Removed Pin From Net: NetName=O22 Pin=J2-2
Removed Pin From Net: NetName=O23 Pin=J2-3
Removed Pin From Net: NetName=O24 Pin=J2-4
Removed Pin From Net: NetName=O25 Pin=J2-5
Removed Pin From Net: NetName=GND Pin=J2-6
Change Component Footprint: Designator=J2 Old Footprint=HEADER-FEMALE-06PINS-2.54MM New Footprint=HEADER-MALE-16PINS-2.54MM
Change Component Footprint: Designator=J1 Old Footprint=HEADER-FEMALE-20PINS-2.54MM New Footprint=HEADER-MALE-16PINS-2.54MM
Change Component Comment : Designator=J1 Old Comment=HEADER-FEMALE-2.54MM New Comment=HEADER-MALE-2.54MM
Change Component Comment : Designator=J2 Old Comment=HEADER-FEMALE-2.54MM New Comment=HEADER-MALE-2.54MM
Added Pin To Net: NetName=O2 Pin=J1-1
Added Pin To Net: NetName=O4 Pin=J1-2
Added Pin To Net: NetName=O6 Pin=J1-3
Added Pin To Net: NetName=O8 Pin=J1-4
Added Pin To Net: NetName=O10 Pin=J1-5
Added Pin To Net: NetName=O12 Pin=J1-6
Added Pin To Net: NetName=O14 Pin=J1-7
Added Pin To Net: NetName=O16 Pin=J1-8
Added Pin To Net: NetName=O18 Pin=J1-9
Added Pin To Net: NetName=O20 Pin=J1-10
Added Pin To Net: NetName=O22 Pin=J1-11
Added Pin To Net: NetName=O24 Pin=J1-12
Added Pin To Net: NetName=O1 Pin=J2-1
Added Pin To Net: NetName=O3 Pin=J2-2
Added Pin To Net: NetName=O5 Pin=J2-3
Added Pin To Net: NetName=O7 Pin=J2-4
Added Pin To Net: NetName=O9 Pin=J2-5
Added Pin To Net: NetName=O11 Pin=J2-6
Added Pin To Net: NetName=O13 Pin=J2-7
Added Pin To Net: NetName=O15 Pin=J2-8
Added Pin To Net: NetName=O17 Pin=J2-9
Added Pin To Net: NetName=O19 Pin=J2-10
Added Pin To Net: NetName=O21 Pin=J2-11
Added Pin To Net: NetName=O23 Pin=J2-12
Added Pin To Net: NetName=O25 Pin=J2-13
Added Pin To Net: NetName=O26 Pin=J1-13
Added Net: Name=O26
Added Pin To Net: NetName=O27 Pin=J2-14
Added Net: Name=O27
Added Pin To Net: NetName=O28 Pin=J1-14
Added Net: Name=O28
Added Pin To Net: NetName=O29 Pin=J2-15
Added Net: Name=O29
Added Pin To Net: NetName=O30 Pin=J1-15
Added Net: Name=O30
Added Pin To Net: NetName=O31 Pin=J2-16
Added Net: Name=O31
Added Pin To Net: NetName=O32 Pin=J1-16
Added Net: Name=O32
Added Room: Name=ControlBoard
