Removed Pin From Net: NetName=IN24 Pin=U1-1
Removed Pin From Net: NetName=IN23 Pin=U1-2
Removed Pin From Net: NetName=IN22 Pin=U1-3
Removed Pin From Net: NetName=IN21 Pin=U1-4
Removed Pin From Net: NetName=IN20 Pin=U1-5
Removed Pin From Net: NetName=IN19 Pin=U1-6
Removed Pin From Net: NetName=IN18 Pin=U1-7
Removed Pin From Net: NetName=IN25 Pin=U1-15
Removed Pin From Net: NetName=IN16 Pin=U2-1
Removed Pin From Net: NetName=IN15 Pin=U2-2
Removed Pin From Net: NetName=IN14 Pin=U2-3
Removed Pin From Net: NetName=IN13 Pin=U2-4
Removed Pin From Net: NetName=IN12 Pin=U2-5
Removed Pin From Net: NetName=IN11 Pin=U2-6
Removed Pin From Net: NetName=IN10 Pin=U2-7
Removed Pin From Net: NetName=IN17 Pin=U2-15
Removed Pin From Net: NetName=IN8 Pin=U3-1
Removed Pin From Net: NetName=IN7 Pin=U3-2
Removed Pin From Net: NetName=IN6 Pin=U3-3
Removed Pin From Net: NetName=IN5 Pin=U3-4
Removed Pin From Net: NetName=IN4 Pin=U3-5
Removed Pin From Net: NetName=IN3 Pin=U3-6
Removed Pin From Net: NetName=IN2 Pin=U3-7
Removed Pin From Net: NetName=IN9 Pin=U3-15
Removed Pin From Net: NetName=IN1 Pin=U5-15
Added Component: Designator=Q26(SOT23-3)
Added Component: Designator=Q27(SOT23-3)
Added Component: Designator=Q28(SOT23-3)
Added Component: Designator=Q29(SOT23-3)
Added Component: Designator=Q30(SOT23-3)
Added Component: Designator=Q31(SOT23-3)
Added Component: Designator=Q32(SOT23-3)
Added Component: Designator=R37(R0805)
Added Component: Designator=R38(R0805)
Added Component: Designator=R39(R0805)
Added Component: Designator=R40(R0805)
Added Component: Designator=R41(R0805)
Added Component: Designator=R42(R0805)
Added Component: Designator=R43(R0805)
Added Pin To Net: NetName=GND Pin=Q26-2
Added Pin To Net: NetName=O26 Pin=Q26-3
Added Pin To Net: NetName=GND Pin=Q27-2
Added Pin To Net: NetName=O27 Pin=Q27-3
Added Pin To Net: NetName=GND Pin=Q28-2
Added Pin To Net: NetName=O28 Pin=Q28-3
Added Pin To Net: NetName=GND Pin=Q29-2
Added Pin To Net: NetName=O29 Pin=Q29-3
Added Pin To Net: NetName=GND Pin=Q30-2
Added Pin To Net: NetName=O30 Pin=Q30-3
Added Pin To Net: NetName=GND Pin=Q31-2
Added Pin To Net: NetName=O31 Pin=Q31-3
Added Pin To Net: NetName=GND Pin=Q32-2
Added Pin To Net: NetName=O32 Pin=Q32-3
Added Pin To Net: NetName=IN25 Pin=U1-7
Added Pin To Net: NetName=IN23 Pin=U2-1
Added Pin To Net: NetName=IN22 Pin=U2-2
Added Pin To Net: NetName=IN21 Pin=U2-3
Added Pin To Net: NetName=IN20 Pin=U2-4
Added Pin To Net: NetName=IN19 Pin=U2-5
Added Pin To Net: NetName=IN18 Pin=U2-6
Added Pin To Net: NetName=IN17 Pin=U2-7
Added Pin To Net: NetName=IN24 Pin=U2-15
Added Pin To Net: NetName=IN15 Pin=U3-1
Added Pin To Net: NetName=IN14 Pin=U3-2
Added Pin To Net: NetName=IN13 Pin=U3-3
Added Pin To Net: NetName=IN12 Pin=U3-4
Added Pin To Net: NetName=IN11 Pin=U3-5
Added Pin To Net: NetName=IN10 Pin=U3-6
Added Pin To Net: NetName=IN9 Pin=U3-7
Added Pin To Net: NetName=IN16 Pin=U3-15
Added Pin To Net: NetName=IN7 Pin=U5-1
Added Pin To Net: NetName=IN6 Pin=U5-2
Added Pin To Net: NetName=IN5 Pin=U5-3
Added Pin To Net: NetName=IN4 Pin=U5-4
Added Pin To Net: NetName=IN3 Pin=U5-5
Added Pin To Net: NetName=IN2 Pin=U5-6
Added Pin To Net: NetName=IN1 Pin=U5-7
Added Pin To Net: NetName=IN8 Pin=U5-15
Added Pin To Net: NetName=IN26 Pin=R37-2
Added Pin To Net: NetName=IN26 Pin=U1-6
Added Net: Name=IN26
Added Pin To Net: NetName=IN27 Pin=R38-2
Added Pin To Net: NetName=IN27 Pin=U1-5
Added Net: Name=IN27
Added Pin To Net: NetName=IN28 Pin=R39-2
Added Pin To Net: NetName=IN28 Pin=U1-4
Added Net: Name=IN28
Added Pin To Net: NetName=IN29 Pin=R40-2
Added Pin To Net: NetName=IN29 Pin=U1-3
Added Net: Name=IN29
Added Pin To Net: NetName=IN30 Pin=R41-2
Added Pin To Net: NetName=IN30 Pin=U1-2
Added Net: Name=IN30
Added Pin To Net: NetName=IN31 Pin=R42-2
Added Pin To Net: NetName=IN31 Pin=U1-1
Added Net: Name=IN31
Added Pin To Net: NetName=IN32 Pin=R43-2
Added Pin To Net: NetName=IN32 Pin=U1-15
Added Net: Name=IN32
Added Pin To Net: NetName=NetQ26_1 Pin=Q26-1
Added Pin To Net: NetName=NetQ26_1 Pin=R37-1
Added Net: Name=NetQ26_1
Added Pin To Net: NetName=NetQ27_1 Pin=Q27-1
Added Pin To Net: NetName=NetQ27_1 Pin=R38-1
Added Net: Name=NetQ27_1
Added Pin To Net: NetName=NetQ28_1 Pin=Q28-1
Added Pin To Net: NetName=NetQ28_1 Pin=R39-1
Added Net: Name=NetQ28_1
Added Pin To Net: NetName=NetQ29_1 Pin=Q29-1
Added Pin To Net: NetName=NetQ29_1 Pin=R40-1
Added Net: Name=NetQ29_1
Added Pin To Net: NetName=NetQ30_1 Pin=Q30-1
Added Pin To Net: NetName=NetQ30_1 Pin=R41-1
Added Net: Name=NetQ30_1
Added Pin To Net: NetName=NetQ31_1 Pin=Q31-1
Added Pin To Net: NetName=NetQ31_1 Pin=R42-1
Added Net: Name=NetQ31_1
Added Pin To Net: NetName=NetQ32_1 Pin=Q32-1
Added Pin To Net: NetName=NetQ32_1 Pin=R43-1
Added Net: Name=NetQ32_1
Added Member To Class: ClassName=ControlBoard Member=Component Q26 2N3904
Added Member To Class: ClassName=ControlBoard Member=Component Q27 2N3904
Added Member To Class: ClassName=ControlBoard Member=Component Q28 2N3904
Added Member To Class: ClassName=ControlBoard Member=Component Q29 2N3904
Added Member To Class: ClassName=ControlBoard Member=Component Q30 2N3904
Added Member To Class: ClassName=ControlBoard Member=Component Q31 2N3904
Added Member To Class: ClassName=ControlBoard Member=Component Q32 2N3904
Added Member To Class: ClassName=ControlBoard Member=Component R37 10k
Added Member To Class: ClassName=ControlBoard Member=Component R38 10k
Added Member To Class: ClassName=ControlBoard Member=Component R39 10k
Added Member To Class: ClassName=ControlBoard Member=Component R40 10k
Added Member To Class: ClassName=ControlBoard Member=Component R41 10k
Added Member To Class: ClassName=ControlBoard Member=Component R42 10k
Added Member To Class: ClassName=ControlBoard Member=Component R43 10k
Added Room: Name=ControlBoard
