Added Component: Designator=C1(CAP_Ceramic_5MM)
Added Component: Designator=C2(CAP_RAD_D06.3x11)
Added Component: Designator=C3(CAP_RAD_D10x12.5)
Added Component: Designator=C4(CAP-FILM-6X8MM)
Added Component: Designator=C5(CAP_RAD_D05x11)
Added Component: Designator=C6(CAP_Ceramic_2.5MM)
Added Component: Designator=D1(DIODE-KBP206)
Added Component: Designator=D2(DO-204AL-BK)
Added Component: Designator=D3(DO-204AL-BK)
Added Component: Designator=D4(DO-204AH-RD)
Added Component: Designator=J1(DG127-5.0-02P-14-00AH)
Added Component: Designator=J2(DG127-5.0-02P-14-00AH)
Added Component: Designator=Q1(TO-126)
Added Component: Designator=Q2(TO-92)
Added Component: Designator=R1(RES-0.5W-H)
Added Component: Designator=R2(RES-0.25W-H)
Added Component: Designator=R3(RES-0.25W-H)
Added Component: Designator=R4(RES-0.25W-H)
Added Component: Designator=R5(RES-0.5W-V)
Added Component: Designator=R6(RES-0.25W-H)
Added Component: Designator=R7(RES-0.25W-H)
Added Component: Designator=R8(RES-0.25W-H)
Added Component: Designator=R9(RES-0.25W-H)
Added Component: Designator=T1(TRANSFORMERS-EE16(5+5)-H)
Added Component: Designator=U1(PC817-DIP)
Added Component: Designator=U2(TO-92)
Added Pin To Net: NetName=NetC1_1 Pin=C1-1
Added Pin To Net: NetName=NetC1_1 Pin=D3-2
Added Pin To Net: NetName=NetC1_1 Pin=R1-1
Added Net: Name=NetC1_1
Added Pin To Net: NetName=NetC1_2 Pin=C1-2
Added Pin To Net: NetName=NetC1_2 Pin=C3-1
Added Pin To Net: NetName=NetC1_2 Pin=D1-1
Added Pin To Net: NetName=NetC1_2 Pin=R1-2
Added Pin To Net: NetName=NetC1_2 Pin=R2-2
Added Pin To Net: NetName=NetC1_2 Pin=T1-1
Added Net: Name=NetC1_2
Added Pin To Net: NetName=NetC2_1 Pin=C2-1
Added Pin To Net: NetName=NetC2_1 Pin=D2-2
Added Pin To Net: NetName=NetC2_1 Pin=J2-1
Added Pin To Net: NetName=NetC2_1 Pin=R6-1
Added Pin To Net: NetName=NetC2_1 Pin=R8-1
Added Net: Name=NetC2_1
Added Pin To Net: NetName=NetC2_2 Pin=C2-2
Added Pin To Net: NetName=NetC2_2 Pin=J2-2
Added Pin To Net: NetName=NetC2_2 Pin=R9-2
Added Pin To Net: NetName=NetC2_2 Pin=T1-6
Added Pin To Net: NetName=NetC2_2 Pin=U2-2
Added Net: Name=NetC2_2
Added Pin To Net: NetName=NetC3_2 Pin=C3-2
Added Pin To Net: NetName=NetC3_2 Pin=C5-2
Added Pin To Net: NetName=NetC3_2 Pin=D1-4
Added Pin To Net: NetName=NetC3_2 Pin=D4-1
Added Pin To Net: NetName=NetC3_2 Pin=Q2-3
Added Pin To Net: NetName=NetC3_2 Pin=R5-2
Added Net: Name=NetC3_2
Added Pin To Net: NetName=NetC4_1 Pin=C4-1
Added Pin To Net: NetName=NetC4_1 Pin=R3-1
Added Net: Name=NetC4_1
Added Pin To Net: NetName=NetC4_2 Pin=C4-2
Added Pin To Net: NetName=NetC4_2 Pin=D4-2
Added Pin To Net: NetName=NetC4_2 Pin=T1-4
Added Net: Name=NetC4_2
Added Pin To Net: NetName=NetC5_1 Pin=C5-1
Added Pin To Net: NetName=NetC5_1 Pin=T1-5
Added Pin To Net: NetName=NetC5_1 Pin=U1-4
Added Net: Name=NetC5_1
Added Pin To Net: NetName=NetC6_1 Pin=C6-1
Added Pin To Net: NetName=NetC6_1 Pin=U1-2
Added Pin To Net: NetName=NetC6_1 Pin=U2-3
Added Net: Name=NetC6_1
Added Pin To Net: NetName=NetC6_2 Pin=C6-2
Added Pin To Net: NetName=NetC6_2 Pin=R8-2
Added Pin To Net: NetName=NetC6_2 Pin=R9-1
Added Pin To Net: NetName=NetC6_2 Pin=U2-1
Added Net: Name=NetC6_2
Added Pin To Net: NetName=NetD1_2 Pin=D1-2
Added Pin To Net: NetName=NetD1_2 Pin=J1-2
Added Net: Name=NetD1_2
Added Pin To Net: NetName=NetD1_3 Pin=D1-3
Added Pin To Net: NetName=NetD1_3 Pin=J1-1
Added Net: Name=NetD1_3
Added Pin To Net: NetName=NetD2_1 Pin=D2-1
Added Pin To Net: NetName=NetD2_1 Pin=T1-10
Added Net: Name=NetD2_1
Added Pin To Net: NetName=NetD3_1 Pin=D3-1
Added Pin To Net: NetName=NetD3_1 Pin=Q1-2
Added Pin To Net: NetName=NetD3_1 Pin=T1-2
Added Net: Name=NetD3_1
Added Pin To Net: NetName=NetQ1_1 Pin=Q1-1
Added Pin To Net: NetName=NetQ1_1 Pin=Q2-1
Added Pin To Net: NetName=NetQ1_1 Pin=R2-1
Added Pin To Net: NetName=NetQ1_1 Pin=R3-2
Added Net: Name=NetQ1_1
Added Pin To Net: NetName=NetQ1_3 Pin=Q1-3
Added Pin To Net: NetName=NetQ1_3 Pin=R4-1
Added Pin To Net: NetName=NetQ1_3 Pin=R5-1
Added Net: Name=NetQ1_3
Added Pin To Net: NetName=NetQ2_2 Pin=Q2-2
Added Pin To Net: NetName=NetQ2_2 Pin=R4-2
Added Pin To Net: NetName=NetQ2_2 Pin=R7-2
Added Net: Name=NetQ2_2
Added Pin To Net: NetName=NetR6_2 Pin=R6-2
Added Pin To Net: NetName=NetR6_2 Pin=U1-1
Added Net: Name=NetR6_2
Added Pin To Net: NetName=NetR7_1 Pin=R7-1
Added Pin To Net: NetName=NetR7_1 Pin=U1-3
Added Net: Name=NetR7_1
Added Class: Name=FLYBACK_SWITCHING_POWER_SUPPLY_V1_3
Added Room: Name=FLYBACK_SWITCHING_POWER_SUPPLY_V1_3
