Removed Pin From Net: NetName=PB13 Pin=H3-14
Removed Pin From Net: NetName=PB14 Pin=H3-15
Removed Pin From Net: NetName=PB15 Pin=H3-16
Removed Pin From Net: NetName=PB13 Pin=SOCKET1-34
Removed Pin From Net: NetName=PB14 Pin=SOCKET1-35
Removed Pin From Net: NetName=PB15 Pin=SOCKET1-36
Added Pin To Net: NetName=PB15 Pin=H1-4
Added Pin To Net: NetName=PB14 Pin=H1-5
Added Pin To Net: NetName=PB13 Pin=H1-6
Added Pin To Net: NetName=PB15 Pin=SOCKET1-17
Added Pin To Net: NetName=PB14 Pin=SOCKET1-20
Added Pin To Net: NetName=PB13 Pin=SOCKET1-21
Change Net Name : Old Net Name=PB13 New Net Name=PA5
Change Net Name : Old Net Name=PB14 New Net Name=PA4
Change Net Name : Old Net Name=PB15 New Net Name=PA3
Added Pin To Net: NetName=PB13 Pin=H3-14
Added Pin To Net: NetName=PB13 Pin=SOCKET1-34
Added Net: Name=PB13
Added Pin To Net: NetName=PB14 Pin=H3-15
Added Pin To Net: NetName=PB14 Pin=SOCKET1-35
Added Net: Name=PB14
Added Pin To Net: NetName=PB15 Pin=H3-16
Added Pin To Net: NetName=PB15 Pin=SOCKET1-36
Added Net: Name=PB15
Added Room: Name=STM32_LQFP64_DEVELOPMENT_BOARD
