Change Component Designator: OldDesignator= NewDesignator=H3
Change Component Designator: OldDesignator= NewDesignator=H4
Change Component Designator: OldDesignator=LED1 NewDesignator=*1
Change Component Designator: OldDesignator=LED2 NewDesignator=*2
Change Component Designator: OldDesignator=LED3 NewDesignator=*3
Change Component Designator: OldDesignator=LED4 NewDesignator=*4
Change Component Designator: OldDesignator=LED5 NewDesignator=*5
Change Component Designator: OldDesignator=LED6 NewDesignator=*6
Change Component Designator: OldDesignator=LED7 NewDesignator=*8
Change Component Designator: OldDesignator=LED8 NewDesignator=*7
Added Component: Designator=H1(HOLE)
Add component. Clean all parameters for all variants
Added Component: Designator=H2(HOLE)
Add component. Clean all parameters for all variants
Added Member To Class: ClassName=LED_BUFFER_v1 Member=Component *4 LED MATRIX 8x8
Added Member To Class: ClassName=LED_BUFFER_v1 Member=Component H1 HOLE
Added Member To Class: ClassName=LED_BUFFER_v1 Member=Component H2 HOLE
Added Member To Class: ClassName=LED_BUFFER_v1 Member=Component H3 HOLE
Added Member To Class: ClassName=LED_BUFFER_v1 Member=Component H4 HOLE
Added Room: Name=LED_BUFFER_v1
