Change Component Designator: OldDesignator= NewDesignator=H1
Change Component Designator: OldDesignator= NewDesignator=H2
Change Component Designator: OldDesignator= NewDesignator=H3
Change Component Designator: OldDesignator= NewDesignator=H4
Change Component Designator: OldDesignator= NewDesignator=H5
Change Component Designator: OldDesignator= NewDesignator=H6
Change Component Designator: OldDesignator=LED1 NewDesignator=*1
Change Component Designator: OldDesignator=LED2 NewDesignator=*2
Change Component Designator: OldDesignator=LED3 NewDesignator=*3
Change Component Designator: OldDesignator=LED4 NewDesignator=*4
Change Component Designator: OldDesignator=LED5 NewDesignator=*5
Change Component Designator: OldDesignator=LED6 NewDesignator=*6
Change Component Designator: OldDesignator=LED7 NewDesignator=*8
Change Component Designator: OldDesignator=LED8 NewDesignator=*7
Added Member To Class: ClassName=LED_BUFFER_v1 Member=Component *1 LED MATRIX 8x8
Added Member To Class: ClassName=LED_BUFFER_v1 Member=Component *2 LED MATRIX 8x8
Added Member To Class: ClassName=LED_BUFFER_v1 Member=Component *3 LED MATRIX 8x8
Added Member To Class: ClassName=LED_BUFFER_v1 Member=Component *4 LED MATRIX 8x8
Added Member To Class: ClassName=LED_BUFFER_v1 Member=Component *5 LED MATRIX 8x8
Added Member To Class: ClassName=LED_BUFFER_v1 Member=Component *6 LED MATRIX 8x8
Added Member To Class: ClassName=LED_BUFFER_v1 Member=Component *7 LED MATRIX 8x8
Added Member To Class: ClassName=LED_BUFFER_v1 Member=Component *8 LED MATRIX 8x8
Added Member To Class: ClassName=LED_BUFFER_v1 Member=Component H1 HOLE
Added Member To Class: ClassName=LED_BUFFER_v1 Member=Component H2 HOLE
Added Member To Class: ClassName=LED_BUFFER_v1 Member=Component H3 HOLE
Added Member To Class: ClassName=LED_BUFFER_v1 Member=Component H4 HOLE
Added Member To Class: ClassName=LED_BUFFER_v1 Member=Component H5 HOLE
Added Member To Class: ClassName=LED_BUFFER_v1 Member=Component H6 HOLE
Added Room: Name=LED_BUFFER_v1
