Added Component: Designator=*1(Matrix8x8Single)
Add component. Clean all parameters for all variants
Added Component: Designator=*2(Matrix8x8Single)
Add component. Clean all parameters for all variants
Added Component: Designator=*3(Matrix8x8Single)
Add component. Clean all parameters for all variants
Added Component: Designator=*4(Matrix8x8Single)
Add component. Clean all parameters for all variants
Added Component: Designator=*5(Matrix8x8Single)
Add component. Clean all parameters for all variants
Added Component: Designator=*6(Matrix8x8Single)
Add component. Clean all parameters for all variants
Added Component: Designator=*7(Matrix8x8Single)
Add component. Clean all parameters for all variants
Added Component: Designator=*8(Matrix8x8Single)
Add component. Clean all parameters for all variants
Add component (AddParameter): Name = "LatestRevisionDate"; Value = "17-Jul-2002"; VariantName = "[No Variations]"
Add component (AddParameter): Name = "LatestRevisionNote"; Value = "Re-released for DXP Platform."; VariantName = "[No Variations]"
Add component (AddParameter): Name = "PackageReference"; Value = "RAD-0.3"; VariantName = "[No Variations]"
Add component (AddParameter): Name = "Published"; Value = "8-Jun-2000"; VariantName = "[No Variations]"
Add component (AddParameter): Name = "Publisher"; Value = "Altium Limited"; VariantName = "[No Variations]"
Added Component: Designator=C1(0805 CAP)
Add component. Clean all parameters for all variants
Add component (AddParameter): Name = "LatestRevisionDate"; Value = "17-Jul-2002"; VariantName = "[No Variations]"
Add component (AddParameter): Name = "LatestRevisionNote"; Value = "Re-released for DXP Platform."; VariantName = "[No Variations]"
Add component (AddParameter): Name = "PackageReference"; Value = "RAD-0.3"; VariantName = "[No Variations]"
Add component (AddParameter): Name = "Published"; Value = "8-Jun-2000"; VariantName = "[No Variations]"
Add component (AddParameter): Name = "Publisher"; Value = "Altium Limited"; VariantName = "[No Variations]"
Add component (AddParameter): Name = "LatestRevisionDate"; Value = "17-Jul-2002"; VariantName = "[No Variations]"
Add component (AddParameter): Name = "LatestRevisionNote"; Value = "Re-released for DXP Platform."; VariantName = "[No Variations]"
Add component (AddParameter): Name = "PackageReference"; Value = "RAD-0.3"; VariantName = "[No Variations]"
Add component (AddParameter): Name = "Published"; Value = "8-Jun-2000"; VariantName = "[No Variations]"
Add component (AddParameter): Name = "Publisher"; Value = "Altium Limited"; VariantName = "[No Variations]"
Added Component: Designator=C2(0805 CAP)
Add component. Clean all parameters for all variants
Add component (AddParameter): Name = "LatestRevisionDate"; Value = "17-Jul-2002"; VariantName = "[No Variations]"
Add component (AddParameter): Name = "LatestRevisionNote"; Value = "Re-released for DXP Platform."; VariantName = "[No Variations]"
Add component (AddParameter): Name = "PackageReference"; Value = "RAD-0.3"; VariantName = "[No Variations]"
Add component (AddParameter): Name = "Published"; Value = "8-Jun-2000"; VariantName = "[No Variations]"
Add component (AddParameter): Name = "Publisher"; Value = "Altium Limited"; VariantName = "[No Variations]"
Add component (AddParameter): Name = "LatestRevisionDate"; Value = "17-Jul-2002"; VariantName = "[No Variations]"
Add component (AddParameter): Name = "LatestRevisionNote"; Value = "Re-released for DXP Platform."; VariantName = "[No Variations]"
Add component (AddParameter): Name = "PackageReference"; Value = "RAD-0.3"; VariantName = "[No Variations]"
Add component (AddParameter): Name = "Published"; Value = "8-Jun-2000"; VariantName = "[No Variations]"
Add component (AddParameter): Name = "Publisher"; Value = "Altium Limited"; VariantName = "[No Variations]"
Added Component: Designator=C3(0805 CAP)
Add component. Clean all parameters for all variants
Add component (AddParameter): Name = "LatestRevisionDate"; Value = "17-Jul-2002"; VariantName = "[No Variations]"
Add component (AddParameter): Name = "LatestRevisionNote"; Value = "Re-released for DXP Platform."; VariantName = "[No Variations]"
Add component (AddParameter): Name = "PackageReference"; Value = "RAD-0.3"; VariantName = "[No Variations]"
Add component (AddParameter): Name = "Published"; Value = "8-Jun-2000"; VariantName = "[No Variations]"
Add component (AddParameter): Name = "Publisher"; Value = "Altium Limited"; VariantName = "[No Variations]"
Add component (AddParameter): Name = "LatestRevisionDate"; Value = "17-Jul-2002"; VariantName = "[No Variations]"
Add component (AddParameter): Name = "LatestRevisionNote"; Value = "Re-released for DXP Platform."; VariantName = "[No Variations]"
Add component (AddParameter): Name = "PackageReference"; Value = "RAD-0.3"; VariantName = "[No Variations]"
Add component (AddParameter): Name = "Published"; Value = "8-Jun-2000"; VariantName = "[No Variations]"
Add component (AddParameter): Name = "Publisher"; Value = "Altium Limited"; VariantName = "[No Variations]"
Added Component: Designator=C4(0805 CAP)
Add component. Clean all parameters for all variants
Add component (AddParameter): Name = "LatestRevisionDate"; Value = "17-Jul-2002"; VariantName = "[No Variations]"
Add component (AddParameter): Name = "LatestRevisionNote"; Value = "Re-released for DXP Platform."; VariantName = "[No Variations]"
Add component (AddParameter): Name = "PackageReference"; Value = "RAD-0.3"; VariantName = "[No Variations]"
Add component (AddParameter): Name = "Published"; Value = "8-Jun-2000"; VariantName = "[No Variations]"
Add component (AddParameter): Name = "Publisher"; Value = "Altium Limited"; VariantName = "[No Variations]"
Add component (AddParameter): Name = "LatestRevisionDate"; Value = "17-Jul-2002"; VariantName = "[No Variations]"
Add component (AddParameter): Name = "LatestRevisionNote"; Value = "Re-released for DXP Platform."; VariantName = "[No Variations]"
Add component (AddParameter): Name = "PackageReference"; Value = "RAD-0.3"; VariantName = "[No Variations]"
Add component (AddParameter): Name = "Published"; Value = "8-Jun-2000"; VariantName = "[No Variations]"
Add component (AddParameter): Name = "Publisher"; Value = "Altium Limited"; VariantName = "[No Variations]"
Added Component: Designator=C5(0805 CAP)
Add component. Clean all parameters for all variants
Add component (AddParameter): Name = "LatestRevisionDate"; Value = "17-Jul-2002"; VariantName = "[No Variations]"
Add component (AddParameter): Name = "LatestRevisionNote"; Value = "Re-released for DXP Platform."; VariantName = "[No Variations]"
Add component (AddParameter): Name = "PackageReference"; Value = "RAD-0.3"; VariantName = "[No Variations]"
Add component (AddParameter): Name = "Published"; Value = "8-Jun-2000"; VariantName = "[No Variations]"
Add component (AddParameter): Name = "Publisher"; Value = "Altium Limited"; VariantName = "[No Variations]"
Added Component: Designator=C6(CAP ALUMINUM SMD)
Add component. Clean all parameters for all variants
Add component (AddParameter): Name = "LatestRevisionDate"; Value = "17-Jul-2002"; VariantName = "[No Variations]"
Add component (AddParameter): Name = "LatestRevisionNote"; Value = "Re-released for DXP Platform."; VariantName = "[No Variations]"
Add component (AddParameter): Name = "PackageReference"; Value = "RAD-0.3"; VariantName = "[No Variations]"
Add component (AddParameter): Name = "Published"; Value = "8-Jun-2000"; VariantName = "[No Variations]"
Add component (AddParameter): Name = "Publisher"; Value = "Altium Limited"; VariantName = "[No Variations]"
Added Component: Designator=C7(0805 CAP)
Add component. Clean all parameters for all variants
Add component (AddParameter): Name = "LatestRevisionDate"; Value = "17-Jul-2002"; VariantName = "[No Variations]"
Add component (AddParameter): Name = "LatestRevisionNote"; Value = "Re-released for DXP Platform."; VariantName = "[No Variations]"
Add component (AddParameter): Name = "PackageReference"; Value = "RAD-0.3"; VariantName = "[No Variations]"
Add component (AddParameter): Name = "Published"; Value = "8-Jun-2000"; VariantName = "[No Variations]"
Add component (AddParameter): Name = "Publisher"; Value = "Altium Limited"; VariantName = "[No Variations]"
Added Component: Designator=C8(CAP ALUMINUM SMD)
Add component. Clean all parameters for all variants
Add component (AddParameter): Name = "LatestRevisionDate"; Value = "17-Jul-2002"; VariantName = "[No Variations]"
Add component (AddParameter): Name = "LatestRevisionNote"; Value = "Re-released for DXP Platform."; VariantName = "[No Variations]"
Add component (AddParameter): Name = "PackageReference"; Value = "RAD-0.3"; VariantName = "[No Variations]"
Add component (AddParameter): Name = "Published"; Value = "8-Jun-2000"; VariantName = "[No Variations]"
Add component (AddParameter): Name = "Publisher"; Value = "Altium Limited"; VariantName = "[No Variations]"
Added Component: Designator=C9(0805 CAP)
Add component. Clean all parameters for all variants
Add component (AddParameter): Name = "LatestRevisionDate"; Value = "17-Jul-2002"; VariantName = "[No Variations]"
Add component (AddParameter): Name = "LatestRevisionNote"; Value = "Re-released for DXP Platform."; VariantName = "[No Variations]"
Add component (AddParameter): Name = "PackageReference"; Value = "RAD-0.3"; VariantName = "[No Variations]"
Add component (AddParameter): Name = "Published"; Value = "8-Jun-2000"; VariantName = "[No Variations]"
Add component (AddParameter): Name = "Publisher"; Value = "Altium Limited"; VariantName = "[No Variations]"
Add component (AddParameter): Name = "LatestRevisionDate"; Value = "17-Jul-2002"; VariantName = "[No Variations]"
Add component (AddParameter): Name = "LatestRevisionNote"; Value = "Re-released for DXP Platform."; VariantName = "[No Variations]"
Add component (AddParameter): Name = "PackageReference"; Value = "RAD-0.3"; VariantName = "[No Variations]"
Add component (AddParameter): Name = "Published"; Value = "8-Jun-2000"; VariantName = "[No Variations]"
Add component (AddParameter): Name = "Publisher"; Value = "Altium Limited"; VariantName = "[No Variations]"
Added Component: Designator=C10(0805 CAP)
Add component. Clean all parameters for all variants
Add component (AddParameter): Name = "LatestRevisionDate"; Value = "17-Jul-2002"; VariantName = "[No Variations]"
Add component (AddParameter): Name = "LatestRevisionNote"; Value = "Re-released for DXP Platform."; VariantName = "[No Variations]"
Add component (AddParameter): Name = "PackageReference"; Value = "RAD-0.3"; VariantName = "[No Variations]"
Add component (AddParameter): Name = "Published"; Value = "8-Jun-2000"; VariantName = "[No Variations]"
Add component (AddParameter): Name = "Publisher"; Value = "Altium Limited"; VariantName = "[No Variations]"
Add component (AddParameter): Name = "LatestRevisionDate"; Value = "17-Jul-2002"; VariantName = "[No Variations]"
Add component (AddParameter): Name = "LatestRevisionNote"; Value = "Re-released for DXP Platform."; VariantName = "[No Variations]"
Add component (AddParameter): Name = "PackageReference"; Value = "RAD-0.3"; VariantName = "[No Variations]"
Add component (AddParameter): Name = "Published"; Value = "8-Jun-2000"; VariantName = "[No Variations]"
Add component (AddParameter): Name = "Publisher"; Value = "Altium Limited"; VariantName = "[No Variations]"
Added Component: Designator=C11(0805 CAP)
Add component. Clean all parameters for all variants
Add component (AddParameter): Name = "LatestRevisionDate"; Value = "17-Jul-2002"; VariantName = "[No Variations]"
Add component (AddParameter): Name = "LatestRevisionNote"; Value = "Re-released for DXP Platform."; VariantName = "[No Variations]"
Add component (AddParameter): Name = "PackageReference"; Value = "RAD-0.3"; VariantName = "[No Variations]"
Add component (AddParameter): Name = "Published"; Value = "8-Jun-2000"; VariantName = "[No Variations]"
Add component (AddParameter): Name = "Publisher"; Value = "Altium Limited"; VariantName = "[No Variations]"
Add component (AddParameter): Name = "LatestRevisionDate"; Value = "17-Jul-2002"; VariantName = "[No Variations]"
Add component (AddParameter): Name = "LatestRevisionNote"; Value = "Re-released for DXP Platform."; VariantName = "[No Variations]"
Add component (AddParameter): Name = "PackageReference"; Value = "RAD-0.3"; VariantName = "[No Variations]"
Add component (AddParameter): Name = "Published"; Value = "8-Jun-2000"; VariantName = "[No Variations]"
Add component (AddParameter): Name = "Publisher"; Value = "Altium Limited"; VariantName = "[No Variations]"
Added Component: Designator=C12(0805 CAP)
Add component. Clean all parameters for all variants
Add component (AddParameter): Name = "LatestRevisionDate"; Value = "17-Jul-2002"; VariantName = "[No Variations]"
Add component (AddParameter): Name = "LatestRevisionNote"; Value = "Re-released for DXP Platform."; VariantName = "[No Variations]"
Add component (AddParameter): Name = "PackageReference"; Value = "RAD-0.3"; VariantName = "[No Variations]"
Add component (AddParameter): Name = "Published"; Value = "8-Jun-2000"; VariantName = "[No Variations]"
Add component (AddParameter): Name = "Publisher"; Value = "Altium Limited"; VariantName = "[No Variations]"
Add component (AddParameter): Name = "LatestRevisionDate"; Value = "17-Jul-2002"; VariantName = "[No Variations]"
Add component (AddParameter): Name = "LatestRevisionNote"; Value = "Re-released for DXP Platform."; VariantName = "[No Variations]"
Add component (AddParameter): Name = "PackageReference"; Value = "RAD-0.3"; VariantName = "[No Variations]"
Add component (AddParameter): Name = "Published"; Value = "8-Jun-2000"; VariantName = "[No Variations]"
Add component (AddParameter): Name = "Publisher"; Value = "Altium Limited"; VariantName = "[No Variations]"
Added Component: Designator=C13(0805 CAP)
Add component. Clean all parameters for all variants
Add component (AddParameter): Name = "LatestRevisionDate"; Value = "17-Jul-2002"; VariantName = "[No Variations]"
Add component (AddParameter): Name = "LatestRevisionNote"; Value = "Re-released for DXP Platform."; VariantName = "[No Variations]"
Add component (AddParameter): Name = "PackageReference"; Value = "RAD-0.3"; VariantName = "[No Variations]"
Add component (AddParameter): Name = "Published"; Value = "8-Jun-2000"; VariantName = "[No Variations]"
Add component (AddParameter): Name = "Publisher"; Value = "Altium Limited"; VariantName = "[No Variations]"
Add component (AddParameter): Name = "LatestRevisionDate"; Value = "17-Jul-2002"; VariantName = "[No Variations]"
Add component (AddParameter): Name = "LatestRevisionNote"; Value = "Re-released for DXP Platform."; VariantName = "[No Variations]"
Add component (AddParameter): Name = "PackageReference"; Value = "RAD-0.3"; VariantName = "[No Variations]"
Add component (AddParameter): Name = "Published"; Value = "8-Jun-2000"; VariantName = "[No Variations]"
Add component (AddParameter): Name = "Publisher"; Value = "Altium Limited"; VariantName = "[No Variations]"
Added Component: Designator=C14(0805 CAP)
Add component. Clean all parameters for all variants
Add component (AddParameter): Name = "LatestRevisionDate"; Value = "17-Jul-2002"; VariantName = "[No Variations]"
Add component (AddParameter): Name = "LatestRevisionNote"; Value = "Re-released for DXP Platform."; VariantName = "[No Variations]"
Add component (AddParameter): Name = "PackageReference"; Value = "RAD-0.3"; VariantName = "[No Variations]"
Add component (AddParameter): Name = "Published"; Value = "8-Jun-2000"; VariantName = "[No Variations]"
Add component (AddParameter): Name = "Publisher"; Value = "Altium Limited"; VariantName = "[No Variations]"
Add component (AddParameter): Name = "LatestRevisionDate"; Value = "17-Jul-2002"; VariantName = "[No Variations]"
Add component (AddParameter): Name = "LatestRevisionNote"; Value = "Re-released for DXP Platform."; VariantName = "[No Variations]"
Add component (AddParameter): Name = "PackageReference"; Value = "RAD-0.3"; VariantName = "[No Variations]"
Add component (AddParameter): Name = "Published"; Value = "8-Jun-2000"; VariantName = "[No Variations]"
Add component (AddParameter): Name = "Publisher"; Value = "Altium Limited"; VariantName = "[No Variations]"
Added Component: Designator=C15(0805 CAP)
Add component. Clean all parameters for all variants
Add component (AddParameter): Name = "LatestRevisionDate"; Value = "17-Jul-2002"; VariantName = "[No Variations]"
Add component (AddParameter): Name = "LatestRevisionNote"; Value = "Re-released for DXP Platform."; VariantName = "[No Variations]"
Add component (AddParameter): Name = "PackageReference"; Value = "RAD-0.3"; VariantName = "[No Variations]"
Add component (AddParameter): Name = "Published"; Value = "8-Jun-2000"; VariantName = "[No Variations]"
Add component (AddParameter): Name = "Publisher"; Value = "Altium Limited"; VariantName = "[No Variations]"
Add component (AddParameter): Name = "LatestRevisionDate"; Value = "17-Jul-2002"; VariantName = "[No Variations]"
Add component (AddParameter): Name = "LatestRevisionNote"; Value = "Re-released for DXP Platform."; VariantName = "[No Variations]"
Add component (AddParameter): Name = "PackageReference"; Value = "RAD-0.3"; VariantName = "[No Variations]"
Add component (AddParameter): Name = "Published"; Value = "8-Jun-2000"; VariantName = "[No Variations]"
Add component (AddParameter): Name = "Publisher"; Value = "Altium Limited"; VariantName = "[No Variations]"
Added Component: Designator=C16(0805 CAP)
Add component. Clean all parameters for all variants
Add component (AddParameter): Name = "LatestRevisionDate"; Value = "17-Jul-2002"; VariantName = "[No Variations]"
Add component (AddParameter): Name = "LatestRevisionNote"; Value = "Re-released for DXP Platform."; VariantName = "[No Variations]"
Add component (AddParameter): Name = "PackageReference"; Value = "RAD-0.3"; VariantName = "[No Variations]"
Add component (AddParameter): Name = "Published"; Value = "8-Jun-2000"; VariantName = "[No Variations]"
Add component (AddParameter): Name = "Publisher"; Value = "Altium Limited"; VariantName = "[No Variations]"
Add component (AddParameter): Name = "LatestRevisionDate"; Value = "17-Jul-2002"; VariantName = "[No Variations]"
Add component (AddParameter): Name = "LatestRevisionNote"; Value = "Re-released for DXP Platform."; VariantName = "[No Variations]"
Add component (AddParameter): Name = "PackageReference"; Value = "RAD-0.3"; VariantName = "[No Variations]"
Add component (AddParameter): Name = "Published"; Value = "8-Jun-2000"; VariantName = "[No Variations]"
Add component (AddParameter): Name = "Publisher"; Value = "Altium Limited"; VariantName = "[No Variations]"
Added Component: Designator=C17(0805 CAP)
Add component. Clean all parameters for all variants
Add component (AddParameter): Name = "LatestRevisionDate"; Value = "17-Jul-2002"; VariantName = "[No Variations]"
Add component (AddParameter): Name = "LatestRevisionNote"; Value = "Re-released for DXP Platform."; VariantName = "[No Variations]"
Add component (AddParameter): Name = "PackageReference"; Value = "RAD-0.3"; VariantName = "[No Variations]"
Add component (AddParameter): Name = "Published"; Value = "8-Jun-2000"; VariantName = "[No Variations]"
Add component (AddParameter): Name = "Publisher"; Value = "Altium Limited"; VariantName = "[No Variations]"
Add component (AddParameter): Name = "LatestRevisionDate"; Value = "17-Jul-2002"; VariantName = "[No Variations]"
Add component (AddParameter): Name = "LatestRevisionNote"; Value = "Re-released for DXP Platform."; VariantName = "[No Variations]"
Add component (AddParameter): Name = "PackageReference"; Value = "RAD-0.3"; VariantName = "[No Variations]"
Add component (AddParameter): Name = "Published"; Value = "8-Jun-2000"; VariantName = "[No Variations]"
Add component (AddParameter): Name = "Publisher"; Value = "Altium Limited"; VariantName = "[No Variations]"
Added Component: Designator=C18(0805 CAP)
Add component. Clean all parameters for all variants
Add component (AddParameter): Name = "LatestRevisionDate"; Value = "17-Jul-2002"; VariantName = "[No Variations]"
Add component (AddParameter): Name = "LatestRevisionNote"; Value = "Re-released for DXP Platform."; VariantName = "[No Variations]"
Add component (AddParameter): Name = "PackageReference"; Value = "RAD-0.3"; VariantName = "[No Variations]"
Add component (AddParameter): Name = "Published"; Value = "8-Jun-2000"; VariantName = "[No Variations]"
Add component (AddParameter): Name = "Publisher"; Value = "Altium Limited"; VariantName = "[No Variations]"
Add component (AddParameter): Name = "LatestRevisionDate"; Value = "17-Jul-2002"; VariantName = "[No Variations]"
Add component (AddParameter): Name = "LatestRevisionNote"; Value = "Re-released for DXP Platform."; VariantName = "[No Variations]"
Add component (AddParameter): Name = "PackageReference"; Value = "RAD-0.3"; VariantName = "[No Variations]"
Add component (AddParameter): Name = "Published"; Value = "8-Jun-2000"; VariantName = "[No Variations]"
Add component (AddParameter): Name = "Publisher"; Value = "Altium Limited"; VariantName = "[No Variations]"
Added Component: Designator=C19(0805 CAP)
Add component. Clean all parameters for all variants
Add component (AddParameter): Name = "LatestRevisionDate"; Value = "17-Jul-2002"; VariantName = "[No Variations]"
Add component (AddParameter): Name = "LatestRevisionNote"; Value = "Re-released for DXP Platform."; VariantName = "[No Variations]"
Add component (AddParameter): Name = "PackageReference"; Value = "RAD-0.3"; VariantName = "[No Variations]"
Add component (AddParameter): Name = "Published"; Value = "8-Jun-2000"; VariantName = "[No Variations]"
Add component (AddParameter): Name = "Publisher"; Value = "Altium Limited"; VariantName = "[No Variations]"
Add component (AddParameter): Name = "LatestRevisionDate"; Value = "17-Jul-2002"; VariantName = "[No Variations]"
Add component (AddParameter): Name = "LatestRevisionNote"; Value = "Re-released for DXP Platform."; VariantName = "[No Variations]"
Add component (AddParameter): Name = "PackageReference"; Value = "RAD-0.3"; VariantName = "[No Variations]"
Add component (AddParameter): Name = "Published"; Value = "8-Jun-2000"; VariantName = "[No Variations]"
Add component (AddParameter): Name = "Publisher"; Value = "Altium Limited"; VariantName = "[No Variations]"
Added Component: Designator=C20(0805 CAP)
Add component. Clean all parameters for all variants
Add component (AddParameter): Name = "LatestRevisionDate"; Value = "17-Jul-2002"; VariantName = "[No Variations]"
Add component (AddParameter): Name = "LatestRevisionNote"; Value = "Re-released for DXP Platform."; VariantName = "[No Variations]"
Add component (AddParameter): Name = "PackageReference"; Value = "RAD-0.3"; VariantName = "[No Variations]"
Add component (AddParameter): Name = "Published"; Value = "8-Jun-2000"; VariantName = "[No Variations]"
Add component (AddParameter): Name = "Publisher"; Value = "Altium Limited"; VariantName = "[No Variations]"
Add component (AddParameter): Name = "LatestRevisionDate"; Value = "17-Jul-2002"; VariantName = "[No Variations]"
Add component (AddParameter): Name = "LatestRevisionNote"; Value = "Re-released for DXP Platform."; VariantName = "[No Variations]"
Add component (AddParameter): Name = "PackageReference"; Value = "RAD-0.3"; VariantName = "[No Variations]"
Add component (AddParameter): Name = "Published"; Value = "8-Jun-2000"; VariantName = "[No Variations]"
Add component (AddParameter): Name = "Publisher"; Value = "Altium Limited"; VariantName = "[No Variations]"
Added Component: Designator=C21(0805 CAP)
Add component. Clean all parameters for all variants
Add component (AddParameter): Name = "LatestRevisionDate"; Value = "17-Jul-2002"; VariantName = "[No Variations]"
Add component (AddParameter): Name = "LatestRevisionNote"; Value = "Re-released for DXP Platform."; VariantName = "[No Variations]"
Add component (AddParameter): Name = "PackageReference"; Value = "RAD-0.3"; VariantName = "[No Variations]"
Add component (AddParameter): Name = "Published"; Value = "8-Jun-2000"; VariantName = "[No Variations]"
Add component (AddParameter): Name = "Publisher"; Value = "Altium Limited"; VariantName = "[No Variations]"
Add component (AddParameter): Name = "LatestRevisionDate"; Value = "17-Jul-2002"; VariantName = "[No Variations]"
Add component (AddParameter): Name = "LatestRevisionNote"; Value = "Re-released for DXP Platform."; VariantName = "[No Variations]"
Add component (AddParameter): Name = "PackageReference"; Value = "RAD-0.3"; VariantName = "[No Variations]"
Add component (AddParameter): Name = "Published"; Value = "8-Jun-2000"; VariantName = "[No Variations]"
Add component (AddParameter): Name = "Publisher"; Value = "Altium Limited"; VariantName = "[No Variations]"
Added Component: Designator=C22(0805 CAP)
Add component. Clean all parameters for all variants
Add component (AddParameter): Name = "LatestRevisionDate"; Value = "17-Jul-2002"; VariantName = "[No Variations]"
Add component (AddParameter): Name = "LatestRevisionNote"; Value = "Re-released for DXP Platform."; VariantName = "[No Variations]"
Add component (AddParameter): Name = "PackageReference"; Value = "RAD-0.3"; VariantName = "[No Variations]"
Add component (AddParameter): Name = "Published"; Value = "8-Jun-2000"; VariantName = "[No Variations]"
Add component (AddParameter): Name = "Publisher"; Value = "Altium Limited"; VariantName = "[No Variations]"
Add component (AddParameter): Name = "LatestRevisionDate"; Value = "17-Jul-2002"; VariantName = "[No Variations]"
Add component (AddParameter): Name = "LatestRevisionNote"; Value = "Re-released for DXP Platform."; VariantName = "[No Variations]"
Add component (AddParameter): Name = "PackageReference"; Value = "RAD-0.3"; VariantName = "[No Variations]"
Add component (AddParameter): Name = "Published"; Value = "8-Jun-2000"; VariantName = "[No Variations]"
Add component (AddParameter): Name = "Publisher"; Value = "Altium Limited"; VariantName = "[No Variations]"
Added Component: Designator=C23(0805 CAP)
Add component. Clean all parameters for all variants
Add component (AddParameter): Name = "LatestRevisionDate"; Value = "17-Jul-2002"; VariantName = "[No Variations]"
Add component (AddParameter): Name = "LatestRevisionNote"; Value = "Re-released for DXP Platform."; VariantName = "[No Variations]"
Add component (AddParameter): Name = "PackageReference"; Value = "RAD-0.3"; VariantName = "[No Variations]"
Add component (AddParameter): Name = "Published"; Value = "8-Jun-2000"; VariantName = "[No Variations]"
Add component (AddParameter): Name = "Publisher"; Value = "Altium Limited"; VariantName = "[No Variations]"
Add component (AddParameter): Name = "LatestRevisionDate"; Value = "17-Jul-2002"; VariantName = "[No Variations]"
Add component (AddParameter): Name = "LatestRevisionNote"; Value = "Re-released for DXP Platform."; VariantName = "[No Variations]"
Add component (AddParameter): Name = "PackageReference"; Value = "RAD-0.3"; VariantName = "[No Variations]"
Add component (AddParameter): Name = "Published"; Value = "8-Jun-2000"; VariantName = "[No Variations]"
Add component (AddParameter): Name = "Publisher"; Value = "Altium Limited"; VariantName = "[No Variations]"
Added Component: Designator=C24(0805 CAP)
Add component. Clean all parameters for all variants
Add component (AddParameter): Name = "LatestRevisionDate"; Value = "17-Jul-2002"; VariantName = "[No Variations]"
Add component (AddParameter): Name = "LatestRevisionNote"; Value = "Re-released for DXP Platform."; VariantName = "[No Variations]"
Add component (AddParameter): Name = "PackageReference"; Value = "RAD-0.3"; VariantName = "[No Variations]"
Add component (AddParameter): Name = "Published"; Value = "8-Jun-2000"; VariantName = "[No Variations]"
Add component (AddParameter): Name = "Publisher"; Value = "Altium Limited"; VariantName = "[No Variations]"
Add component (AddParameter): Name = "LatestRevisionDate"; Value = "17-Jul-2002"; VariantName = "[No Variations]"
Add component (AddParameter): Name = "LatestRevisionNote"; Value = "Re-released for DXP Platform."; VariantName = "[No Variations]"
Add component (AddParameter): Name = "PackageReference"; Value = "RAD-0.3"; VariantName = "[No Variations]"
Add component (AddParameter): Name = "Published"; Value = "8-Jun-2000"; VariantName = "[No Variations]"
Add component (AddParameter): Name = "Publisher"; Value = "Altium Limited"; VariantName = "[No Variations]"
Added Component: Designator=C25(0805 CAP)
Add component. Clean all parameters for all variants
Add component (AddParameter): Name = "LatestRevisionDate"; Value = "17-Jul-2002"; VariantName = "[No Variations]"
Add component (AddParameter): Name = "LatestRevisionNote"; Value = "Re-released for DXP Platform."; VariantName = "[No Variations]"
Add component (AddParameter): Name = "PackageReference"; Value = "RAD-0.3"; VariantName = "[No Variations]"
Add component (AddParameter): Name = "Published"; Value = "8-Jun-2000"; VariantName = "[No Variations]"
Add component (AddParameter): Name = "Publisher"; Value = "Altium Limited"; VariantName = "[No Variations]"
Added Component: Designator=D1(DIODE SMA)
Add component. Clean all parameters for all variants
Added Component: Designator=D2(DIODE ZENER SMD)
Add component. Clean all parameters for all variants
Added Component: Designator=D3(LED SMD 0805)
Add component. Clean all parameters for all variants
Added Component: Designator=D4(LED SMD 0805)
Add component. Clean all parameters for all variants
Added Component: Designator=D5(LED SMD 0805)
Add component. Clean all parameters for all variants
Added Component: Designator=L1(CDRH127 - 3A)
Add component. Clean all parameters for all variants
Add component (AddParameter): Name = "LatestRevisionDate"; Value = "17-Jul-2002"; VariantName = "[No Variations]"
Add component (AddParameter): Name = "LatestRevisionNote"; Value = "Re-released for DXP Platform."; VariantName = "[No Variations]"
Add component (AddParameter): Name = "Publisher"; Value = "Altium Limited"; VariantName = "[No Variations]"
Added Component: Designator=P1(HDR1X2 2mm)
Add component. Clean all parameters for all variants
Add component (AddParameter): Name = "LatestRevisionDate"; Value = "17-Jul-2002"; VariantName = "[No Variations]"
Add component (AddParameter): Name = "LatestRevisionNote"; Value = "Re-released for DXP Platform."; VariantName = "[No Variations]"
Add component (AddParameter): Name = "Publisher"; Value = "Altium Limited"; VariantName = "[No Variations]"
Add component (AddParameter): Name = "LatestRevisionDate"; Value = "17-Jul-2002"; VariantName = "[No Variations]"
Add component (AddParameter): Name = "LatestRevisionNote"; Value = "Re-released for DXP Platform."; VariantName = "[No Variations]"
Add component (AddParameter): Name = "Publisher"; Value = "Altium Limited"; VariantName = "[No Variations]"
Added Component: Designator=P2(HDR1X3 2mm)
Add component. Clean all parameters for all variants
Add component (AddParameter): Name = "LatestRevisionDate"; Value = "17-Jul-2002"; VariantName = "[No Variations]"
Add component (AddParameter): Name = "LatestRevisionNote"; Value = "Re-released for DXP Platform."; VariantName = "[No Variations]"
Add component (AddParameter): Name = "Publisher"; Value = "Altium Limited"; VariantName = "[No Variations]"
Add component (AddParameter): Name = "Value"; Value = "R1/4W - 1K"; VariantName = "[No Variations]"
Added Component: Designator=R1(0805 RESISTOR)
Add component. Clean all parameters for all variants
Add component (AddParameter): Name = "Value"; Value = "R1/4W - 1K"; VariantName = "[No Variations]"
Add component (AddParameter): Name = "Value"; Value = "R1/4W - 1K"; VariantName = "[No Variations]"
Added Component: Designator=R2(0805 RESISTOR)
Add component. Clean all parameters for all variants
Add component (AddParameter): Name = "Value"; Value = "R1/4W - 1K"; VariantName = "[No Variations]"
Add component (AddParameter): Name = "Value"; Value = "R1/4W - 1K"; VariantName = "[No Variations]"
Added Component: Designator=R3(0805 RESISTOR)
Add component. Clean all parameters for all variants
Add component (AddParameter): Name = "Value"; Value = "R1/4W - 1K"; VariantName = "[No Variations]"
Add component (AddParameter): Name = "Value"; Value = "R1/4W - 1K"; VariantName = "[No Variations]"
Added Component: Designator=R4(0805 RESISTOR)
Add component. Clean all parameters for all variants
Add component (AddParameter): Name = "Value"; Value = "R1/4W - 1K"; VariantName = "[No Variations]"
Add component (AddParameter): Name = "Value"; Value = "R1/4W - 1K"; VariantName = "[No Variations]"
Added Component: Designator=R5(0805 RESISTOR)
Add component. Clean all parameters for all variants
Add component (AddParameter): Name = "Value"; Value = "R1/4W - 1K"; VariantName = "[No Variations]"
Add component (AddParameter): Name = "Value"; Value = "R1/4W - 1K"; VariantName = "[No Variations]"
Added Component: Designator=R6(0805 RESISTOR)
Add component. Clean all parameters for all variants
Add component (AddParameter): Name = "Value"; Value = "R1/4W - 1K"; VariantName = "[No Variations]"
Add component (AddParameter): Name = "Value"; Value = "R1/4W - 1K"; VariantName = "[No Variations]"
Added Component: Designator=R7(0805 RESISTOR)
Add component. Clean all parameters for all variants
Add component (AddParameter): Name = "Value"; Value = "R1/4W - 1K"; VariantName = "[No Variations]"
Add component (AddParameter): Name = "Value"; Value = "R1/4W - 1K"; VariantName = "[No Variations]"
Added Component: Designator=R8(0805 RESISTOR)
Add component. Clean all parameters for all variants
Add component (AddParameter): Name = "Value"; Value = "R1/4W - 1K"; VariantName = "[No Variations]"
Add component (AddParameter): Name = "Value"; Value = "R1/4W - 1K"; VariantName = "[No Variations]"
Added Component: Designator=R9(0805 RESISTOR)
Add component. Clean all parameters for all variants
Add component (AddParameter): Name = "Value"; Value = "R1/4W - 1K"; VariantName = "[No Variations]"
Add component (AddParameter): Name = "Value"; Value = "R1/4W - 1K"; VariantName = "[No Variations]"
Added Component: Designator=R10(0805 RESISTOR)
Add component. Clean all parameters for all variants
Add component (AddParameter): Name = "Value"; Value = "R1/4W - 1K"; VariantName = "[No Variations]"
Add component (AddParameter): Name = "Value"; Value = "R1/4W - 1K"; VariantName = "[No Variations]"
Added Component: Designator=R11(0805 RESISTOR)
Add component. Clean all parameters for all variants
Add component (AddParameter): Name = "Value"; Value = "R1/4W - 1K"; VariantName = "[No Variations]"
Added Component: Designator=U1(Arduino STM32F103)
Add component. Clean all parameters for all variants
Added Component: Designator=U2(SOIC 16PIN)
Add component. Clean all parameters for all variants
Added Component: Designator=U3(TO263-5)
Add component. Clean all parameters for all variants
Added Component: Designator=U4(SOIC127P1030X265-24N)
Add component. Clean all parameters for all variants
Added Component: Designator=U5(SOIC127P1030X265-24N)
Add component. Clean all parameters for all variants
Added Component: Designator=U6(SOIC127P1030X265-24N)
Add component. Clean all parameters for all variants
Added Component: Designator=U7(SOIC127P1030X265-24N)
Add component. Clean all parameters for all variants
Added Component: Designator=U8(SOIC127P1030X265-24N)
Add component. Clean all parameters for all variants
Added Component: Designator=U9(SOIC127P1030X265-24N)
Add component. Clean all parameters for all variants
Added Component: Designator=U10(SOIC127P1030X265-24N)
Add component. Clean all parameters for all variants
Added Component: Designator=U11(SOIC127P1030X265-24N)
Add component. Clean all parameters for all variants
Added Pin To Net: NetName=1_COL1 Pin=*1-13
Added Pin To Net: NetName=1_COL1 Pin=U4-22
Added Net: Name=1_COL1
Added Pin To Net: NetName=1_COL2 Pin=*1-3
Added Pin To Net: NetName=1_COL2 Pin=U4-14
Added Net: Name=1_COL2
Added Pin To Net: NetName=1_COL3 Pin=*1-4
Added Pin To Net: NetName=1_COL3 Pin=U4-16
Added Net: Name=1_COL3
Added Pin To Net: NetName=1_COL4 Pin=*1-10
Added Pin To Net: NetName=1_COL4 Pin=U4-20
Added Net: Name=1_COL4
Added Pin To Net: NetName=1_COL5 Pin=*1-6
Added Pin To Net: NetName=1_COL5 Pin=U4-23
Added Net: Name=1_COL5
Added Pin To Net: NetName=1_COL6 Pin=*1-11
Added Pin To Net: NetName=1_COL6 Pin=U4-21
Added Net: Name=1_COL6
Added Pin To Net: NetName=1_COL7 Pin=*1-15
Added Pin To Net: NetName=1_COL7 Pin=U4-15
Added Net: Name=1_COL7
Added Pin To Net: NetName=1_COL8 Pin=*1-16
Added Pin To Net: NetName=1_COL8 Pin=U4-17
Added Net: Name=1_COL8
Added Pin To Net: NetName=1_ISET Pin=C10-2
Added Pin To Net: NetName=1_ISET Pin=R4-2
Added Pin To Net: NetName=1_ISET Pin=U4-18
Added Net: Name=1_ISET
Added Pin To Net: NetName=1_ROW1 Pin=*1-9
Added Pin To Net: NetName=1_ROW1 Pin=U4-2
Added Net: Name=1_ROW1
Added Pin To Net: NetName=1_ROW2 Pin=*1-14
Added Pin To Net: NetName=1_ROW2 Pin=U4-11
Added Net: Name=1_ROW2
Added Pin To Net: NetName=1_ROW3 Pin=*1-8
Added Pin To Net: NetName=1_ROW3 Pin=U4-6
Added Net: Name=1_ROW3
Added Pin To Net: NetName=1_ROW4 Pin=*1-12
Added Pin To Net: NetName=1_ROW4 Pin=U4-7
Added Net: Name=1_ROW4
Added Pin To Net: NetName=1_ROW5 Pin=*1-1
Added Pin To Net: NetName=1_ROW5 Pin=U4-3
Added Net: Name=1_ROW5
Added Pin To Net: NetName=1_ROW6 Pin=*1-7
Added Pin To Net: NetName=1_ROW6 Pin=U4-10
Added Net: Name=1_ROW6
Added Pin To Net: NetName=1_ROW7 Pin=*1-2
Added Pin To Net: NetName=1_ROW7 Pin=U4-5
Added Net: Name=1_ROW7
Added Pin To Net: NetName=1_ROW8 Pin=*1-5
Added Pin To Net: NetName=1_ROW8 Pin=U4-8
Added Net: Name=1_ROW8
Added Pin To Net: NetName=1_V+ Pin=C1-2
Added Pin To Net: NetName=1_V+ Pin=C3-1
Added Pin To Net: NetName=1_V+ Pin=C6-1
Added Pin To Net: NetName=1_V+ Pin=C7-1
Added Pin To Net: NetName=1_V+ Pin=C13-1
Added Pin To Net: NetName=1_V+ Pin=C14-1
Added Pin To Net: NetName=1_V+ Pin=C15-1
Added Pin To Net: NetName=1_V+ Pin=C19-1
Added Pin To Net: NetName=1_V+ Pin=C20-1
Added Pin To Net: NetName=1_V+ Pin=C21-1
Added Pin To Net: NetName=1_V+ Pin=C24-1
Added Pin To Net: NetName=1_V+ Pin=C25-1
Added Pin To Net: NetName=1_V+ Pin=L1-2
Added Pin To Net: NetName=1_V+ Pin=R1-2
Added Pin To Net: NetName=1_V+ Pin=R2-2
Added Pin To Net: NetName=1_V+ Pin=R3-2
Added Pin To Net: NetName=1_V+ Pin=R4-1
Added Pin To Net: NetName=1_V+ Pin=R5-1
Added Pin To Net: NetName=1_V+ Pin=R6-1
Added Pin To Net: NetName=1_V+ Pin=R7-1
Added Pin To Net: NetName=1_V+ Pin=R8-1
Added Pin To Net: NetName=1_V+ Pin=R9-1
Added Pin To Net: NetName=1_V+ Pin=R10-1
Added Pin To Net: NetName=1_V+ Pin=R11-1
Added Pin To Net: NetName=1_V+ Pin=U1-23
Added Pin To Net: NetName=1_V+ Pin=U2-16
Added Pin To Net: NetName=1_V+ Pin=U3-4
Added Pin To Net: NetName=1_V+ Pin=U4-19
Added Pin To Net: NetName=1_V+ Pin=U5-19
Added Pin To Net: NetName=1_V+ Pin=U6-19
Added Pin To Net: NetName=1_V+ Pin=U7-19
Added Pin To Net: NetName=1_V+ Pin=U8-19
Added Pin To Net: NetName=1_V+ Pin=U9-19
Added Pin To Net: NetName=1_V+ Pin=U10-19
Added Pin To Net: NetName=1_V+ Pin=U11-19
Added Net: Name=1_V+
Added Pin To Net: NetName=2_COL1 Pin=*2-13
Added Pin To Net: NetName=2_COL1 Pin=U5-22
Added Net: Name=2_COL1
Added Pin To Net: NetName=2_COL2 Pin=*2-3
Added Pin To Net: NetName=2_COL2 Pin=U5-14
Added Net: Name=2_COL2
Added Pin To Net: NetName=2_COL3 Pin=*2-4
Added Pin To Net: NetName=2_COL3 Pin=U5-16
Added Net: Name=2_COL3
Added Pin To Net: NetName=2_COL4 Pin=*2-10
Added Pin To Net: NetName=2_COL4 Pin=U5-20
Added Net: Name=2_COL4
Added Pin To Net: NetName=2_COL5 Pin=*2-6
Added Pin To Net: NetName=2_COL5 Pin=U5-23
Added Net: Name=2_COL5
Added Pin To Net: NetName=2_COL6 Pin=*2-11
Added Pin To Net: NetName=2_COL6 Pin=U5-21
Added Net: Name=2_COL6
Added Pin To Net: NetName=2_COL7 Pin=*2-15
Added Pin To Net: NetName=2_COL7 Pin=U5-15
Added Net: Name=2_COL7
Added Pin To Net: NetName=2_COL8 Pin=*2-16
Added Pin To Net: NetName=2_COL8 Pin=U5-17
Added Net: Name=2_COL8
Added Pin To Net: NetName=2_ISET Pin=C12-2
Added Pin To Net: NetName=2_ISET Pin=R6-2
Added Pin To Net: NetName=2_ISET Pin=U5-18
Added Net: Name=2_ISET
Added Pin To Net: NetName=2_ROW1 Pin=*2-9
Added Pin To Net: NetName=2_ROW1 Pin=U5-2
Added Net: Name=2_ROW1
Added Pin To Net: NetName=2_ROW2 Pin=*2-14
Added Pin To Net: NetName=2_ROW2 Pin=U5-11
Added Net: Name=2_ROW2
Added Pin To Net: NetName=2_ROW3 Pin=*2-8
Added Pin To Net: NetName=2_ROW3 Pin=U5-6
Added Net: Name=2_ROW3
Added Pin To Net: NetName=2_ROW4 Pin=*2-12
Added Pin To Net: NetName=2_ROW4 Pin=U5-7
Added Net: Name=2_ROW4
Added Pin To Net: NetName=2_ROW5 Pin=*2-1
Added Pin To Net: NetName=2_ROW5 Pin=U5-3
Added Net: Name=2_ROW5
Added Pin To Net: NetName=2_ROW6 Pin=*2-7
Added Pin To Net: NetName=2_ROW6 Pin=U5-10
Added Net: Name=2_ROW6
Added Pin To Net: NetName=2_ROW7 Pin=*2-2
Added Pin To Net: NetName=2_ROW7 Pin=U5-5
Added Net: Name=2_ROW7
Added Pin To Net: NetName=2_ROW8 Pin=*2-5
Added Pin To Net: NetName=2_ROW8 Pin=U5-8
Added Net: Name=2_ROW8
Added Pin To Net: NetName=3_COL1 Pin=*3-13
Added Pin To Net: NetName=3_COL1 Pin=U6-22
Added Net: Name=3_COL1
Added Pin To Net: NetName=3_COL2 Pin=*3-3
Added Pin To Net: NetName=3_COL2 Pin=U6-14
Added Net: Name=3_COL2
Added Pin To Net: NetName=3_COL3 Pin=*3-4
Added Pin To Net: NetName=3_COL3 Pin=U6-16
Added Net: Name=3_COL3
Added Pin To Net: NetName=3_COL4 Pin=*3-10
Added Pin To Net: NetName=3_COL4 Pin=U6-20
Added Net: Name=3_COL4
Added Pin To Net: NetName=3_COL5 Pin=*3-6
Added Pin To Net: NetName=3_COL5 Pin=U6-23
Added Net: Name=3_COL5
Added Pin To Net: NetName=3_COL6 Pin=*3-11
Added Pin To Net: NetName=3_COL6 Pin=U6-21
Added Net: Name=3_COL6
Added Pin To Net: NetName=3_COL7 Pin=*3-15
Added Pin To Net: NetName=3_COL7 Pin=U6-15
Added Net: Name=3_COL7
Added Pin To Net: NetName=3_COL8 Pin=*3-16
Added Pin To Net: NetName=3_COL8 Pin=U6-17
Added Net: Name=3_COL8
Added Pin To Net: NetName=3_DOUT Pin=U6-24
Added Pin To Net: NetName=3_DOUT Pin=U7-1
Added Net: Name=3_DOUT
Added Pin To Net: NetName=3_ISET Pin=C11-2
Added Pin To Net: NetName=3_ISET Pin=R5-2
Added Pin To Net: NetName=3_ISET Pin=U6-18
Added Net: Name=3_ISET
Added Pin To Net: NetName=3_ROW1 Pin=*3-9
Added Pin To Net: NetName=3_ROW1 Pin=U6-2
Added Net: Name=3_ROW1
Added Pin To Net: NetName=3_ROW2 Pin=*3-14
Added Pin To Net: NetName=3_ROW2 Pin=U6-11
Added Net: Name=3_ROW2
Added Pin To Net: NetName=3_ROW3 Pin=*3-8
Added Pin To Net: NetName=3_ROW3 Pin=U6-6
Added Net: Name=3_ROW3
Added Pin To Net: NetName=3_ROW4 Pin=*3-12
Added Pin To Net: NetName=3_ROW4 Pin=U6-7
Added Net: Name=3_ROW4
Added Pin To Net: NetName=3_ROW5 Pin=*3-1
Added Pin To Net: NetName=3_ROW5 Pin=U6-3
Added Net: Name=3_ROW5
Added Pin To Net: NetName=3_ROW6 Pin=*3-7
Added Pin To Net: NetName=3_ROW6 Pin=U6-10
Added Net: Name=3_ROW6
Added Pin To Net: NetName=3_ROW7 Pin=*3-2
Added Pin To Net: NetName=3_ROW7 Pin=U6-5
Added Net: Name=3_ROW7
Added Pin To Net: NetName=3_ROW8 Pin=*3-5
Added Pin To Net: NetName=3_ROW8 Pin=U6-8
Added Net: Name=3_ROW8
Added Pin To Net: NetName=4_COL1 Pin=*4-13
Added Pin To Net: NetName=4_COL1 Pin=U7-22
Added Net: Name=4_COL1
Added Pin To Net: NetName=4_COL2 Pin=*4-3
Added Pin To Net: NetName=4_COL2 Pin=U7-14
Added Net: Name=4_COL2
Added Pin To Net: NetName=4_COL3 Pin=*4-4
Added Pin To Net: NetName=4_COL3 Pin=U7-16
Added Net: Name=4_COL3
Added Pin To Net: NetName=4_COL4 Pin=*4-10
Added Pin To Net: NetName=4_COL4 Pin=U7-20
Added Net: Name=4_COL4
Added Pin To Net: NetName=4_COL5 Pin=*4-6
Added Pin To Net: NetName=4_COL5 Pin=U7-23
Added Net: Name=4_COL5
Added Pin To Net: NetName=4_COL6 Pin=*4-11
Added Pin To Net: NetName=4_COL6 Pin=U7-21
Added Net: Name=4_COL6
Added Pin To Net: NetName=4_COL7 Pin=*4-15
Added Pin To Net: NetName=4_COL7 Pin=U7-15
Added Net: Name=4_COL7
Added Pin To Net: NetName=4_COL8 Pin=*4-16
Added Pin To Net: NetName=4_COL8 Pin=U7-17
Added Net: Name=4_COL8
Added Pin To Net: NetName=4_ISET Pin=C16-2
Added Pin To Net: NetName=4_ISET Pin=R7-2
Added Pin To Net: NetName=4_ISET Pin=U7-18
Added Net: Name=4_ISET
Added Pin To Net: NetName=4_ROW1 Pin=*4-9
Added Pin To Net: NetName=4_ROW1 Pin=U7-2
Added Net: Name=4_ROW1
Added Pin To Net: NetName=4_ROW2 Pin=*4-14
Added Pin To Net: NetName=4_ROW2 Pin=U7-11
Added Net: Name=4_ROW2
Added Pin To Net: NetName=4_ROW3 Pin=*4-8
Added Pin To Net: NetName=4_ROW3 Pin=U7-6
Added Net: Name=4_ROW3
Added Pin To Net: NetName=4_ROW4 Pin=*4-12
Added Pin To Net: NetName=4_ROW4 Pin=U7-7
Added Net: Name=4_ROW4
Added Pin To Net: NetName=4_ROW5 Pin=*4-1
Added Pin To Net: NetName=4_ROW5 Pin=U7-3
Added Net: Name=4_ROW5
Added Pin To Net: NetName=4_ROW6 Pin=*4-7
Added Pin To Net: NetName=4_ROW6 Pin=U7-10
Added Net: Name=4_ROW6
Added Pin To Net: NetName=4_ROW7 Pin=*4-2
Added Pin To Net: NetName=4_ROW7 Pin=U7-5
Added Net: Name=4_ROW7
Added Pin To Net: NetName=4_ROW8 Pin=*4-5
Added Pin To Net: NetName=4_ROW8 Pin=U7-8
Added Net: Name=4_ROW8
Added Pin To Net: NetName=5_COL1 Pin=*5-13
Added Pin To Net: NetName=5_COL1 Pin=U8-22
Added Net: Name=5_COL1
Added Pin To Net: NetName=5_COL2 Pin=*5-3
Added Pin To Net: NetName=5_COL2 Pin=U8-14
Added Net: Name=5_COL2
Added Pin To Net: NetName=5_COL3 Pin=*5-4
Added Pin To Net: NetName=5_COL3 Pin=U8-16
Added Net: Name=5_COL3
Added Pin To Net: NetName=5_COL4 Pin=*5-10
Added Pin To Net: NetName=5_COL4 Pin=U8-20
Added Net: Name=5_COL4
Added Pin To Net: NetName=5_COL5 Pin=*5-6
Added Pin To Net: NetName=5_COL5 Pin=U8-23
Added Net: Name=5_COL5
Added Pin To Net: NetName=5_COL6 Pin=*5-11
Added Pin To Net: NetName=5_COL6 Pin=U8-21
Added Net: Name=5_COL6
Added Pin To Net: NetName=5_COL7 Pin=*5-15
Added Pin To Net: NetName=5_COL7 Pin=U8-15
Added Net: Name=5_COL7
Added Pin To Net: NetName=5_COL8 Pin=*5-16
Added Pin To Net: NetName=5_COL8 Pin=U8-17
Added Net: Name=5_COL8
Added Pin To Net: NetName=5_ISET Pin=C18-2
Added Pin To Net: NetName=5_ISET Pin=R9-2
Added Pin To Net: NetName=5_ISET Pin=U8-18
Added Net: Name=5_ISET
Added Pin To Net: NetName=5_ROW1 Pin=*5-9
Added Pin To Net: NetName=5_ROW1 Pin=U8-2
Added Net: Name=5_ROW1
Added Pin To Net: NetName=5_ROW2 Pin=*5-14
Added Pin To Net: NetName=5_ROW2 Pin=U8-11
Added Net: Name=5_ROW2
Added Pin To Net: NetName=5_ROW3 Pin=*5-8
Added Pin To Net: NetName=5_ROW3 Pin=U8-6
Added Net: Name=5_ROW3
Added Pin To Net: NetName=5_ROW4 Pin=*5-12
Added Pin To Net: NetName=5_ROW4 Pin=U8-7
Added Net: Name=5_ROW4
Added Pin To Net: NetName=5_ROW5 Pin=*5-1
Added Pin To Net: NetName=5_ROW5 Pin=U8-3
Added Net: Name=5_ROW5
Added Pin To Net: NetName=5_ROW6 Pin=*5-7
Added Pin To Net: NetName=5_ROW6 Pin=U8-10
Added Net: Name=5_ROW6
Added Pin To Net: NetName=5_ROW7 Pin=*5-2
Added Pin To Net: NetName=5_ROW7 Pin=U8-5
Added Net: Name=5_ROW7
Added Pin To Net: NetName=5_ROW8 Pin=*5-5
Added Pin To Net: NetName=5_ROW8 Pin=U8-8
Added Net: Name=5_ROW8
Added Pin To Net: NetName=6_COL1 Pin=*6-13
Added Pin To Net: NetName=6_COL1 Pin=U9-22
Added Net: Name=6_COL1
Added Pin To Net: NetName=6_COL2 Pin=*6-3
Added Pin To Net: NetName=6_COL2 Pin=U9-14
Added Net: Name=6_COL2
Added Pin To Net: NetName=6_COL3 Pin=*6-4
Added Pin To Net: NetName=6_COL3 Pin=U9-16
Added Net: Name=6_COL3
Added Pin To Net: NetName=6_COL4 Pin=*6-10
Added Pin To Net: NetName=6_COL4 Pin=U9-20
Added Net: Name=6_COL4
Added Pin To Net: NetName=6_COL5 Pin=*6-6
Added Pin To Net: NetName=6_COL5 Pin=U9-23
Added Net: Name=6_COL5
Added Pin To Net: NetName=6_COL6 Pin=*6-11
Added Pin To Net: NetName=6_COL6 Pin=U9-21
Added Net: Name=6_COL6
Added Pin To Net: NetName=6_COL7 Pin=*6-15
Added Pin To Net: NetName=6_COL7 Pin=U9-15
Added Net: Name=6_COL7
Added Pin To Net: NetName=6_COL8 Pin=*6-16
Added Pin To Net: NetName=6_COL8 Pin=U9-17
Added Net: Name=6_COL8
Added Pin To Net: NetName=6_DOUT Pin=U9-24
Added Pin To Net: NetName=6_DOUT Pin=U11-1
Added Net: Name=6_DOUT
Added Pin To Net: NetName=6_ISET Pin=C17-2
Added Pin To Net: NetName=6_ISET Pin=R8-2
Added Pin To Net: NetName=6_ISET Pin=U9-18
Added Net: Name=6_ISET
Added Pin To Net: NetName=6_ROW1 Pin=*6-9
Added Pin To Net: NetName=6_ROW1 Pin=U9-2
Added Net: Name=6_ROW1
Added Pin To Net: NetName=6_ROW2 Pin=*6-14
Added Pin To Net: NetName=6_ROW2 Pin=U9-11
Added Net: Name=6_ROW2
Added Pin To Net: NetName=6_ROW3 Pin=*6-8
Added Pin To Net: NetName=6_ROW3 Pin=U9-6
Added Net: Name=6_ROW3
Added Pin To Net: NetName=6_ROW4 Pin=*6-12
Added Pin To Net: NetName=6_ROW4 Pin=U9-7
Added Net: Name=6_ROW4
Added Pin To Net: NetName=6_ROW5 Pin=*6-1
Added Pin To Net: NetName=6_ROW5 Pin=U9-3
Added Net: Name=6_ROW5
Added Pin To Net: NetName=6_ROW6 Pin=*6-7
Added Pin To Net: NetName=6_ROW6 Pin=U9-10
Added Net: Name=6_ROW6
Added Pin To Net: NetName=6_ROW7 Pin=*6-2
Added Pin To Net: NetName=6_ROW7 Pin=U9-5
Added Net: Name=6_ROW7
Added Pin To Net: NetName=6_ROW8 Pin=*6-5
Added Pin To Net: NetName=6_ROW8 Pin=U9-8
Added Net: Name=6_ROW8
Added Pin To Net: NetName=7_COL1 Pin=*8-13
Added Pin To Net: NetName=7_COL1 Pin=U11-22
Added Net: Name=7_COL1
Added Pin To Net: NetName=7_COL2 Pin=*8-3
Added Pin To Net: NetName=7_COL2 Pin=U11-14
Added Net: Name=7_COL2
Added Pin To Net: NetName=7_COL3 Pin=*8-4
Added Pin To Net: NetName=7_COL3 Pin=U11-16
Added Net: Name=7_COL3
Added Pin To Net: NetName=7_COL4 Pin=*8-10
Added Pin To Net: NetName=7_COL4 Pin=U11-20
Added Net: Name=7_COL4
Added Pin To Net: NetName=7_COL5 Pin=*8-6
Added Pin To Net: NetName=7_COL5 Pin=U11-23
Added Net: Name=7_COL5
Added Pin To Net: NetName=7_COL6 Pin=*8-11
Added Pin To Net: NetName=7_COL6 Pin=U11-21
Added Net: Name=7_COL6
Added Pin To Net: NetName=7_COL7 Pin=*8-15
Added Pin To Net: NetName=7_COL7 Pin=U11-15
Added Net: Name=7_COL7
Added Pin To Net: NetName=7_COL8 Pin=*8-16
Added Pin To Net: NetName=7_COL8 Pin=U11-17
Added Net: Name=7_COL8
Added Pin To Net: NetName=7_ISET Pin=C23-2
Added Pin To Net: NetName=7_ISET Pin=R11-2
Added Pin To Net: NetName=7_ISET Pin=U11-18
Added Net: Name=7_ISET
Added Pin To Net: NetName=7_ROW1 Pin=*8-9
Added Pin To Net: NetName=7_ROW1 Pin=U11-2
Added Net: Name=7_ROW1
Added Pin To Net: NetName=7_ROW2 Pin=*8-14
Added Pin To Net: NetName=7_ROW2 Pin=U11-11
Added Net: Name=7_ROW2
Added Pin To Net: NetName=7_ROW3 Pin=*8-8
Added Pin To Net: NetName=7_ROW3 Pin=U11-6
Added Net: Name=7_ROW3
Added Pin To Net: NetName=7_ROW4 Pin=*8-12
Added Pin To Net: NetName=7_ROW4 Pin=U11-7
Added Net: Name=7_ROW4
Added Pin To Net: NetName=7_ROW5 Pin=*8-1
Added Pin To Net: NetName=7_ROW5 Pin=U11-3
Added Net: Name=7_ROW5
Added Pin To Net: NetName=7_ROW6 Pin=*8-7
Added Pin To Net: NetName=7_ROW6 Pin=U11-10
Added Net: Name=7_ROW6
Added Pin To Net: NetName=7_ROW7 Pin=*8-2
Added Pin To Net: NetName=7_ROW7 Pin=U11-5
Added Net: Name=7_ROW7
Added Pin To Net: NetName=7_ROW8 Pin=*8-5
Added Pin To Net: NetName=7_ROW8 Pin=U11-8
Added Net: Name=7_ROW8
Added Pin To Net: NetName=8_COL1 Pin=*7-13
Added Pin To Net: NetName=8_COL1 Pin=U10-22
Added Net: Name=8_COL1
Added Pin To Net: NetName=8_COL2 Pin=*7-3
Added Pin To Net: NetName=8_COL2 Pin=U10-14
Added Net: Name=8_COL2
Added Pin To Net: NetName=8_COL3 Pin=*7-4
Added Pin To Net: NetName=8_COL3 Pin=U10-16
Added Net: Name=8_COL3
Added Pin To Net: NetName=8_COL4 Pin=*7-10
Added Pin To Net: NetName=8_COL4 Pin=U10-20
Added Net: Name=8_COL4
Added Pin To Net: NetName=8_COL5 Pin=*7-6
Added Pin To Net: NetName=8_COL5 Pin=U10-23
Added Net: Name=8_COL5
Added Pin To Net: NetName=8_COL6 Pin=*7-11
Added Pin To Net: NetName=8_COL6 Pin=U10-21
Added Net: Name=8_COL6
Added Pin To Net: NetName=8_COL7 Pin=*7-15
Added Pin To Net: NetName=8_COL7 Pin=U10-15
Added Net: Name=8_COL7
Added Pin To Net: NetName=8_COL8 Pin=*7-16
Added Pin To Net: NetName=8_COL8 Pin=U10-17
Added Net: Name=8_COL8
Added Pin To Net: NetName=8_ISET Pin=C22-2
Added Pin To Net: NetName=8_ISET Pin=R10-2
Added Pin To Net: NetName=8_ISET Pin=U10-18
Added Net: Name=8_ISET
Added Pin To Net: NetName=8_ROW1 Pin=*7-9
Added Pin To Net: NetName=8_ROW1 Pin=U10-2
Added Net: Name=8_ROW1
Added Pin To Net: NetName=8_ROW2 Pin=*7-14
Added Pin To Net: NetName=8_ROW2 Pin=U10-11
Added Net: Name=8_ROW2
Added Pin To Net: NetName=8_ROW3 Pin=*7-8
Added Pin To Net: NetName=8_ROW3 Pin=U10-6
Added Net: Name=8_ROW3
Added Pin To Net: NetName=8_ROW4 Pin=*7-12
Added Pin To Net: NetName=8_ROW4 Pin=U10-7
Added Net: Name=8_ROW4
Added Pin To Net: NetName=8_ROW5 Pin=*7-1
Added Pin To Net: NetName=8_ROW5 Pin=U10-3
Added Net: Name=8_ROW5
Added Pin To Net: NetName=8_ROW6 Pin=*7-7
Added Pin To Net: NetName=8_ROW6 Pin=U10-10
Added Net: Name=8_ROW6
Added Pin To Net: NetName=8_ROW7 Pin=*7-2
Added Pin To Net: NetName=8_ROW7 Pin=U10-5
Added Net: Name=8_ROW7
Added Pin To Net: NetName=8_ROW8 Pin=*7-5
Added Pin To Net: NetName=8_ROW8 Pin=U10-8
Added Net: Name=8_ROW8
Added Pin To Net: NetName=24V Pin=C8-1
Added Pin To Net: NetName=24V Pin=C9-1
Added Pin To Net: NetName=24V Pin=D1-2
Added Pin To Net: NetName=24V Pin=U3-1
Added Net: Name=24V
Added Pin To Net: NetName=CLK Pin=U1-10
Added Pin To Net: NetName=CLK Pin=U4-13
Added Pin To Net: NetName=CLK Pin=U5-13
Added Pin To Net: NetName=CLK Pin=U6-13
Added Pin To Net: NetName=CLK Pin=U7-13
Added Pin To Net: NetName=CLK Pin=U8-13
Added Pin To Net: NetName=CLK Pin=U9-13
Added Pin To Net: NetName=CLK Pin=U10-13
Added Pin To Net: NetName=CLK Pin=U11-13
Added Net: Name=CLK
Added Pin To Net: NetName=CS Pin=U1-11
Added Pin To Net: NetName=CS Pin=U4-12
Added Pin To Net: NetName=CS Pin=U5-12
Added Pin To Net: NetName=CS Pin=U6-12
Added Pin To Net: NetName=CS Pin=U7-12
Added Pin To Net: NetName=CS Pin=U8-12
Added Pin To Net: NetName=CS Pin=U9-12
Added Pin To Net: NetName=CS Pin=U10-12
Added Pin To Net: NetName=CS Pin=U11-12
Added Net: Name=CS
Added Pin To Net: NetName=DATA Pin=U1-12
Added Pin To Net: NetName=DATA Pin=U4-1
Added Net: Name=DATA
Added Pin To Net: NetName=GND Pin=C1-1
Added Pin To Net: NetName=GND Pin=C5-1
Added Pin To Net: NetName=GND Pin=C6-2
Added Pin To Net: NetName=GND Pin=C7-2
Added Pin To Net: NetName=GND Pin=C8-2
Added Pin To Net: NetName=GND Pin=C9-2
Added Pin To Net: NetName=GND Pin=C10-1
Added Pin To Net: NetName=GND Pin=C11-1
Added Pin To Net: NetName=GND Pin=C12-1
Added Pin To Net: NetName=GND Pin=C13-2
Added Pin To Net: NetName=GND Pin=C14-2
Added Pin To Net: NetName=GND Pin=C15-2
Added Pin To Net: NetName=GND Pin=C16-1
Added Pin To Net: NetName=GND Pin=C17-1
Added Pin To Net: NetName=GND Pin=C18-1
Added Pin To Net: NetName=GND Pin=C19-2
Added Pin To Net: NetName=GND Pin=C20-2
Added Pin To Net: NetName=GND Pin=C21-2
Added Pin To Net: NetName=GND Pin=C22-1
Added Pin To Net: NetName=GND Pin=C23-1
Added Pin To Net: NetName=GND Pin=C24-2
Added Pin To Net: NetName=GND Pin=C25-2
Added Pin To Net: NetName=GND Pin=D2-1
Added Pin To Net: NetName=GND Pin=D5-2
Added Pin To Net: NetName=GND Pin=P1-1
Added Pin To Net: NetName=GND Pin=P2-1
Added Pin To Net: NetName=GND Pin=U1-22
Added Pin To Net: NetName=GND Pin=U2-15
Added Pin To Net: NetName=GND Pin=U3-3
Added Pin To Net: NetName=GND Pin=U3-3
Added Pin To Net: NetName=GND Pin=U3-5
Added Pin To Net: NetName=GND Pin=U4-4
Added Pin To Net: NetName=GND Pin=U4-9
Added Pin To Net: NetName=GND Pin=U5-4
Added Pin To Net: NetName=GND Pin=U5-9
Added Pin To Net: NetName=GND Pin=U6-4
Added Pin To Net: NetName=GND Pin=U6-9
Added Pin To Net: NetName=GND Pin=U7-4
Added Pin To Net: NetName=GND Pin=U7-9
Added Pin To Net: NetName=GND Pin=U8-4
Added Pin To Net: NetName=GND Pin=U8-9
Added Pin To Net: NetName=GND Pin=U9-4
Added Pin To Net: NetName=GND Pin=U9-9
Added Pin To Net: NetName=GND Pin=U10-4
Added Pin To Net: NetName=GND Pin=U10-9
Added Pin To Net: NetName=GND Pin=U11-4
Added Pin To Net: NetName=GND Pin=U11-9
Added Net: Name=GND
Added Pin To Net: NetName=NetC2_1 Pin=C2-1
Added Pin To Net: NetName=NetC2_1 Pin=U2-3
Added Net: Name=NetC2_1
Added Pin To Net: NetName=NetC2_2 Pin=C2-2
Added Pin To Net: NetName=NetC2_2 Pin=U2-1
Added Net: Name=NetC2_2
Added Pin To Net: NetName=NetC3_2 Pin=C3-2
Added Pin To Net: NetName=NetC3_2 Pin=U2-2
Added Net: Name=NetC3_2
Added Pin To Net: NetName=NetC4_1 Pin=C4-1
Added Pin To Net: NetName=NetC4_1 Pin=U2-4
Added Net: Name=NetC4_1
Added Pin To Net: NetName=NetC4_2 Pin=C4-2
Added Pin To Net: NetName=NetC4_2 Pin=U2-5
Added Net: Name=NetC4_2
Added Pin To Net: NetName=NetC5_2 Pin=C5-2
Added Pin To Net: NetName=NetC5_2 Pin=U2-6
Added Net: Name=NetC5_2
Added Pin To Net: NetName=NetD1_1 Pin=D1-1
Added Pin To Net: NetName=NetD1_1 Pin=P1-2
Added Net: Name=NetD1_1
Added Pin To Net: NetName=NetD2_2 Pin=D2-2
Added Pin To Net: NetName=NetD2_2 Pin=L1-1
Added Pin To Net: NetName=NetD2_2 Pin=U3-2
Added Net: Name=NetD2_2
Added Pin To Net: NetName=NetD3_1 Pin=D3-1
Added Pin To Net: NetName=NetD3_1 Pin=R1-1
Added Net: Name=NetD3_1
Added Pin To Net: NetName=NetD4_1 Pin=D4-1
Added Pin To Net: NetName=NetD4_1 Pin=R2-1
Added Net: Name=NetD4_1
Added Pin To Net: NetName=NetD5_1 Pin=D5-1
Added Pin To Net: NetName=NetD5_1 Pin=R3-1
Added Net: Name=NetD5_1
Added Pin To Net: NetName=NetU4_24 Pin=U4-24
Added Pin To Net: NetName=NetU4_24 Pin=U5-1
Added Net: Name=NetU4_24
Added Pin To Net: NetName=NetU5_24 Pin=U5-24
Added Pin To Net: NetName=NetU5_24 Pin=U6-1
Added Net: Name=NetU5_24
Added Pin To Net: NetName=NetU7_24 Pin=U7-24
Added Pin To Net: NetName=NetU7_24 Pin=U8-1
Added Net: Name=NetU7_24
Added Pin To Net: NetName=NetU8_24 Pin=U8-24
Added Pin To Net: NetName=NetU8_24 Pin=U9-1
Added Net: Name=NetU8_24
Added Pin To Net: NetName=NetU10_1 Pin=U10-1
Added Pin To Net: NetName=NetU10_1 Pin=U11-24
Added Net: Name=NetU10_1
Added Pin To Net: NetName=RS232_RXD Pin=P2-2
Added Pin To Net: NetName=RS232_RXD Pin=U2-13
Added Net: Name=RS232_RXD
Added Pin To Net: NetName=RS232_TXD Pin=P2-3
Added Pin To Net: NetName=RS232_TXD Pin=U2-14
Added Net: Name=RS232_TXD
Added Pin To Net: NetName=TTL_RXD Pin=D3-2
Added Pin To Net: NetName=TTL_RXD Pin=U1-35
Added Pin To Net: NetName=TTL_RXD Pin=U2-12
Added Net: Name=TTL_RXD
Added Pin To Net: NetName=TTL_TXD Pin=D4-2
Added Pin To Net: NetName=TTL_TXD Pin=U1-34
Added Pin To Net: NetName=TTL_TXD Pin=U2-11
Added Net: Name=TTL_TXD
Added Class: Name=LED_BUFFER_v1
Added Room: Name=LED_BUFFER_v1
