Change Component Designator: OldDesignator= NewDesignator=P2
Change Component Designator: OldDesignator=LED1 NewDesignator=*1
Change Component Designator: OldDesignator=LED2 NewDesignator=*2
Change Component Designator: OldDesignator=LED3 NewDesignator=*3
Change Component Designator: OldDesignator=LED4 NewDesignator=*4
Change Component Designator: OldDesignator=LED5 NewDesignator=*5
Change Component Designator: OldDesignator=LED6 NewDesignator=*6
Change Component Designator: OldDesignator=LED7 NewDesignator=*8
Change Component Designator: OldDesignator=LED8 NewDesignator=*7
Change Component Designator: OldDesignator=TTL_RXD NewDesignator=D3
Change Component Designator: OldDesignator=TTL_TXD NewDesignator=D4
Added Component: Designator=H1(HOLE)
Add component. Clean all parameters for all variants
Added Component: Designator=H2(HOLE)
Add component. Clean all parameters for all variants
Added Component: Designator=H3(HOLE)
Add component. Clean all parameters for all variants
Added Component: Designator=H4(HOLE)
Add component. Clean all parameters for all variants
Added Member To Class: ClassName=LED_BUFFER_v1 Member=Component *1 LED MATRIX 8x8
Added Member To Class: ClassName=LED_BUFFER_v1 Member=Component *8 LED MATRIX 8x8
Added Member To Class: ClassName=LED_BUFFER_v1 Member=Component H1 HOLE
Added Member To Class: ClassName=LED_BUFFER_v1 Member=Component H2 HOLE
Added Member To Class: ClassName=LED_BUFFER_v1 Member=Component H3 HOLE
Added Member To Class: ClassName=LED_BUFFER_v1 Member=Component H4 HOLE
Added Member To Class: ClassName=LED_BUFFER_v1 Member=Component P2 Header 3H
Added Room: Name=LED_BUFFER_v1
