Added Component: Designator=J1(JST - XH - Thru (R) - 3Pin - 2.54mm)
Added Component: Designator=J2(JST - XH - Thru (R) - 3Pin - 2.54mm)
Added Component: Designator=J3(JST - XH - Thru (R) - 3Pin - 2.54mm)
Added Pin To Net: NetName=GND Pin=J1-3
Added Pin To Net: NetName=GND Pin=J2-3
Added Pin To Net: NetName=GND Pin=J3-3
Added Pin To Net: NetName=RX1 Pin=J1-1
Added Pin To Net: NetName=RX1 Pin=MCU1-19
Added Net: Name=RX1
Added Pin To Net: NetName=RX2 Pin=J2-1
Added Pin To Net: NetName=RX2 Pin=MCU1-17
Added Net: Name=RX2
Added Pin To Net: NetName=RX3 Pin=J3-1
Added Pin To Net: NetName=RX3 Pin=MCU1-15
Added Net: Name=RX3
Added Pin To Net: NetName=TX1 Pin=J1-2
Added Pin To Net: NetName=TX1 Pin=MCU1-18
Added Net: Name=TX1
Added Pin To Net: NetName=TX2 Pin=J2-2
Added Pin To Net: NetName=TX2 Pin=MCU1-16
Added Net: Name=TX2
Added Pin To Net: NetName=TX3 Pin=J3-2
Added Pin To Net: NetName=TX3 Pin=MCU1-14
Added Net: Name=TX3
Added Member To Class: ClassName=ProtocolAnalyzer Member=Component J1 UART1
Added Member To Class: ClassName=ProtocolAnalyzer Member=Component J2 UART2
Added Member To Class: ClassName=ProtocolAnalyzer Member=Component J3 UART3
Added Room: Name=ProtocolAnalyzer
