Added Component: Designator=C1(C0805)
Added Component: Designator=C2(CAP_RAD_D05x11)
Added Component: Designator=C3(C1206)
Added Component: Designator=C4(CAP_RAD_D05x11)
Added Component: Designator=D1(L0805RED)
Added Component: Designator=J1(HEADER-MALE-05PINS-2.54MM)
Added Component: Designator=LCD1(LCD-16x2-VIOLET)
Added Component: Designator=MCU1(TSSOP20_0.65_4.4)
Added Component: Designator=R1(R0805)
Added Component: Designator=R2(R0805)
Added Component: Designator=R3(R0805)
Added Component: Designator=R4(Trimpot 3296W)
Added Component: Designator=U1(nRF24L01)
Added Component: Designator=U2(SOT223-3)
Added Pin To Net: NetName=GND Pin=C1-1
Added Pin To Net: NetName=VCC Pin=C1-2
Added Pin To Net: NetName=VCC Pin=C2-1
Added Pin To Net: NetName=GND Pin=C2-2
Added Pin To Net: NetName=GND Pin=C3-1
Added Pin To Net: NetName=NetC3_2 Pin=C3-2
Added Pin To Net: NetName=NetC3_2 Pin=C4-1
Added Pin To Net: NetName=GND Pin=C4-2
Added Pin To Net: NetName=NetD1_1 Pin=D1-1
Added Pin To Net: NetName=GND Pin=D1-2
Added Pin To Net: NetName=GND Pin=J1-1
Added Pin To Net: NetName=RESET Pin=J1-2
Added Pin To Net: NetName=CLK Pin=J1-3
Added Pin To Net: NetName=DAT Pin=J1-4
Added Pin To Net: NetName=VCC Pin=J1-5
Added Pin To Net: NetName=GND Pin=LCD1-1
Added Pin To Net: NetName=VCC Pin=LCD1-2
Added Pin To Net: NetName=NetLCD1_3 Pin=LCD1-3
Added Pin To Net: NetName=GND Pin=LCD1-5
Added Pin To Net: NetName=GND Pin=LCD1-7
Added Pin To Net: NetName=GND Pin=LCD1-8
Added Pin To Net: NetName=GND Pin=LCD1-9
Added Pin To Net: NetName=GND Pin=LCD1-10
Added Pin To Net: NetName=VCC Pin=LCD1-15
Added Pin To Net: NetName=GND Pin=LCD1-16
Added Pin To Net: NetName=NetMCU1_1 Pin=MCU1-1
Added Pin To Net: NetName=RESET Pin=MCU1-5
Added Pin To Net: NetName=NetMCU1_6 Pin=MCU1-6
Added Pin To Net: NetName=GND Pin=MCU1-11
Added Pin To Net: NetName=CE Pin=MCU1-12
Added Pin To Net: NetName=CLK Pin=MCU1-14
Added Pin To Net: NetName=DAT Pin=MCU1-15
Added Pin To Net: NetName=SCK Pin=MCU1-16
Added Pin To Net: NetName=MISO Pin=MCU1-17
Added Pin To Net: NetName=MOSI Pin=MCU1-18
Added Pin To Net: NetName=CSN Pin=MCU1-19
Added Pin To Net: NetName=VCC Pin=MCU1-20
Added Pin To Net: NetName=NetD1_1 Pin=R1-1
Added Pin To Net: NetName=NetMCU1_1 Pin=R1-2
Added Pin To Net: NetName=RESET Pin=R2-1
Added Pin To Net: NetName=VCC Pin=R2-2
Added Pin To Net: NetName=IRQ Pin=R3-1
Added Pin To Net: NetName=NetMCU1_6 Pin=R3-2
Added Pin To Net: NetName=VCC Pin=R4-1
Added Pin To Net: NetName=NetLCD1_3 Pin=R4-2
Added Pin To Net: NetName=GND Pin=R4-3
Added Pin To Net: NetName=GND Pin=U1-1
Added Pin To Net: NetName=NetC3_2 Pin=U1-2
Added Pin To Net: NetName=CE Pin=U1-3
Added Pin To Net: NetName=CSN Pin=U1-4
Added Pin To Net: NetName=SCK Pin=U1-5
Added Pin To Net: NetName=MOSI Pin=U1-6
Added Pin To Net: NetName=MISO Pin=U1-7
Added Pin To Net: NetName=IRQ Pin=U1-8
Added Pin To Net: NetName=GND Pin=U2-1
Added Pin To Net: NetName=NetC3_2 Pin=U2-2
Added Pin To Net: NetName=VCC Pin=U2-3
Added Member To Class: ClassName=Mini58FDE_nRF24L01_Master Member=Component C1 104
Added Member To Class: ClassName=Mini58FDE_nRF24L01_Master Member=Component C2 10uF
Added Member To Class: ClassName=Mini58FDE_nRF24L01_Master Member=Component C3 104
Added Member To Class: ClassName=Mini58FDE_nRF24L01_Master Member=Component C4 10uF
Added Member To Class: ClassName=Mini58FDE_nRF24L01_Master Member=Component D1 LED0805
Added Member To Class: ClassName=Mini58FDE_nRF24L01_Master Member=Component J1 SWD
Added Member To Class: ClassName=Mini58FDE_nRF24L01_Master Member=Component LCD1 LCD-16x2
Added Member To Class: ClassName=Mini58FDE_nRF24L01_Master Member=Component MCU1 Mini58FDE
Added Member To Class: ClassName=Mini58FDE_nRF24L01_Master Member=Component R1 10k
Added Member To Class: ClassName=Mini58FDE_nRF24L01_Master Member=Component R2 10k
Added Member To Class: ClassName=Mini58FDE_nRF24L01_Master Member=Component R3 10k
Added Member To Class: ClassName=Mini58FDE_nRF24L01_Master Member=Component R4 Trimpot
Added Member To Class: ClassName=Mini58FDE_nRF24L01_Master Member=Component U1 nRF24L01
Added Member To Class: ClassName=Mini58FDE_nRF24L01_Master Member=Component U2 3V3
Added Room: Name=Mini58FDE_nRF24L01_Master
