Added Component: Designator=J9(IDC_CONNECTOR_20_2.54)
Added Pin To Net: NetName=VCC Pin=J9-1
Added Pin To Net: NetName=VCC Pin=J9-2
Added Pin To Net: NetName=JNRST Pin=J9-3
Added Pin To Net: NetName=GND Pin=J9-4
Added Pin To Net: NetName=JTDI Pin=J9-5
Added Pin To Net: NetName=GND Pin=J9-6
Added Pin To Net: NetName=JTMS Pin=J9-7
Added Pin To Net: NetName=GND Pin=J9-8
Added Pin To Net: NetName=JTCK Pin=J9-9
Added Pin To Net: NetName=GND Pin=J9-10
Added Pin To Net: NetName=GND Pin=J9-12
Added Pin To Net: NetName=JTDO Pin=J9-13
Added Pin To Net: NetName=GND Pin=J9-14
Added Pin To Net: NetName=nRST Pin=J9-15
Added Pin To Net: NetName=GND Pin=J9-16
Added Pin To Net: NetName=GND Pin=J9-18
Added Pin To Net: NetName=GND Pin=J9-20
Added Member To Class: ClassName=STM32_QFP100_DEVELOPMENT_BOARD Member=Component J9 JTAG
Added Room: Name=STM32_QFP100_DEVELOPMENT_BOARD
