Removed Pin From Net: NetName=GND Pin=C3-1
Removed Pin From Net: NetName=NetC3_2 Pin=C3-2
Removed Pin From Net: NetName=GND Pin=C4-1
Removed Pin From Net: NetName=GND Pin=C8-1
Removed Pin From Net: NetName=GND Pin=C9-1
Removed Pin From Net: NetName=NetC3_2 Pin=POWER-1
Removed Pin From Net: NetName=GND Pin=POWER-2
Removed Pin From Net: NetName=+5 Pin=SW5-4
Removed Pin From Net: NetName=GND Pin=U2-1
Removed Pin From Net: NetName=GND Pin=U3-1
Removed Pin From Net: NetName=NetC3_2 Pin=U3-3
Removed Member From Class: ClassName=STM32_QFP100_DEVELOPMENT_BOARD Member=C3
Removed Member From Class: ClassName=STM32_QFP100_DEVELOPMENT_BOARD Member=C4
Removed Member From Class: ClassName=STM32_QFP100_DEVELOPMENT_BOARD Member=POWER
Removed Member From Class: ClassName=STM32_QFP100_DEVELOPMENT_BOARD Member=U3
Change Component Comment : Designator=B1 Old Comment=CR1220 New Comment=3V
Added Pin To Net: NetName=NetC3_2 Pin=C8-1
Added Pin To Net: NetName=NetC3_2 Pin=C9-1
Added Pin To Net: NetName=NetC3_2 Pin=U2-1
Change Net Name : Old Net Name=NetC3_2 New Net Name=NetC8_1
Added Room: Name=STM32_QFP100_DEVELOPMENT_BOARD
