Removed Pin From Net: NetName=OUT Pin=J35-1
Removed Pin From Net: NetName=CLK Pin=J35-2
Removed Pin From Net: NetName=LAT Pin=J35-3
Removed Pin From Net: NetName=GND Pin=J35-4
Removed Pin From Net: NetName=DAT Pin=J36-1
Removed Pin From Net: NetName=CLK Pin=J36-2
Removed Pin From Net: NetName=LAT Pin=J36-3
Removed Pin From Net: NetName=GND Pin=J36-4
Removed Member From Class: ClassName=NXP_RESET_BOARD_V2 Member=J35
Removed Member From Class: ClassName=NXP_RESET_BOARD_V2 Member=J36
Added Component: Designator=C1(CAP_RAD_D05x11)
Added Component: Designator=C2(CAP_RAD_D05x11)
Added Component: Designator=C3(C0805)
Added Component: Designator=C4(C0805)
Added Component: Designator=C5(C0805)
Added Component: Designator=C6(C0805)
Added Component: Designator=D26(L0805RED)
Added Component: Designator=D27(L0805RED)
Added Component: Designator=J34(HEADER-MALE-05PINS-2.54MM)
Added Component: Designator=MCU1(TSSOP20_0.65_4.4)
Added Component: Designator=Q9(SOT23-3)
Added Component: Designator=R26(R0805)
Added Component: Designator=R27(R0805)
Added Component: Designator=R28(R0805)
Added Component: Designator=R29(R0805)
Added Component: Designator=U1(SOT223-3)
Added Component: Designator=U4(ENC28J60)
Added Component: Designator=Y1(SMD5032)
Added Pin To Net: NetName=VCC Pin=C1-1
Added Pin To Net: NetName=GND Pin=C1-2
Added Pin To Net: NetName=NetC2_1 Pin=C2-1
Added Pin To Net: NetName=GND Pin=C2-2
Added Pin To Net: NetName=GND Pin=C3-1
Added Pin To Net: NetName=NetC2_1 Pin=C3-2
Added Pin To Net: NetName=XT1 Pin=C4-1
Added Pin To Net: NetName=GND Pin=C4-2
Added Pin To Net: NetName=XT2 Pin=C5-1
Added Pin To Net: NetName=GND Pin=C5-2
Added Pin To Net: NetName=VCC Pin=C6-1
Added Pin To Net: NetName=GND Pin=C6-2
Added Pin To Net: NetName=NetD26_1 Pin=D26-1
Added Pin To Net: NetName=GND Pin=D26-2
Added Pin To Net: NetName=NetD27_1 Pin=D27-1
Added Pin To Net: NetName=GND Pin=D27-2
Added Pin To Net: NetName=GND Pin=J34-1
Added Pin To Net: NetName=RESET Pin=J34-2
Added Pin To Net: NetName=ICE_CLK Pin=J34-3
Added Pin To Net: NetName=ICE_DAT Pin=J34-4
Added Pin To Net: NetName=VCC Pin=J34-5
Added Pin To Net: NetName=NetMCU1_1 Pin=MCU1-1
Added Pin To Net: NetName=DAT Pin=MCU1-2
Added Pin To Net: NetName=CLK Pin=MCU1-3
Added Pin To Net: NetName=LAT Pin=MCU1-4
Added Pin To Net: NetName=RESET Pin=MCU1-5
Added Pin To Net: NetName=XT2 Pin=MCU1-9
Added Pin To Net: NetName=XT1 Pin=MCU1-10
Added Pin To Net: NetName=GND Pin=MCU1-11
Added Pin To Net: NetName=ICE_CLK Pin=MCU1-14
Added Pin To Net: NetName=ICE_DAT Pin=MCU1-15
Added Pin To Net: NetName=SCK Pin=MCU1-16
Added Pin To Net: NetName=SO Pin=MCU1-17
Added Pin To Net: NetName=SI Pin=MCU1-18
Added Pin To Net: NetName=CS Pin=MCU1-19
Added Pin To Net: NetName=VCC Pin=MCU1-20
Added Pin To Net: NetName=NetQ9_1 Pin=Q9-1
Added Pin To Net: NetName=VCC Pin=Q9-2
Added Pin To Net: NetName=NetQ9_3 Pin=Q9-3
Added Pin To Net: NetName=NetMCU1_1 Pin=R26-1
Added Pin To Net: NetName=NetD26_1 Pin=R26-2
Added Pin To Net: NetName=VCC Pin=R27-1
Added Pin To Net: NetName=RESET Pin=R27-2
Added Pin To Net: NetName=RESET Pin=R28-1
Added Pin To Net: NetName=NetQ9_1 Pin=R28-2
Added Pin To Net: NetName=NetQ9_3 Pin=R29-1
Added Pin To Net: NetName=NetD27_1 Pin=R29-2
Added Pin To Net: NetName=GND Pin=U1-1
Added Pin To Net: NetName=NetC2_1 Pin=U1-2
Added Pin To Net: NetName=+12 Pin=U1-3
Added Pin To Net: NetName=SO Pin=U4-4
Added Pin To Net: NetName=SI Pin=U4-5
Added Pin To Net: NetName=SCK Pin=U4-6
Added Pin To Net: NetName=CS Pin=U4-7
Added Pin To Net: NetName=NetC2_1 Pin=U4-9
Added Pin To Net: NetName=GND Pin=U4-10
Added Pin To Net: NetName=XT1 Pin=Y1-1
Added Pin To Net: NetName=XT2 Pin=Y1-2
Added Member To Class: ClassName=NXP_RESET_BOARD_V2 Member=Component C1 10uF
Added Member To Class: ClassName=NXP_RESET_BOARD_V2 Member=Component C2 10uF
Added Member To Class: ClassName=NXP_RESET_BOARD_V2 Member=Component C3 104
Added Member To Class: ClassName=NXP_RESET_BOARD_V2 Member=Component C4 104
Added Member To Class: ClassName=NXP_RESET_BOARD_V2 Member=Component C5 104
Added Member To Class: ClassName=NXP_RESET_BOARD_V2 Member=Component C6 104
Added Member To Class: ClassName=NXP_RESET_BOARD_V2 Member=Component D26 STATUS
Added Member To Class: ClassName=NXP_RESET_BOARD_V2 Member=Component D27 STATUS
Added Member To Class: ClassName=NXP_RESET_BOARD_V2 Member=Component J34 SWD
Added Member To Class: ClassName=NXP_RESET_BOARD_V2 Member=Component MCU1 Mini58FDE
Added Member To Class: ClassName=NXP_RESET_BOARD_V2 Member=Component Q9 2N3906
Added Member To Class: ClassName=NXP_RESET_BOARD_V2 Member=Component R26 10k
Added Member To Class: ClassName=NXP_RESET_BOARD_V2 Member=Component R27 10k
Added Member To Class: ClassName=NXP_RESET_BOARD_V2 Member=Component R28 10k
Added Member To Class: ClassName=NXP_RESET_BOARD_V2 Member=Component R29 10k
Added Member To Class: ClassName=NXP_RESET_BOARD_V2 Member=Component U1 3.3V
Added Member To Class: ClassName=NXP_RESET_BOARD_V2 Member=Component U4 ENC28J60
Added Member To Class: ClassName=NXP_RESET_BOARD_V2 Member=Component Y1 8MHz
Added Room: Name=NXP_RESET_BOARD_V2
