Added Pin To Net: NetName=+12 Pin=J1-1
Added Pin To Net: NetName=+12 Pin=J5-1
Added Pin To Net: NetName=+12 Pin=R5-2
Added Pin To Net: NetName=+12 Pin=RL1-2
Added Pin To Net: NetName=+12 Pin=RL1-3
Added Pin To Net: NetName=+12 Pin=RL2-3
Added Pin To Net: NetName=+12 Pin=RL3-3
Added Pin To Net: NetName=+12 Pin=RL4-3
Added Pin To Net: NetName=+12 Pin=RL5-3
Added Pin To Net: NetName=+12 Pin=RL6-3
Added Pin To Net: NetName=+12 Pin=RL7-3
Added Pin To Net: NetName=+12 Pin=RL8-3
Added Pin To Net: NetName=+12 Pin=U1-3
Added Pin To Net: NetName=+12 Pin=U3-3
Added Net: Name=+12
Added Pin To Net: NetName=CLK Pin=J32-2
Added Pin To Net: NetName=CLK Pin=J33-2
Added Pin To Net: NetName=CLK Pin=MCU1-3
Added Pin To Net: NetName=CLK Pin=U2-11
Added Net: Name=CLK
Added Pin To Net: NetName=CS Pin=MCU1-19
Added Pin To Net: NetName=CS Pin=U4-7
Added Net: Name=CS
Added Pin To Net: NetName=DAT Pin=J32-1
Added Pin To Net: NetName=DAT Pin=MCU1-2
Added Pin To Net: NetName=DAT Pin=U2-14
Added Net: Name=DAT
Added Pin To Net: NetName=GND Pin=C1-2
Added Pin To Net: NetName=GND Pin=C2-2
Added Pin To Net: NetName=GND Pin=C3-1
Added Pin To Net: NetName=GND Pin=C4-2
Added Pin To Net: NetName=GND Pin=C5-2
Added Pin To Net: NetName=GND Pin=C6-2
Added Pin To Net: NetName=GND Pin=D1-2
Added Pin To Net: NetName=GND Pin=D2-2
Added Pin To Net: NetName=GND Pin=D3-2
Added Pin To Net: NetName=GND Pin=D4-2
Added Pin To Net: NetName=GND Pin=D5-1
Added Pin To Net: NetName=GND Pin=D6-1
Added Pin To Net: NetName=GND Pin=D7-1
Added Pin To Net: NetName=GND Pin=D8-1
Added Pin To Net: NetName=GND Pin=D9-2
Added Pin To Net: NetName=GND Pin=D10-2
Added Pin To Net: NetName=GND Pin=D11-2
Added Pin To Net: NetName=GND Pin=D12-2
Added Pin To Net: NetName=GND Pin=D13-2
Added Pin To Net: NetName=GND Pin=D14-2
Added Pin To Net: NetName=GND Pin=D15-2
Added Pin To Net: NetName=GND Pin=D16-2
Added Pin To Net: NetName=GND Pin=D17-1
Added Pin To Net: NetName=GND Pin=D18-1
Added Pin To Net: NetName=GND Pin=D19-1
Added Pin To Net: NetName=GND Pin=D20-1
Added Pin To Net: NetName=GND Pin=D21-2
Added Pin To Net: NetName=GND Pin=D22-2
Added Pin To Net: NetName=GND Pin=D23-2
Added Pin To Net: NetName=GND Pin=D24-2
Added Pin To Net: NetName=GND Pin=D25-2
Added Pin To Net: NetName=GND Pin=D26-2
Added Pin To Net: NetName=GND Pin=D27-2
Added Pin To Net: NetName=GND Pin=J1-2
Added Pin To Net: NetName=GND Pin=J2-2
Added Pin To Net: NetName=GND Pin=J3-2
Added Pin To Net: NetName=GND Pin=J4-2
Added Pin To Net: NetName=GND Pin=J13-1
Added Pin To Net: NetName=GND Pin=J14-1
Added Pin To Net: NetName=GND Pin=J15-1
Added Pin To Net: NetName=GND Pin=J16-1
Added Pin To Net: NetName=GND Pin=J17-2
Added Pin To Net: NetName=GND Pin=J18-2
Added Pin To Net: NetName=GND Pin=J19-2
Added Pin To Net: NetName=GND Pin=J20-2
Added Pin To Net: NetName=GND Pin=J28-1
Added Pin To Net: NetName=GND Pin=J29-1
Added Pin To Net: NetName=GND Pin=J30-1
Added Pin To Net: NetName=GND Pin=J31-1
Added Pin To Net: NetName=GND Pin=J32-4
Added Pin To Net: NetName=GND Pin=J33-4
Added Pin To Net: NetName=GND Pin=J34-1
Added Pin To Net: NetName=GND Pin=MCU1-11
Added Pin To Net: NetName=GND Pin=Q1-2
Added Pin To Net: NetName=GND Pin=Q2-2
Added Pin To Net: NetName=GND Pin=Q3-2
Added Pin To Net: NetName=GND Pin=Q4-2
Added Pin To Net: NetName=GND Pin=Q5-2
Added Pin To Net: NetName=GND Pin=Q6-2
Added Pin To Net: NetName=GND Pin=Q7-2
Added Pin To Net: NetName=GND Pin=Q8-2
Added Pin To Net: NetName=GND Pin=U1-1
Added Pin To Net: NetName=GND Pin=U2-8
Added Pin To Net: NetName=GND Pin=U2-13
Added Pin To Net: NetName=GND Pin=U3-1
Added Pin To Net: NetName=GND Pin=U4-10
Added Net: Name=GND
Added Pin To Net: NetName=ICE_CLK Pin=J34-3
Added Pin To Net: NetName=ICE_CLK Pin=MCU1-14
Added Net: Name=ICE_CLK
Added Pin To Net: NetName=ICE_DAT Pin=J34-4
Added Pin To Net: NetName=ICE_DAT Pin=MCU1-15
Added Net: Name=ICE_DAT
Added Pin To Net: NetName=LAT Pin=J32-3
Added Pin To Net: NetName=LAT Pin=J33-3
Added Pin To Net: NetName=LAT Pin=MCU1-4
Added Pin To Net: NetName=LAT Pin=U2-12
Added Net: Name=LAT
Added Pin To Net: NetName=NetC2_1 Pin=C2-1
Added Pin To Net: NetName=NetC2_1 Pin=C3-2
Added Pin To Net: NetName=NetC2_1 Pin=U1-2
Added Pin To Net: NetName=NetC2_1 Pin=U4-9
Added Net: Name=NetC2_1
Added Pin To Net: NetName=NetD1_1 Pin=D1-1
Added Pin To Net: NetName=NetD1_1 Pin=R5-1
Added Net: Name=NetD1_1
Added Pin To Net: NetName=NetD2_1 Pin=D2-1
Added Pin To Net: NetName=NetD2_1 Pin=R6-1
Added Net: Name=NetD2_1
Added Pin To Net: NetName=NetD3_1 Pin=D3-1
Added Pin To Net: NetName=NetD3_1 Pin=R7-1
Added Net: Name=NetD3_1
Added Pin To Net: NetName=NetD4_1 Pin=D4-1
Added Pin To Net: NetName=NetD4_1 Pin=R8-1
Added Net: Name=NetD4_1
Added Pin To Net: NetName=NetD5_2 Pin=D5-2
Added Pin To Net: NetName=NetD5_2 Pin=Q1-3
Added Pin To Net: NetName=NetD5_2 Pin=RL1-1
Added Net: Name=NetD5_2
Added Pin To Net: NetName=NetD6_2 Pin=D6-2
Added Pin To Net: NetName=NetD6_2 Pin=Q2-3
Added Pin To Net: NetName=NetD6_2 Pin=RL2-1
Added Net: Name=NetD6_2
Added Pin To Net: NetName=NetD7_2 Pin=D7-2
Added Pin To Net: NetName=NetD7_2 Pin=Q3-3
Added Pin To Net: NetName=NetD7_2 Pin=RL3-1
Added Net: Name=NetD7_2
Added Pin To Net: NetName=NetD8_2 Pin=D8-2
Added Pin To Net: NetName=NetD8_2 Pin=Q4-3
Added Pin To Net: NetName=NetD8_2 Pin=RL4-1
Added Net: Name=NetD8_2
Added Pin To Net: NetName=NetD9_1 Pin=D9-1
Added Pin To Net: NetName=NetD9_1 Pin=R9-1
Added Net: Name=NetD9_1
Added Pin To Net: NetName=NetD10_1 Pin=D10-1
Added Pin To Net: NetName=NetD10_1 Pin=R10-1
Added Net: Name=NetD10_1
Added Pin To Net: NetName=NetD11_1 Pin=D11-1
Added Pin To Net: NetName=NetD11_1 Pin=R11-1
Added Net: Name=NetD11_1
Added Pin To Net: NetName=NetD12_1 Pin=D12-1
Added Pin To Net: NetName=NetD12_1 Pin=R12-1
Added Net: Name=NetD12_1
Added Pin To Net: NetName=NetD13_1 Pin=D13-1
Added Pin To Net: NetName=NetD13_1 Pin=R17-1
Added Net: Name=NetD13_1
Added Pin To Net: NetName=NetD14_1 Pin=D14-1
Added Pin To Net: NetName=NetD14_1 Pin=R18-1
Added Net: Name=NetD14_1
Added Pin To Net: NetName=NetD15_1 Pin=D15-1
Added Pin To Net: NetName=NetD15_1 Pin=R19-1
Added Net: Name=NetD15_1
Added Pin To Net: NetName=NetD16_1 Pin=D16-1
Added Pin To Net: NetName=NetD16_1 Pin=R20-1
Added Net: Name=NetD16_1
Added Pin To Net: NetName=NetD17_2 Pin=D17-2
Added Pin To Net: NetName=NetD17_2 Pin=Q5-3
Added Pin To Net: NetName=NetD17_2 Pin=RL5-1
Added Net: Name=NetD17_2
Added Pin To Net: NetName=NetD18_2 Pin=D18-2
Added Pin To Net: NetName=NetD18_2 Pin=Q6-3
Added Pin To Net: NetName=NetD18_2 Pin=RL6-1
Added Net: Name=NetD18_2
Added Pin To Net: NetName=NetD19_2 Pin=D19-2
Added Pin To Net: NetName=NetD19_2 Pin=Q7-3
Added Pin To Net: NetName=NetD19_2 Pin=RL7-1
Added Net: Name=NetD19_2
Added Pin To Net: NetName=NetD20_2 Pin=D20-2
Added Pin To Net: NetName=NetD20_2 Pin=Q8-3
Added Pin To Net: NetName=NetD20_2 Pin=RL8-1
Added Net: Name=NetD20_2
Added Pin To Net: NetName=NetD21_1 Pin=D21-1
Added Pin To Net: NetName=NetD21_1 Pin=R21-1
Added Net: Name=NetD21_1
Added Pin To Net: NetName=NetD22_1 Pin=D22-1
Added Pin To Net: NetName=NetD22_1 Pin=R22-1
Added Net: Name=NetD22_1
Added Pin To Net: NetName=NetD23_1 Pin=D23-1
Added Pin To Net: NetName=NetD23_1 Pin=R23-1
Added Net: Name=NetD23_1
Added Pin To Net: NetName=NetD24_1 Pin=D24-1
Added Pin To Net: NetName=NetD24_1 Pin=R24-1
Added Net: Name=NetD24_1
Added Pin To Net: NetName=NetD25_1 Pin=D25-1
Added Pin To Net: NetName=NetD25_1 Pin=R25-1
Added Net: Name=NetD25_1
Added Pin To Net: NetName=NetD26_1 Pin=D26-1
Added Pin To Net: NetName=NetD26_1 Pin=R26-2
Added Net: Name=NetD26_1
Added Pin To Net: NetName=NetD27_1 Pin=D27-1
Added Pin To Net: NetName=NetD27_1 Pin=R29-2
Added Net: Name=NetD27_1
Added Pin To Net: NetName=NetJ2_1 Pin=J2-1
Added Pin To Net: NetName=NetJ2_1 Pin=J5-2
Added Pin To Net: NetName=NetJ2_1 Pin=J6-1
Added Pin To Net: NetName=NetJ2_1 Pin=R6-2
Added Pin To Net: NetName=NetJ2_1 Pin=RL2-2
Added Net: Name=NetJ2_1
Added Pin To Net: NetName=NetJ3_1 Pin=J3-1
Added Pin To Net: NetName=NetJ3_1 Pin=J6-2
Added Pin To Net: NetName=NetJ3_1 Pin=J7-1
Added Pin To Net: NetName=NetJ3_1 Pin=R7-2
Added Pin To Net: NetName=NetJ3_1 Pin=RL3-2
Added Net: Name=NetJ3_1
Added Pin To Net: NetName=NetJ4_1 Pin=J4-1
Added Pin To Net: NetName=NetJ4_1 Pin=J7-2
Added Pin To Net: NetName=NetJ4_1 Pin=J8-1
Added Pin To Net: NetName=NetJ4_1 Pin=R8-2
Added Pin To Net: NetName=NetJ4_1 Pin=RL4-2
Added Net: Name=NetJ4_1
Added Pin To Net: NetName=NetJ8_2 Pin=J8-2
Added Pin To Net: NetName=NetJ8_2 Pin=J17-1
Added Pin To Net: NetName=NetJ8_2 Pin=J21-1
Added Pin To Net: NetName=NetJ8_2 Pin=R17-2
Added Pin To Net: NetName=NetJ8_2 Pin=RL5-2
Added Net: Name=NetJ8_2
Added Pin To Net: NetName=NetJ9_1 Pin=J9-1
Added Pin To Net: NetName=NetJ9_1 Pin=RL1-4
Added Net: Name=NetJ9_1
Added Pin To Net: NetName=NetJ9_2 Pin=J9-2
Added Pin To Net: NetName=NetJ9_2 Pin=J13-2
Added Pin To Net: NetName=NetJ9_2 Pin=R9-2
Added Net: Name=NetJ9_2
Added Pin To Net: NetName=NetJ9_3 Pin=J9-3
Added Pin To Net: NetName=NetJ9_3 Pin=RL1-5
Added Net: Name=NetJ9_3
Added Pin To Net: NetName=NetJ10_1 Pin=J10-1
Added Pin To Net: NetName=NetJ10_1 Pin=RL2-4
Added Net: Name=NetJ10_1
Added Pin To Net: NetName=NetJ10_2 Pin=J10-2
Added Pin To Net: NetName=NetJ10_2 Pin=J14-2
Added Pin To Net: NetName=NetJ10_2 Pin=R10-2
Added Net: Name=NetJ10_2
Added Pin To Net: NetName=NetJ10_3 Pin=J10-3
Added Pin To Net: NetName=NetJ10_3 Pin=RL2-5
Added Net: Name=NetJ10_3
Added Pin To Net: NetName=NetJ11_1 Pin=J11-1
Added Pin To Net: NetName=NetJ11_1 Pin=RL3-4
Added Net: Name=NetJ11_1
Added Pin To Net: NetName=NetJ11_2 Pin=J11-2
Added Pin To Net: NetName=NetJ11_2 Pin=J15-2
Added Pin To Net: NetName=NetJ11_2 Pin=R11-2
Added Net: Name=NetJ11_2
Added Pin To Net: NetName=NetJ11_3 Pin=J11-3
Added Pin To Net: NetName=NetJ11_3 Pin=RL3-5
Added Net: Name=NetJ11_3
Added Pin To Net: NetName=NetJ12_1 Pin=J12-1
Added Pin To Net: NetName=NetJ12_1 Pin=RL4-4
Added Net: Name=NetJ12_1
Added Pin To Net: NetName=NetJ12_2 Pin=J12-2
Added Pin To Net: NetName=NetJ12_2 Pin=J16-2
Added Pin To Net: NetName=NetJ12_2 Pin=R12-2
Added Net: Name=NetJ12_2
Added Pin To Net: NetName=NetJ12_3 Pin=J12-3
Added Pin To Net: NetName=NetJ12_3 Pin=RL4-5
Added Net: Name=NetJ12_3
Added Pin To Net: NetName=NetJ18_1 Pin=J18-1
Added Pin To Net: NetName=NetJ18_1 Pin=J21-2
Added Pin To Net: NetName=NetJ18_1 Pin=J22-1
Added Pin To Net: NetName=NetJ18_1 Pin=R18-2
Added Pin To Net: NetName=NetJ18_1 Pin=RL6-2
Added Net: Name=NetJ18_1
Added Pin To Net: NetName=NetJ19_1 Pin=J19-1
Added Pin To Net: NetName=NetJ19_1 Pin=J22-2
Added Pin To Net: NetName=NetJ19_1 Pin=J23-1
Added Pin To Net: NetName=NetJ19_1 Pin=R19-2
Added Pin To Net: NetName=NetJ19_1 Pin=RL7-2
Added Net: Name=NetJ19_1
Added Pin To Net: NetName=NetJ20_1 Pin=J20-1
Added Pin To Net: NetName=NetJ20_1 Pin=J23-2
Added Pin To Net: NetName=NetJ20_1 Pin=R20-2
Added Pin To Net: NetName=NetJ20_1 Pin=RL8-2
Added Net: Name=NetJ20_1
Added Pin To Net: NetName=NetJ24_1 Pin=J24-1
Added Pin To Net: NetName=NetJ24_1 Pin=RL5-4
Added Net: Name=NetJ24_1
Added Pin To Net: NetName=NetJ24_2 Pin=J24-2
Added Pin To Net: NetName=NetJ24_2 Pin=J28-2
Added Pin To Net: NetName=NetJ24_2 Pin=R21-2
Added Net: Name=NetJ24_2
Added Pin To Net: NetName=NetJ24_3 Pin=J24-3
Added Pin To Net: NetName=NetJ24_3 Pin=RL5-5
Added Net: Name=NetJ24_3
Added Pin To Net: NetName=NetJ25_1 Pin=J25-1
Added Pin To Net: NetName=NetJ25_1 Pin=RL6-4
Added Net: Name=NetJ25_1
Added Pin To Net: NetName=NetJ25_2 Pin=J25-2
Added Pin To Net: NetName=NetJ25_2 Pin=J29-2
Added Pin To Net: NetName=NetJ25_2 Pin=R22-2
Added Net: Name=NetJ25_2
Added Pin To Net: NetName=NetJ25_3 Pin=J25-3
Added Pin To Net: NetName=NetJ25_3 Pin=RL6-5
Added Net: Name=NetJ25_3
Added Pin To Net: NetName=NetJ26_1 Pin=J26-1
Added Pin To Net: NetName=NetJ26_1 Pin=RL7-4
Added Net: Name=NetJ26_1
Added Pin To Net: NetName=NetJ26_2 Pin=J26-2
Added Pin To Net: NetName=NetJ26_2 Pin=J30-2
Added Pin To Net: NetName=NetJ26_2 Pin=R23-2
Added Net: Name=NetJ26_2
Added Pin To Net: NetName=NetJ26_3 Pin=J26-3
Added Pin To Net: NetName=NetJ26_3 Pin=RL7-5
Added Net: Name=NetJ26_3
Added Pin To Net: NetName=NetJ27_1 Pin=J27-1
Added Pin To Net: NetName=NetJ27_1 Pin=RL8-4
Added Net: Name=NetJ27_1
Added Pin To Net: NetName=NetJ27_2 Pin=J27-2
Added Pin To Net: NetName=NetJ27_2 Pin=J31-2
Added Pin To Net: NetName=NetJ27_2 Pin=R24-2
Added Net: Name=NetJ27_2
Added Pin To Net: NetName=NetJ27_3 Pin=J27-3
Added Pin To Net: NetName=NetJ27_3 Pin=RL8-5
Added Net: Name=NetJ27_3
Added Pin To Net: NetName=NetJ33_1 Pin=J33-1
Added Pin To Net: NetName=NetJ33_1 Pin=U2-9
Added Net: Name=NetJ33_1
Added Pin To Net: NetName=NetMCU1_1 Pin=MCU1-1
Added Pin To Net: NetName=NetMCU1_1 Pin=R26-1
Added Net: Name=NetMCU1_1
Added Pin To Net: NetName=NetQ1_1 Pin=Q1-1
Added Pin To Net: NetName=NetQ1_1 Pin=R1-2
Added Net: Name=NetQ1_1
Added Pin To Net: NetName=NetQ2_1 Pin=Q2-1
Added Pin To Net: NetName=NetQ2_1 Pin=R2-2
Added Net: Name=NetQ2_1
Added Pin To Net: NetName=NetQ3_1 Pin=Q3-1
Added Pin To Net: NetName=NetQ3_1 Pin=R3-2
Added Net: Name=NetQ3_1
Added Pin To Net: NetName=NetQ4_1 Pin=Q4-1
Added Pin To Net: NetName=NetQ4_1 Pin=R4-2
Added Net: Name=NetQ4_1
Added Pin To Net: NetName=NetQ5_1 Pin=Q5-1
Added Pin To Net: NetName=NetQ5_1 Pin=R13-2
Added Net: Name=NetQ5_1
Added Pin To Net: NetName=NetQ6_1 Pin=Q6-1
Added Pin To Net: NetName=NetQ6_1 Pin=R14-2
Added Net: Name=NetQ6_1
Added Pin To Net: NetName=NetQ7_1 Pin=Q7-1
Added Pin To Net: NetName=NetQ7_1 Pin=R15-2
Added Net: Name=NetQ7_1
Added Pin To Net: NetName=NetQ8_1 Pin=Q8-1
Added Pin To Net: NetName=NetQ8_1 Pin=R16-2
Added Net: Name=NetQ8_1
Added Pin To Net: NetName=NetQ9_1 Pin=Q9-1
Added Pin To Net: NetName=NetQ9_1 Pin=R28-2
Added Net: Name=NetQ9_1
Added Pin To Net: NetName=NetQ9_3 Pin=Q9-3
Added Pin To Net: NetName=NetQ9_3 Pin=R29-1
Added Net: Name=NetQ9_3
Added Pin To Net: NetName=NetR1_1 Pin=R1-1
Added Pin To Net: NetName=NetR1_1 Pin=U2-15
Added Net: Name=NetR1_1
Added Pin To Net: NetName=NetR2_1 Pin=R2-1
Added Pin To Net: NetName=NetR2_1 Pin=U2-1
Added Net: Name=NetR2_1
Added Pin To Net: NetName=NetR3_1 Pin=R3-1
Added Pin To Net: NetName=NetR3_1 Pin=U2-2
Added Net: Name=NetR3_1
Added Pin To Net: NetName=NetR4_1 Pin=R4-1
Added Pin To Net: NetName=NetR4_1 Pin=U2-3
Added Net: Name=NetR4_1
Added Pin To Net: NetName=NetR13_1 Pin=R13-1
Added Pin To Net: NetName=NetR13_1 Pin=U2-4
Added Net: Name=NetR13_1
Added Pin To Net: NetName=NetR14_1 Pin=R14-1
Added Pin To Net: NetName=NetR14_1 Pin=U2-5
Added Net: Name=NetR14_1
Added Pin To Net: NetName=NetR15_1 Pin=R15-1
Added Pin To Net: NetName=NetR15_1 Pin=U2-6
Added Net: Name=NetR15_1
Added Pin To Net: NetName=NetR16_1 Pin=R16-1
Added Pin To Net: NetName=NetR16_1 Pin=U2-7
Added Net: Name=NetR16_1
Added Pin To Net: NetName=RESET Pin=J34-2
Added Pin To Net: NetName=RESET Pin=MCU1-5
Added Pin To Net: NetName=RESET Pin=R27-2
Added Pin To Net: NetName=RESET Pin=R28-1
Added Net: Name=RESET
Added Pin To Net: NetName=SCK Pin=MCU1-16
Added Pin To Net: NetName=SCK Pin=U4-6
Added Net: Name=SCK
Added Pin To Net: NetName=SI Pin=MCU1-18
Added Pin To Net: NetName=SI Pin=U4-5
Added Net: Name=SI
Added Pin To Net: NetName=SO Pin=MCU1-17
Added Pin To Net: NetName=SO Pin=U4-4
Added Net: Name=SO
Added Pin To Net: NetName=VCC Pin=C1-1
Added Pin To Net: NetName=VCC Pin=C6-1
Added Pin To Net: NetName=VCC Pin=J34-5
Added Pin To Net: NetName=VCC Pin=MCU1-20
Added Pin To Net: NetName=VCC Pin=Q9-2
Added Pin To Net: NetName=VCC Pin=R25-2
Added Pin To Net: NetName=VCC Pin=R27-1
Added Pin To Net: NetName=VCC Pin=U2-10
Added Pin To Net: NetName=VCC Pin=U2-16
Added Pin To Net: NetName=VCC Pin=U3-2
Added Net: Name=VCC
Added Pin To Net: NetName=XT1 Pin=C4-1
Added Pin To Net: NetName=XT1 Pin=MCU1-10
Added Pin To Net: NetName=XT1 Pin=Y1-1
Added Net: Name=XT1
Added Pin To Net: NetName=XT2 Pin=C5-1
Added Pin To Net: NetName=XT2 Pin=MCU1-9
Added Pin To Net: NetName=XT2 Pin=Y1-2
Added Net: Name=XT2
Added Class: Name=NXP_RESET_BOARD_V2
Added Room: Name=NXP_RESET_BOARD_V2
