Removed Member From Class: ClassName=NXP_RESET_BOARD_V2 Member=J32
Removed Member From Class: ClassName=NXP_RESET_BOARD_V2 Member=J34
Change Component Designator: OldDesignator=D2 NewDesignator=D13
Change Component Designator: OldDesignator=D5 NewDesignator=D9
Change Component Designator: OldDesignator=D6 NewDesignator=D21
Change Component Designator: OldDesignator=D9 NewDesignator=D5
Change Component Designator: OldDesignator=D10 NewDesignator=D17
Change Component Designator: OldDesignator=D13 NewDesignator=D2
Change Component Designator: OldDesignator=D17 NewDesignator=D10
Change Component Designator: OldDesignator=D18 NewDesignator=D22
Change Component Designator: OldDesignator=D21 NewDesignator=D6
Change Component Designator: OldDesignator=D22 NewDesignator=D18
Change Component Designator: OldDesignator=D25 NewDesignator=D3
Change Component Designator: OldDesignator=D26 NewDesignator=D15
Change Component Designator: OldDesignator=D29 NewDesignator=D11
Change Component Designator: OldDesignator=D30 NewDesignator=D23
Change Component Designator: OldDesignator=D33 NewDesignator=D7
Change Component Designator: OldDesignator=D34 NewDesignator=D19
Change Component Designator: OldDesignator=D37 NewDesignator=D4
Change Component Designator: OldDesignator=D38 NewDesignator=D16
Change Component Designator: OldDesignator=D41 NewDesignator=D12
Change Component Designator: OldDesignator=D42 NewDesignator=D24
Change Component Designator: OldDesignator=D45 NewDesignator=D8
Change Component Designator: OldDesignator=D46 NewDesignator=D20
Change Component Designator: OldDesignator=J1 NewDesignator=J9
Change Component Designator: OldDesignator=J2 NewDesignator=J24
Change Component Designator: OldDesignator=J5 NewDesignator=J13
Change Component Designator: OldDesignator=J6 NewDesignator=J28
Change Component Designator: OldDesignator=J9 NewDesignator=J1
Change Component Designator: OldDesignator=J10 NewDesignator=J17
Change Component Designator: OldDesignator=J13 NewDesignator=J5
Change Component Designator: OldDesignator=J14 NewDesignator=J21
Change Component Designator: OldDesignator=J17 NewDesignator=J10
Change Component Designator: OldDesignator=J18 NewDesignator=J25
Change Component Designator: OldDesignator=J21 NewDesignator=J14
Change Component Designator: OldDesignator=J22 NewDesignator=J29
Change Component Designator: OldDesignator=J25 NewDesignator=J2
Change Component Designator: OldDesignator=J26 NewDesignator=J18
Change Component Designator: OldDesignator=J29 NewDesignator=J6
Change Component Designator: OldDesignator=J32 NewDesignator=J22
Change Component Designator: OldDesignator=J33 NewDesignator=J11
Change Component Designator: OldDesignator=J34 NewDesignator=J26
Change Component Designator: OldDesignator=J37 NewDesignator=J15
Change Component Designator: OldDesignator=J38 NewDesignator=J30
Change Component Designator: OldDesignator=J41 NewDesignator=J3
Change Component Designator: OldDesignator=J42 NewDesignator=J19
Change Component Designator: OldDesignator=J45 NewDesignator=J7
Change Component Designator: OldDesignator=J46 NewDesignator=J23
Change Component Designator: OldDesignator=J49 NewDesignator=J12
Change Component Designator: OldDesignator=J50 NewDesignator=J27
Change Component Designator: OldDesignator=J53 NewDesignator=J16
Change Component Designator: OldDesignator=J54 NewDesignator=J31
Change Component Designator: OldDesignator=J57 NewDesignator=J4
Change Component Designator: OldDesignator=J58 NewDesignator=J20
Change Component Designator: OldDesignator=J61 NewDesignator=J8
Change Component Designator: OldDesignator=Q2 NewDesignator=Q5
Change Component Designator: OldDesignator=Q5 NewDesignator=Q2
Change Component Designator: OldDesignator=Q9 NewDesignator=Q3
Change Component Designator: OldDesignator=Q10 NewDesignator=Q7
Change Component Designator: OldDesignator=Q13 NewDesignator=Q4
Change Component Designator: OldDesignator=Q14 NewDesignator=Q8
Change Component Designator: OldDesignator=R1 NewDesignator=R5
Change Component Designator: OldDesignator=R2 NewDesignator=R17
Change Component Designator: OldDesignator=R5 NewDesignator=R9
Change Component Designator: OldDesignator=R6 NewDesignator=R21
Change Component Designator: OldDesignator=R9 NewDesignator=R1
Change Component Designator: OldDesignator=R10 NewDesignator=R13
Change Component Designator: OldDesignator=R13 NewDesignator=R6
Change Component Designator: OldDesignator=R14 NewDesignator=R18
Change Component Designator: OldDesignator=R17 NewDesignator=R10
Change Component Designator: OldDesignator=R18 NewDesignator=R22
Change Component Designator: OldDesignator=R21 NewDesignator=R2
Change Component Designator: OldDesignator=R22 NewDesignator=R14
Change Component Designator: OldDesignator=R25 NewDesignator=R7
Change Component Designator: OldDesignator=R26 NewDesignator=R19
Change Component Designator: OldDesignator=R29 NewDesignator=R11
Change Component Designator: OldDesignator=R30 NewDesignator=R23
Change Component Designator: OldDesignator=R33 NewDesignator=R3
Change Component Designator: OldDesignator=R34 NewDesignator=R15
Change Component Designator: OldDesignator=R37 NewDesignator=R8
Change Component Designator: OldDesignator=R38 NewDesignator=R20
Change Component Designator: OldDesignator=R41 NewDesignator=R12
Change Component Designator: OldDesignator=R42 NewDesignator=R24
Change Component Designator: OldDesignator=R45 NewDesignator=R4
Change Component Designator: OldDesignator=R46 NewDesignator=R16
Change Component Designator: OldDesignator=RL2 NewDesignator=RL5
Change Component Designator: OldDesignator=RL5 NewDesignator=RL2
Change Component Designator: OldDesignator=RL9 NewDesignator=RL3
Change Component Designator: OldDesignator=RL10 NewDesignator=RL7
Change Component Designator: OldDesignator=RL13 NewDesignator=RL4
Change Component Designator: OldDesignator=RL14 NewDesignator=RL8
Change Net Name : Old Net Name=NetD2_1 New Net Name=NetD13_1
Change Net Name : Old Net Name=NetD5_1 New Net Name=NetD9_1
Change Net Name : Old Net Name=NetD6_1 New Net Name=NetD21_1
Change Net Name : Old Net Name=NetD9_2 New Net Name=NetD5_2
Change Net Name : Old Net Name=NetD10_2 New Net Name=NetD17_2
Change Net Name : Old Net Name=NetD13_1 New Net Name=NetD2_1
Change Net Name : Old Net Name=NetD17_1 New Net Name=NetD10_1
Change Net Name : Old Net Name=NetD18_1 New Net Name=NetD22_1
Change Net Name : Old Net Name=NetD21_2 New Net Name=NetD6_2
Change Net Name : Old Net Name=NetD22_2 New Net Name=NetD18_2
Change Net Name : Old Net Name=NetD25_1 New Net Name=NetD3_1
Change Net Name : Old Net Name=NetD26_1 New Net Name=NetD15_1
Change Net Name : Old Net Name=NetD29_1 New Net Name=NetD11_1
Change Net Name : Old Net Name=NetD30_1 New Net Name=NetD23_1
Change Net Name : Old Net Name=NetD33_2 New Net Name=NetD7_2
Change Net Name : Old Net Name=NetD34_2 New Net Name=NetD19_2
Change Net Name : Old Net Name=NetD37_1 New Net Name=NetD4_1
Change Net Name : Old Net Name=NetD38_1 New Net Name=NetD16_1
Change Net Name : Old Net Name=NetD41_1 New Net Name=NetD12_1
Change Net Name : Old Net Name=NetD42_1 New Net Name=NetD24_1
Change Net Name : Old Net Name=NetD45_2 New Net Name=NetD8_2
Change Net Name : Old Net Name=NetD46_2 New Net Name=NetD20_2
Change Net Name : Old Net Name=NetJ1_1 New Net Name=NetJ9_1
Change Net Name : Old Net Name=NetJ1_2 New Net Name=NetJ9_2
Change Net Name : Old Net Name=NetJ1_3 New Net Name=NetJ9_3
Change Net Name : Old Net Name=NetJ2_1 New Net Name=NetJ24_1
Change Net Name : Old Net Name=NetJ2_2 New Net Name=NetJ24_2
Change Net Name : Old Net Name=NetJ2_3 New Net Name=NetJ24_3
Change Net Name : Old Net Name=NetJ9_1 New Net Name=NetJ1_1
Change Net Name : Old Net Name=NetJ10_1 New Net Name=NetJ8_2
Change Net Name : Old Net Name=NetJ13_2 New Net Name=NetJ2_1
Change Net Name : Old Net Name=NetJ14_2 New Net Name=NetJ18_1
Change Net Name : Old Net Name=NetJ17_1 New Net Name=NetJ10_1
Change Net Name : Old Net Name=NetJ17_2 New Net Name=NetJ10_2
Change Net Name : Old Net Name=NetJ17_3 New Net Name=NetJ10_3
Change Net Name : Old Net Name=NetJ18_1 New Net Name=NetJ25_1
Change Net Name : Old Net Name=NetJ18_2 New Net Name=NetJ25_2
Change Net Name : Old Net Name=NetJ18_3 New Net Name=NetJ25_3
Change Net Name : Old Net Name=NetJ29_2 New Net Name=NetJ3_1
Change Net Name : Old Net Name=NetJ32_2 New Net Name=NetJ19_1
Change Net Name : Old Net Name=NetJ33_1 New Net Name=NetJ11_1
Change Net Name : Old Net Name=NetJ33_2 New Net Name=NetJ11_2
Change Net Name : Old Net Name=NetJ33_3 New Net Name=NetJ11_3
Change Net Name : Old Net Name=NetJ34_1 New Net Name=NetJ26_1
Change Net Name : Old Net Name=NetJ34_2 New Net Name=NetJ26_2
Change Net Name : Old Net Name=NetJ34_3 New Net Name=NetJ26_3
Change Net Name : Old Net Name=NetJ45_2 New Net Name=NetJ4_1
Change Net Name : Old Net Name=NetJ46_2 New Net Name=NetJ20_1
Change Net Name : Old Net Name=NetJ49_1 New Net Name=NetJ12_1
Change Net Name : Old Net Name=NetJ49_2 New Net Name=NetJ12_2
Change Net Name : Old Net Name=NetJ49_3 New Net Name=NetJ12_3
Change Net Name : Old Net Name=NetJ50_1 New Net Name=NetJ27_1
Change Net Name : Old Net Name=NetJ50_2 New Net Name=NetJ27_2
Change Net Name : Old Net Name=NetJ50_3 New Net Name=NetJ27_3
Change Net Name : Old Net Name=NetQ2_1 New Net Name=NetQ5_1
Change Net Name : Old Net Name=NetQ5_1 New Net Name=NetQ2_1
Change Net Name : Old Net Name=NetQ9_1 New Net Name=NetQ3_1
Change Net Name : Old Net Name=NetQ10_1 New Net Name=NetQ7_1
Change Net Name : Old Net Name=NetQ13_1 New Net Name=NetQ4_1
Change Net Name : Old Net Name=NetQ14_1 New Net Name=NetQ8_1
Added Member To Class: ClassName=NXP_RESET_BOARD_V2 Member=Component J24 HEADER-MALE-2.54MM
Added Member To Class: ClassName=NXP_RESET_BOARD_V2 Member=Component J28 KF306
Added Room: Name=NXP_RESET_BOARD_V2
