Removed Pin From Net: NetName=GND Pin=D3-2
Removed Pin From Net: NetName=GND Pin=D4-2
Removed Pin From Net: NetName=GND Pin=D7-2
Removed Pin From Net: NetName=GND Pin=D8-2
Removed Pin From Net: NetName=GND Pin=D11-1
Removed Pin From Net: NetName=GND Pin=D12-1
Removed Pin From Net: NetName=GND Pin=D15-2
Removed Pin From Net: NetName=GND Pin=D16-2
Removed Pin From Net: NetName=GND Pin=D19-2
Removed Pin From Net: NetName=GND Pin=D20-2
Removed Pin From Net: NetName=GND Pin=D23-1
Removed Pin From Net: NetName=GND Pin=D24-1
Removed Pin From Net: NetName=GND Pin=D27-2
Removed Pin From Net: NetName=GND Pin=D28-2
Removed Pin From Net: NetName=GND Pin=D31-2
Removed Pin From Net: NetName=GND Pin=D32-2
Removed Pin From Net: NetName=GND Pin=D35-1
Removed Pin From Net: NetName=GND Pin=D36-1
Removed Pin From Net: NetName=GND Pin=D39-2
Removed Pin From Net: NetName=GND Pin=D40-2
Removed Pin From Net: NetName=GND Pin=D43-2
Removed Pin From Net: NetName=GND Pin=D44-2
Removed Pin From Net: NetName=GND Pin=D47-1
Removed Pin From Net: NetName=GND Pin=D48-1
Removed Pin From Net: NetName=GND Pin=J7-1
Removed Pin From Net: NetName=GND Pin=J8-1
Removed Pin From Net: NetName=GND Pin=J11-2
Removed Pin From Net: NetName=GND Pin=J12-2
Removed Pin From Net: NetName=GND Pin=J23-1
Removed Pin From Net: NetName=GND Pin=J24-1
Removed Pin From Net: NetName=GND Pin=J27-2
Removed Pin From Net: NetName=GND Pin=J28-2
Removed Pin From Net: NetName=GND Pin=J39-1
Removed Pin From Net: NetName=GND Pin=J40-1
Removed Pin From Net: NetName=GND Pin=J43-2
Removed Pin From Net: NetName=GND Pin=J44-2
Removed Pin From Net: NetName=GND Pin=J55-1
Removed Pin From Net: NetName=GND Pin=J56-1
Removed Pin From Net: NetName=GND Pin=J59-2
Removed Pin From Net: NetName=GND Pin=J60-2
Removed Pin From Net: NetName=NetJ46_2 Pin=J62-1
Removed Pin From Net: NetName=GND Pin=Q3-2
Removed Pin From Net: NetName=GND Pin=Q4-2
Removed Pin From Net: NetName=GND Pin=Q7-2
Removed Pin From Net: NetName=GND Pin=Q8-2
Removed Pin From Net: NetName=GND Pin=Q11-2
Removed Pin From Net: NetName=GND Pin=Q12-2
Removed Pin From Net: NetName=GND Pin=Q15-2
Removed Pin From Net: NetName=GND Pin=Q16-2
Removed Pin From Net: NetName=+12 Pin=RL3-3
Removed Pin From Net: NetName=+12 Pin=RL4-3
Removed Pin From Net: NetName=+12 Pin=RL7-3
Removed Pin From Net: NetName=+12 Pin=RL8-3
Removed Pin From Net: NetName=+12 Pin=RL11-3
Removed Pin From Net: NetName=+12 Pin=RL12-3
Removed Pin From Net: NetName=+12 Pin=RL15-3
Removed Pin From Net: NetName=+12 Pin=RL16-3
Removed Member From Class: ClassName=NXP_RESET_BOARD_V2 Member=D3
Removed Member From Class: ClassName=NXP_RESET_BOARD_V2 Member=D4
Removed Member From Class: ClassName=NXP_RESET_BOARD_V2 Member=D7
Removed Member From Class: ClassName=NXP_RESET_BOARD_V2 Member=D8
Removed Member From Class: ClassName=NXP_RESET_BOARD_V2 Member=D11
Removed Member From Class: ClassName=NXP_RESET_BOARD_V2 Member=D12
Removed Member From Class: ClassName=NXP_RESET_BOARD_V2 Member=D15
Removed Member From Class: ClassName=NXP_RESET_BOARD_V2 Member=D16
Removed Member From Class: ClassName=NXP_RESET_BOARD_V2 Member=D19
Removed Member From Class: ClassName=NXP_RESET_BOARD_V2 Member=D20
Removed Member From Class: ClassName=NXP_RESET_BOARD_V2 Member=D23
Removed Member From Class: ClassName=NXP_RESET_BOARD_V2 Member=D24
Removed Member From Class: ClassName=NXP_RESET_BOARD_V2 Member=D27
Removed Member From Class: ClassName=NXP_RESET_BOARD_V2 Member=D28
Removed Member From Class: ClassName=NXP_RESET_BOARD_V2 Member=D31
Removed Member From Class: ClassName=NXP_RESET_BOARD_V2 Member=D32
Removed Member From Class: ClassName=NXP_RESET_BOARD_V2 Member=D35
Removed Member From Class: ClassName=NXP_RESET_BOARD_V2 Member=D36
Removed Member From Class: ClassName=NXP_RESET_BOARD_V2 Member=D39
Removed Member From Class: ClassName=NXP_RESET_BOARD_V2 Member=D40
Removed Member From Class: ClassName=NXP_RESET_BOARD_V2 Member=D43
Removed Member From Class: ClassName=NXP_RESET_BOARD_V2 Member=D44
Removed Member From Class: ClassName=NXP_RESET_BOARD_V2 Member=D47
Removed Member From Class: ClassName=NXP_RESET_BOARD_V2 Member=D48
Removed Member From Class: ClassName=NXP_RESET_BOARD_V2 Member=J3
Removed Member From Class: ClassName=NXP_RESET_BOARD_V2 Member=J4
Removed Member From Class: ClassName=NXP_RESET_BOARD_V2 Member=J7
Removed Member From Class: ClassName=NXP_RESET_BOARD_V2 Member=J8
Removed Member From Class: ClassName=NXP_RESET_BOARD_V2 Member=J11
Removed Member From Class: ClassName=NXP_RESET_BOARD_V2 Member=J12
Removed Member From Class: ClassName=NXP_RESET_BOARD_V2 Member=J15
Removed Member From Class: ClassName=NXP_RESET_BOARD_V2 Member=J16
Removed Member From Class: ClassName=NXP_RESET_BOARD_V2 Member=J19
Removed Member From Class: ClassName=NXP_RESET_BOARD_V2 Member=J20
Removed Member From Class: ClassName=NXP_RESET_BOARD_V2 Member=J23
Removed Member From Class: ClassName=NXP_RESET_BOARD_V2 Member=J24
Removed Member From Class: ClassName=NXP_RESET_BOARD_V2 Member=J27
Removed Member From Class: ClassName=NXP_RESET_BOARD_V2 Member=J28
Removed Member From Class: ClassName=NXP_RESET_BOARD_V2 Member=J30
Removed Member From Class: ClassName=NXP_RESET_BOARD_V2 Member=J31
Removed Member From Class: ClassName=NXP_RESET_BOARD_V2 Member=J35
Removed Member From Class: ClassName=NXP_RESET_BOARD_V2 Member=J36
Removed Member From Class: ClassName=NXP_RESET_BOARD_V2 Member=J39
Removed Member From Class: ClassName=NXP_RESET_BOARD_V2 Member=J40
Removed Member From Class: ClassName=NXP_RESET_BOARD_V2 Member=J43
Removed Member From Class: ClassName=NXP_RESET_BOARD_V2 Member=J44
Removed Member From Class: ClassName=NXP_RESET_BOARD_V2 Member=J47
Removed Member From Class: ClassName=NXP_RESET_BOARD_V2 Member=J48
Removed Member From Class: ClassName=NXP_RESET_BOARD_V2 Member=J51
Removed Member From Class: ClassName=NXP_RESET_BOARD_V2 Member=J52
Removed Member From Class: ClassName=NXP_RESET_BOARD_V2 Member=J55
Removed Member From Class: ClassName=NXP_RESET_BOARD_V2 Member=J56
Removed Member From Class: ClassName=NXP_RESET_BOARD_V2 Member=J59
Removed Member From Class: ClassName=NXP_RESET_BOARD_V2 Member=J60
Removed Member From Class: ClassName=NXP_RESET_BOARD_V2 Member=J62
Removed Member From Class: ClassName=NXP_RESET_BOARD_V2 Member=J63
Removed Member From Class: ClassName=NXP_RESET_BOARD_V2 Member=Q3
Removed Member From Class: ClassName=NXP_RESET_BOARD_V2 Member=Q4
Removed Member From Class: ClassName=NXP_RESET_BOARD_V2 Member=Q7
Removed Member From Class: ClassName=NXP_RESET_BOARD_V2 Member=Q8
Removed Member From Class: ClassName=NXP_RESET_BOARD_V2 Member=Q11
Removed Member From Class: ClassName=NXP_RESET_BOARD_V2 Member=Q12
Removed Member From Class: ClassName=NXP_RESET_BOARD_V2 Member=Q15
Removed Member From Class: ClassName=NXP_RESET_BOARD_V2 Member=Q16
Removed Member From Class: ClassName=NXP_RESET_BOARD_V2 Member=R3
Removed Member From Class: ClassName=NXP_RESET_BOARD_V2 Member=R4
Removed Member From Class: ClassName=NXP_RESET_BOARD_V2 Member=R7
Removed Member From Class: ClassName=NXP_RESET_BOARD_V2 Member=R8
Removed Member From Class: ClassName=NXP_RESET_BOARD_V2 Member=R11
Removed Member From Class: ClassName=NXP_RESET_BOARD_V2 Member=R12
Removed Member From Class: ClassName=NXP_RESET_BOARD_V2 Member=R15
Removed Member From Class: ClassName=NXP_RESET_BOARD_V2 Member=R16
Removed Member From Class: ClassName=NXP_RESET_BOARD_V2 Member=R19
Removed Member From Class: ClassName=NXP_RESET_BOARD_V2 Member=R20
Removed Member From Class: ClassName=NXP_RESET_BOARD_V2 Member=R23
Removed Member From Class: ClassName=NXP_RESET_BOARD_V2 Member=R24
Removed Member From Class: ClassName=NXP_RESET_BOARD_V2 Member=R27
Removed Member From Class: ClassName=NXP_RESET_BOARD_V2 Member=R28
Removed Member From Class: ClassName=NXP_RESET_BOARD_V2 Member=R31
Removed Member From Class: ClassName=NXP_RESET_BOARD_V2 Member=R32
Removed Member From Class: ClassName=NXP_RESET_BOARD_V2 Member=R35
Removed Member From Class: ClassName=NXP_RESET_BOARD_V2 Member=R36
Removed Member From Class: ClassName=NXP_RESET_BOARD_V2 Member=R39
Removed Member From Class: ClassName=NXP_RESET_BOARD_V2 Member=R40
Removed Member From Class: ClassName=NXP_RESET_BOARD_V2 Member=R43
Removed Member From Class: ClassName=NXP_RESET_BOARD_V2 Member=R44
Removed Member From Class: ClassName=NXP_RESET_BOARD_V2 Member=R47
Removed Member From Class: ClassName=NXP_RESET_BOARD_V2 Member=R48
Removed Member From Class: ClassName=NXP_RESET_BOARD_V2 Member=RL3
Removed Member From Class: ClassName=NXP_RESET_BOARD_V2 Member=RL4
Removed Member From Class: ClassName=NXP_RESET_BOARD_V2 Member=RL7
Removed Member From Class: ClassName=NXP_RESET_BOARD_V2 Member=RL8
Removed Member From Class: ClassName=NXP_RESET_BOARD_V2 Member=RL11
Removed Member From Class: ClassName=NXP_RESET_BOARD_V2 Member=RL12
Removed Member From Class: ClassName=NXP_RESET_BOARD_V2 Member=RL15
Removed Member From Class: ClassName=NXP_RESET_BOARD_V2 Member=RL16
Added Room: Name=NXP_RESET_BOARD_V2
