Added Component: Designator=C7(C0805)
Added Component: Designator=C8(C0805)
Added Component: Designator=J35(HEADER-MALE-04PINS-2.54MM)
Added Pin To Net: NetName=+12 Pin=C7-1
Added Pin To Net: NetName=GND Pin=C7-2
Added Pin To Net: NetName=VCC Pin=C8-1
Added Pin To Net: NetName=GND Pin=C8-2
Added Pin To Net: NetName=GND Pin=J35-1
Added Pin To Net: NetName=VCC Pin=J35-4
Change Net Name : Old Net Name=NetJ33_1 New Net Name=OUT
Added Pin To Net: NetName=NetJ35_2 Pin=J35-2
Added Pin To Net: NetName=NetJ35_2 Pin=MCU1-12
Added Net: Name=NetJ35_2
Added Pin To Net: NetName=NetJ35_3 Pin=J35-3
Added Pin To Net: NetName=NetJ35_3 Pin=MCU1-13
Added Net: Name=NetJ35_3
Added Member To Class: ClassName=NXP_RESET_BOARD_V2 Member=Component C7 104
Added Member To Class: ClassName=NXP_RESET_BOARD_V2 Member=Component C8 104
Added Member To Class: ClassName=NXP_RESET_BOARD_V2 Member=Component J35 UART0
Added Room: Name=NXP_RESET_BOARD_V2
