Added Component: Designator=D1(L0805RED)
Added Component: Designator=D2(L0805RED)
Added Component: Designator=D3(L0805RED)
Added Component: Designator=D4(L0805RED)
Added Component: Designator=D5(L0805RED)
Added Component: Designator=D6(L0805RED)
Added Component: Designator=D7(L0805RED)
Added Component: Designator=D8(L0805RED)
Added Component: Designator=D9(SOD-80)
Added Component: Designator=D10(SOD-80)
Added Component: Designator=D11(SOD-80)
Added Component: Designator=D12(SOD-80)
Added Component: Designator=D13(L0805RED)
Added Component: Designator=D14(L0805RED)
Added Component: Designator=D15(L0805RED)
Added Component: Designator=D16(L0805RED)
Added Component: Designator=D17(L0805RED)
Added Component: Designator=D18(L0805RED)
Added Component: Designator=D19(L0805RED)
Added Component: Designator=D20(L0805RED)
Added Component: Designator=D21(SOD-80)
Added Component: Designator=D22(SOD-80)
Added Component: Designator=D23(SOD-80)
Added Component: Designator=D24(SOD-80)
Added Component: Designator=D25(L0805RED)
Added Component: Designator=D26(L0805RED)
Added Component: Designator=D27(L0805RED)
Added Component: Designator=D28(L0805RED)
Added Component: Designator=D29(L0805RED)
Added Component: Designator=D30(L0805RED)
Added Component: Designator=D31(L0805RED)
Added Component: Designator=D32(L0805RED)
Added Component: Designator=D33(SOD-80)
Added Component: Designator=D34(SOD-80)
Added Component: Designator=D35(SOD-80)
Added Component: Designator=D36(SOD-80)
Added Component: Designator=D37(L0805RED)
Added Component: Designator=D38(L0805RED)
Added Component: Designator=D39(L0805RED)
Added Component: Designator=D40(L0805RED)
Added Component: Designator=D41(L0805RED)
Added Component: Designator=D42(L0805RED)
Added Component: Designator=D43(L0805RED)
Added Component: Designator=D44(L0805RED)
Added Component: Designator=D45(SOD-80)
Added Component: Designator=D46(SOD-80)
Added Component: Designator=D47(SOD-80)
Added Component: Designator=D48(SOD-80)
Added Component: Designator=J1(HEADER-MALE-03PINS-2.54MM)
Added Component: Designator=J2(HEADER-MALE-03PINS-2.54MM)
Added Component: Designator=J3(HEADER-MALE-03PINS-2.54MM)
Added Component: Designator=J4(HEADER-MALE-03PINS-2.54MM)
Added Component: Designator=J5(DG306-5.0-02P-12-00AH)
Added Component: Designator=J6(DG306-5.0-02P-12-00AH)
Added Component: Designator=J7(DG306-5.0-02P-12-00AH)
Added Component: Designator=J8(DG306-5.0-02P-12-00AH)
Added Component: Designator=J9(DC_K375A_Power)
Added Component: Designator=J10(DC_K375A_Power)
Added Component: Designator=J11(DC_K375A_Power)
Added Component: Designator=J12(DC_K375A_Power)
Added Component: Designator=J13(HEADER-MALE-03PINS-2.54MM)
Added Component: Designator=J14(HEADER-MALE-03PINS-2.54MM)
Added Component: Designator=J15(HEADER-MALE-03PINS-2.54MM)
Added Component: Designator=J16(HEADER-MALE-03PINS-2.54MM)
Added Component: Designator=J17(HEADER-MALE-03PINS-2.54MM)
Added Component: Designator=J18(HEADER-MALE-03PINS-2.54MM)
Added Component: Designator=J19(HEADER-MALE-03PINS-2.54MM)
Added Component: Designator=J20(HEADER-MALE-03PINS-2.54MM)
Added Component: Designator=J21(DG306-5.0-02P-12-00AH)
Added Component: Designator=J22(DG306-5.0-02P-12-00AH)
Added Component: Designator=J23(DG306-5.0-02P-12-00AH)
Added Component: Designator=J24(DG306-5.0-02P-12-00AH)
Added Component: Designator=J25(DC_K375A_Power)
Added Component: Designator=J26(DC_K375A_Power)
Added Component: Designator=J27(DC_K375A_Power)
Added Component: Designator=J28(DC_K375A_Power)
Added Component: Designator=J29(HEADER-MALE-03PINS-2.54MM)
Added Component: Designator=J30(HEADER-MALE-03PINS-2.54MM)
Added Component: Designator=J31(HEADER-MALE-03PINS-2.54MM)
Added Component: Designator=J32(HEADER-MALE-03PINS-2.54MM)
Added Component: Designator=J33(HEADER-MALE-03PINS-2.54MM)
Added Component: Designator=J34(HEADER-MALE-03PINS-2.54MM)
Added Component: Designator=J35(HEADER-MALE-03PINS-2.54MM)
Added Component: Designator=J36(HEADER-MALE-03PINS-2.54MM)
Added Component: Designator=J37(DG306-5.0-02P-12-00AH)
Added Component: Designator=J38(DG306-5.0-02P-12-00AH)
Added Component: Designator=J39(DG306-5.0-02P-12-00AH)
Added Component: Designator=J40(DG306-5.0-02P-12-00AH)
Added Component: Designator=J41(DC_K375A_Power)
Added Component: Designator=J42(DC_K375A_Power)
Added Component: Designator=J43(DC_K375A_Power)
Added Component: Designator=J44(DC_K375A_Power)
Added Component: Designator=J45(HEADER-MALE-03PINS-2.54MM)
Added Component: Designator=J46(HEADER-MALE-03PINS-2.54MM)
Added Component: Designator=J47(HEADER-MALE-03PINS-2.54MM)
Added Component: Designator=J48(HEADER-MALE-03PINS-2.54MM)
Added Component: Designator=J49(HEADER-MALE-03PINS-2.54MM)
Added Component: Designator=J50(HEADER-MALE-03PINS-2.54MM)
Added Component: Designator=J51(HEADER-MALE-03PINS-2.54MM)
Added Component: Designator=J52(HEADER-MALE-03PINS-2.54MM)
Added Component: Designator=J53(DG306-5.0-02P-12-00AH)
Added Component: Designator=J54(DG306-5.0-02P-12-00AH)
Added Component: Designator=J55(DG306-5.0-02P-12-00AH)
Added Component: Designator=J56(DG306-5.0-02P-12-00AH)
Added Component: Designator=J57(DC_K375A_Power)
Added Component: Designator=J58(DC_K375A_Power)
Added Component: Designator=J59(DC_K375A_Power)
Added Component: Designator=J60(DC_K375A_Power)
Added Component: Designator=J61(HEADER-MALE-03PINS-2.54MM)
Added Component: Designator=J62(HEADER-MALE-03PINS-2.54MM)
Added Component: Designator=J63(HEADER-MALE-03PINS-2.54MM)
Added Component: Designator=Q1(SOT23-3)
Added Component: Designator=Q2(SOT23-3)
Added Component: Designator=Q3(SOT23-3)
Added Component: Designator=Q4(SOT23-3)
Added Component: Designator=Q5(SOT23-3)
Added Component: Designator=Q6(SOT23-3)
Added Component: Designator=Q7(SOT23-3)
Added Component: Designator=Q8(SOT23-3)
Added Component: Designator=Q9(SOT23-3)
Added Component: Designator=Q10(SOT23-3)
Added Component: Designator=Q11(SOT23-3)
Added Component: Designator=Q12(SOT23-3)
Added Component: Designator=Q13(SOT23-3)
Added Component: Designator=Q14(SOT23-3)
Added Component: Designator=Q15(SOT23-3)
Added Component: Designator=Q16(SOT23-3)
Added Component: Designator=R1(R0805)
Added Component: Designator=R2(R0805)
Added Component: Designator=R3(R0805)
Added Component: Designator=R4(R0805)
Added Component: Designator=R5(R0805)
Added Component: Designator=R6(R0805)
Added Component: Designator=R7(R0805)
Added Component: Designator=R8(R0805)
Added Component: Designator=R9(R0805)
Added Component: Designator=R10(R0805)
Added Component: Designator=R11(R0805)
Added Component: Designator=R12(R0805)
Added Component: Designator=R13(R0805)
Added Component: Designator=R14(R0805)
Added Component: Designator=R15(R0805)
Added Component: Designator=R16(R0805)
Added Component: Designator=R17(R0805)
Added Component: Designator=R18(R0805)
Added Component: Designator=R19(R0805)
Added Component: Designator=R20(R0805)
Added Component: Designator=R21(R0805)
Added Component: Designator=R22(R0805)
Added Component: Designator=R23(R0805)
Added Component: Designator=R24(R0805)
Added Component: Designator=R25(R0805)
Added Component: Designator=R26(R0805)
Added Component: Designator=R27(R0805)
Added Component: Designator=R28(R0805)
Added Component: Designator=R29(R0805)
Added Component: Designator=R30(R0805)
Added Component: Designator=R31(R0805)
Added Component: Designator=R32(R0805)
Added Component: Designator=R33(R0805)
Added Component: Designator=R34(R0805)
Added Component: Designator=R35(R0805)
Added Component: Designator=R36(R0805)
Added Component: Designator=R37(R0805)
Added Component: Designator=R38(R0805)
Added Component: Designator=R39(R0805)
Added Component: Designator=R40(R0805)
Added Component: Designator=R41(R0805)
Added Component: Designator=R42(R0805)
Added Component: Designator=R43(R0805)
Added Component: Designator=R44(R0805)
Added Component: Designator=R45(R0805)
Added Component: Designator=R46(R0805)
Added Component: Designator=R47(R0805)
Added Component: Designator=R48(R0805)
Added Component: Designator=RL1(RELAY-SONGLE-SRD-05VDC_BLUE)
Added Component: Designator=RL2(RELAY-SONGLE-SRD-05VDC_BLUE)
Added Component: Designator=RL3(RELAY-SONGLE-SRD-05VDC_BLUE)
Added Component: Designator=RL4(RELAY-SONGLE-SRD-05VDC_BLUE)
Added Component: Designator=RL5(RELAY-SONGLE-SRD-05VDC_BLUE)
Added Component: Designator=RL6(RELAY-SONGLE-SRD-05VDC_BLUE)
Added Component: Designator=RL7(RELAY-SONGLE-SRD-05VDC_BLUE)
Added Component: Designator=RL8(RELAY-SONGLE-SRD-05VDC_BLUE)
Added Component: Designator=RL9(RELAY-SONGLE-SRD-05VDC_BLUE)
Added Component: Designator=RL10(RELAY-SONGLE-SRD-05VDC_BLUE)
Added Component: Designator=RL11(RELAY-SONGLE-SRD-05VDC_BLUE)
Added Component: Designator=RL12(RELAY-SONGLE-SRD-05VDC_BLUE)
Added Component: Designator=RL13(RELAY-SONGLE-SRD-05VDC_BLUE)
Added Component: Designator=RL14(RELAY-SONGLE-SRD-05VDC_BLUE)
Added Component: Designator=RL15(RELAY-SONGLE-SRD-05VDC_BLUE)
Added Component: Designator=RL16(RELAY-SONGLE-SRD-05VDC_BLUE)
Added Pin To Net: NetName=+12 Pin=RL1-3
Added Pin To Net: NetName=+12 Pin=RL2-3
Added Pin To Net: NetName=+12 Pin=RL3-3
Added Pin To Net: NetName=+12 Pin=RL4-3
Added Pin To Net: NetName=+12 Pin=RL5-3
Added Pin To Net: NetName=+12 Pin=RL6-3
Added Pin To Net: NetName=+12 Pin=RL7-3
Added Pin To Net: NetName=+12 Pin=RL8-3
Added Pin To Net: NetName=+12 Pin=RL9-3
Added Pin To Net: NetName=+12 Pin=RL10-3
Added Pin To Net: NetName=+12 Pin=RL11-3
Added Pin To Net: NetName=+12 Pin=RL12-3
Added Pin To Net: NetName=+12 Pin=RL13-3
Added Pin To Net: NetName=+12 Pin=RL14-3
Added Pin To Net: NetName=+12 Pin=RL15-3
Added Pin To Net: NetName=+12 Pin=RL16-3
Added Net: Name=+12
Added Pin To Net: NetName=GND Pin=D1-2
Added Pin To Net: NetName=GND Pin=D2-2
Added Pin To Net: NetName=GND Pin=D3-2
Added Pin To Net: NetName=GND Pin=D4-2
Added Pin To Net: NetName=GND Pin=D5-2
Added Pin To Net: NetName=GND Pin=D6-2
Added Pin To Net: NetName=GND Pin=D7-2
Added Pin To Net: NetName=GND Pin=D8-2
Added Pin To Net: NetName=GND Pin=D9-1
Added Pin To Net: NetName=GND Pin=D10-1
Added Pin To Net: NetName=GND Pin=D11-1
Added Pin To Net: NetName=GND Pin=D12-1
Added Pin To Net: NetName=GND Pin=D13-2
Added Pin To Net: NetName=GND Pin=D14-2
Added Pin To Net: NetName=GND Pin=D15-2
Added Pin To Net: NetName=GND Pin=D16-2
Added Pin To Net: NetName=GND Pin=D17-2
Added Pin To Net: NetName=GND Pin=D18-2
Added Pin To Net: NetName=GND Pin=D19-2
Added Pin To Net: NetName=GND Pin=D20-2
Added Pin To Net: NetName=GND Pin=D21-1
Added Pin To Net: NetName=GND Pin=D22-1
Added Pin To Net: NetName=GND Pin=D23-1
Added Pin To Net: NetName=GND Pin=D24-1
Added Pin To Net: NetName=GND Pin=D25-2
Added Pin To Net: NetName=GND Pin=D26-2
Added Pin To Net: NetName=GND Pin=D27-2
Added Pin To Net: NetName=GND Pin=D28-2
Added Pin To Net: NetName=GND Pin=D29-2
Added Pin To Net: NetName=GND Pin=D30-2
Added Pin To Net: NetName=GND Pin=D31-2
Added Pin To Net: NetName=GND Pin=D32-2
Added Pin To Net: NetName=GND Pin=D33-1
Added Pin To Net: NetName=GND Pin=D34-1
Added Pin To Net: NetName=GND Pin=D35-1
Added Pin To Net: NetName=GND Pin=D36-1
Added Pin To Net: NetName=GND Pin=D37-2
Added Pin To Net: NetName=GND Pin=D38-2
Added Pin To Net: NetName=GND Pin=D39-2
Added Pin To Net: NetName=GND Pin=D40-2
Added Pin To Net: NetName=GND Pin=D41-2
Added Pin To Net: NetName=GND Pin=D42-2
Added Pin To Net: NetName=GND Pin=D43-2
Added Pin To Net: NetName=GND Pin=D44-2
Added Pin To Net: NetName=GND Pin=D45-1
Added Pin To Net: NetName=GND Pin=D46-1
Added Pin To Net: NetName=GND Pin=D47-1
Added Pin To Net: NetName=GND Pin=D48-1
Added Pin To Net: NetName=GND Pin=J5-1
Added Pin To Net: NetName=GND Pin=J6-1
Added Pin To Net: NetName=GND Pin=J7-1
Added Pin To Net: NetName=GND Pin=J8-1
Added Pin To Net: NetName=GND Pin=J9-2
Added Pin To Net: NetName=GND Pin=J10-2
Added Pin To Net: NetName=GND Pin=J11-2
Added Pin To Net: NetName=GND Pin=J12-2
Added Pin To Net: NetName=GND Pin=J21-1
Added Pin To Net: NetName=GND Pin=J22-1
Added Pin To Net: NetName=GND Pin=J23-1
Added Pin To Net: NetName=GND Pin=J24-1
Added Pin To Net: NetName=GND Pin=J25-2
Added Pin To Net: NetName=GND Pin=J26-2
Added Pin To Net: NetName=GND Pin=J27-2
Added Pin To Net: NetName=GND Pin=J28-2
Added Pin To Net: NetName=GND Pin=J37-1
Added Pin To Net: NetName=GND Pin=J38-1
Added Pin To Net: NetName=GND Pin=J39-1
Added Pin To Net: NetName=GND Pin=J40-1
Added Pin To Net: NetName=GND Pin=J41-2
Added Pin To Net: NetName=GND Pin=J42-2
Added Pin To Net: NetName=GND Pin=J43-2
Added Pin To Net: NetName=GND Pin=J44-2
Added Pin To Net: NetName=GND Pin=J53-1
Added Pin To Net: NetName=GND Pin=J54-1
Added Pin To Net: NetName=GND Pin=J55-1
Added Pin To Net: NetName=GND Pin=J56-1
Added Pin To Net: NetName=GND Pin=J57-2
Added Pin To Net: NetName=GND Pin=J58-2
Added Pin To Net: NetName=GND Pin=J59-2
Added Pin To Net: NetName=GND Pin=J60-2
Added Pin To Net: NetName=GND Pin=Q1-2
Added Pin To Net: NetName=GND Pin=Q2-2
Added Pin To Net: NetName=GND Pin=Q3-2
Added Pin To Net: NetName=GND Pin=Q4-2
Added Pin To Net: NetName=GND Pin=Q5-2
Added Pin To Net: NetName=GND Pin=Q6-2
Added Pin To Net: NetName=GND Pin=Q7-2
Added Pin To Net: NetName=GND Pin=Q8-2
Added Pin To Net: NetName=GND Pin=Q9-2
Added Pin To Net: NetName=GND Pin=Q10-2
Added Pin To Net: NetName=GND Pin=Q11-2
Added Pin To Net: NetName=GND Pin=Q12-2
Added Pin To Net: NetName=GND Pin=Q13-2
Added Pin To Net: NetName=GND Pin=Q14-2
Added Pin To Net: NetName=GND Pin=Q15-2
Added Pin To Net: NetName=GND Pin=Q16-2
Added Net: Name=GND
Added Pin To Net: NetName=NetD1_1 Pin=D1-1
Added Pin To Net: NetName=NetD1_1 Pin=R1-1
Added Net: Name=NetD1_1
Added Pin To Net: NetName=NetD2_1 Pin=D2-1
Added Pin To Net: NetName=NetD2_1 Pin=R2-1
Added Net: Name=NetD2_1
Added Pin To Net: NetName=NetD3_1 Pin=D3-1
Added Pin To Net: NetName=NetD3_1 Pin=R3-1
Added Net: Name=NetD3_1
Added Pin To Net: NetName=NetD4_1 Pin=D4-1
Added Pin To Net: NetName=NetD4_1 Pin=R4-1
Added Net: Name=NetD4_1
Added Pin To Net: NetName=NetD5_1 Pin=D5-1
Added Pin To Net: NetName=NetD5_1 Pin=R5-1
Added Net: Name=NetD5_1
Added Pin To Net: NetName=NetD6_1 Pin=D6-1
Added Pin To Net: NetName=NetD6_1 Pin=R6-1
Added Net: Name=NetD6_1
Added Pin To Net: NetName=NetD7_1 Pin=D7-1
Added Pin To Net: NetName=NetD7_1 Pin=R7-1
Added Net: Name=NetD7_1
Added Pin To Net: NetName=NetD8_1 Pin=D8-1
Added Pin To Net: NetName=NetD8_1 Pin=R8-1
Added Net: Name=NetD8_1
Added Pin To Net: NetName=NetD9_2 Pin=D9-2
Added Pin To Net: NetName=NetD9_2 Pin=Q1-3
Added Pin To Net: NetName=NetD9_2 Pin=RL1-1
Added Net: Name=NetD9_2
Added Pin To Net: NetName=NetD10_2 Pin=D10-2
Added Pin To Net: NetName=NetD10_2 Pin=Q2-3
Added Pin To Net: NetName=NetD10_2 Pin=RL2-1
Added Net: Name=NetD10_2
Added Pin To Net: NetName=NetD11_2 Pin=D11-2
Added Pin To Net: NetName=NetD11_2 Pin=Q3-3
Added Pin To Net: NetName=NetD11_2 Pin=RL3-1
Added Net: Name=NetD11_2
Added Pin To Net: NetName=NetD12_2 Pin=D12-2
Added Pin To Net: NetName=NetD12_2 Pin=Q4-3
Added Pin To Net: NetName=NetD12_2 Pin=RL4-1
Added Net: Name=NetD12_2
Added Pin To Net: NetName=NetD13_1 Pin=D13-1
Added Pin To Net: NetName=NetD13_1 Pin=R13-1
Added Net: Name=NetD13_1
Added Pin To Net: NetName=NetD14_1 Pin=D14-1
Added Pin To Net: NetName=NetD14_1 Pin=R14-1
Added Net: Name=NetD14_1
Added Pin To Net: NetName=NetD15_1 Pin=D15-1
Added Pin To Net: NetName=NetD15_1 Pin=R15-1
Added Net: Name=NetD15_1
Added Pin To Net: NetName=NetD16_1 Pin=D16-1
Added Pin To Net: NetName=NetD16_1 Pin=R16-1
Added Net: Name=NetD16_1
Added Pin To Net: NetName=NetD17_1 Pin=D17-1
Added Pin To Net: NetName=NetD17_1 Pin=R17-1
Added Net: Name=NetD17_1
Added Pin To Net: NetName=NetD18_1 Pin=D18-1
Added Pin To Net: NetName=NetD18_1 Pin=R18-1
Added Net: Name=NetD18_1
Added Pin To Net: NetName=NetD19_1 Pin=D19-1
Added Pin To Net: NetName=NetD19_1 Pin=R19-1
Added Net: Name=NetD19_1
Added Pin To Net: NetName=NetD20_1 Pin=D20-1
Added Pin To Net: NetName=NetD20_1 Pin=R20-1
Added Net: Name=NetD20_1
Added Pin To Net: NetName=NetD21_2 Pin=D21-2
Added Pin To Net: NetName=NetD21_2 Pin=Q5-3
Added Pin To Net: NetName=NetD21_2 Pin=RL5-1
Added Net: Name=NetD21_2
Added Pin To Net: NetName=NetD22_2 Pin=D22-2
Added Pin To Net: NetName=NetD22_2 Pin=Q6-3
Added Pin To Net: NetName=NetD22_2 Pin=RL6-1
Added Net: Name=NetD22_2
Added Pin To Net: NetName=NetD23_2 Pin=D23-2
Added Pin To Net: NetName=NetD23_2 Pin=Q7-3
Added Pin To Net: NetName=NetD23_2 Pin=RL7-1
Added Net: Name=NetD23_2
Added Pin To Net: NetName=NetD24_2 Pin=D24-2
Added Pin To Net: NetName=NetD24_2 Pin=Q8-3
Added Pin To Net: NetName=NetD24_2 Pin=RL8-1
Added Net: Name=NetD24_2
Added Pin To Net: NetName=NetD25_1 Pin=D25-1
Added Pin To Net: NetName=NetD25_1 Pin=R25-1
Added Net: Name=NetD25_1
Added Pin To Net: NetName=NetD26_1 Pin=D26-1
Added Pin To Net: NetName=NetD26_1 Pin=R26-1
Added Net: Name=NetD26_1
Added Pin To Net: NetName=NetD27_1 Pin=D27-1
Added Pin To Net: NetName=NetD27_1 Pin=R27-1
Added Net: Name=NetD27_1
Added Pin To Net: NetName=NetD28_1 Pin=D28-1
Added Pin To Net: NetName=NetD28_1 Pin=R28-1
Added Net: Name=NetD28_1
Added Pin To Net: NetName=NetD29_1 Pin=D29-1
Added Pin To Net: NetName=NetD29_1 Pin=R29-1
Added Net: Name=NetD29_1
Added Pin To Net: NetName=NetD30_1 Pin=D30-1
Added Pin To Net: NetName=NetD30_1 Pin=R30-1
Added Net: Name=NetD30_1
Added Pin To Net: NetName=NetD31_1 Pin=D31-1
Added Pin To Net: NetName=NetD31_1 Pin=R31-1
Added Net: Name=NetD31_1
Added Pin To Net: NetName=NetD32_1 Pin=D32-1
Added Pin To Net: NetName=NetD32_1 Pin=R32-1
Added Net: Name=NetD32_1
Added Pin To Net: NetName=NetD33_2 Pin=D33-2
Added Pin To Net: NetName=NetD33_2 Pin=Q9-3
Added Pin To Net: NetName=NetD33_2 Pin=RL9-1
Added Net: Name=NetD33_2
Added Pin To Net: NetName=NetD34_2 Pin=D34-2
Added Pin To Net: NetName=NetD34_2 Pin=Q10-3
Added Pin To Net: NetName=NetD34_2 Pin=RL10-1
Added Net: Name=NetD34_2
Added Pin To Net: NetName=NetD35_2 Pin=D35-2
Added Pin To Net: NetName=NetD35_2 Pin=Q11-3
Added Pin To Net: NetName=NetD35_2 Pin=RL11-1
Added Net: Name=NetD35_2
Added Pin To Net: NetName=NetD36_2 Pin=D36-2
Added Pin To Net: NetName=NetD36_2 Pin=Q12-3
Added Pin To Net: NetName=NetD36_2 Pin=RL12-1
Added Net: Name=NetD36_2
Added Pin To Net: NetName=NetD37_1 Pin=D37-1
Added Pin To Net: NetName=NetD37_1 Pin=R37-1
Added Net: Name=NetD37_1
Added Pin To Net: NetName=NetD38_1 Pin=D38-1
Added Pin To Net: NetName=NetD38_1 Pin=R38-1
Added Net: Name=NetD38_1
Added Pin To Net: NetName=NetD39_1 Pin=D39-1
Added Pin To Net: NetName=NetD39_1 Pin=R39-1
Added Net: Name=NetD39_1
Added Pin To Net: NetName=NetD40_1 Pin=D40-1
Added Pin To Net: NetName=NetD40_1 Pin=R40-1
Added Net: Name=NetD40_1
Added Pin To Net: NetName=NetD41_1 Pin=D41-1
Added Pin To Net: NetName=NetD41_1 Pin=R41-1
Added Net: Name=NetD41_1
Added Pin To Net: NetName=NetD42_1 Pin=D42-1
Added Pin To Net: NetName=NetD42_1 Pin=R42-1
Added Net: Name=NetD42_1
Added Pin To Net: NetName=NetD43_1 Pin=D43-1
Added Pin To Net: NetName=NetD43_1 Pin=R43-1
Added Net: Name=NetD43_1
Added Pin To Net: NetName=NetD44_1 Pin=D44-1
Added Pin To Net: NetName=NetD44_1 Pin=R44-1
Added Net: Name=NetD44_1
Added Pin To Net: NetName=NetD45_2 Pin=D45-2
Added Pin To Net: NetName=NetD45_2 Pin=Q13-3
Added Pin To Net: NetName=NetD45_2 Pin=RL13-1
Added Net: Name=NetD45_2
Added Pin To Net: NetName=NetD46_2 Pin=D46-2
Added Pin To Net: NetName=NetD46_2 Pin=Q14-3
Added Pin To Net: NetName=NetD46_2 Pin=RL14-1
Added Net: Name=NetD46_2
Added Pin To Net: NetName=NetD47_2 Pin=D47-2
Added Pin To Net: NetName=NetD47_2 Pin=Q15-3
Added Pin To Net: NetName=NetD47_2 Pin=RL15-1
Added Net: Name=NetD47_2
Added Pin To Net: NetName=NetD48_2 Pin=D48-2
Added Pin To Net: NetName=NetD48_2 Pin=Q16-3
Added Pin To Net: NetName=NetD48_2 Pin=RL16-1
Added Net: Name=NetD48_2
Added Pin To Net: NetName=NetJ1_1 Pin=J1-1
Added Pin To Net: NetName=NetJ1_1 Pin=RL1-4
Added Net: Name=NetJ1_1
Added Pin To Net: NetName=NetJ1_2 Pin=J1-2
Added Pin To Net: NetName=NetJ1_2 Pin=J5-2
Added Pin To Net: NetName=NetJ1_2 Pin=R5-2
Added Net: Name=NetJ1_2
Added Pin To Net: NetName=NetJ1_3 Pin=J1-3
Added Pin To Net: NetName=NetJ1_3 Pin=RL1-5
Added Net: Name=NetJ1_3
Added Pin To Net: NetName=NetJ2_1 Pin=J2-1
Added Pin To Net: NetName=NetJ2_1 Pin=RL2-4
Added Net: Name=NetJ2_1
Added Pin To Net: NetName=NetJ2_2 Pin=J2-2
Added Pin To Net: NetName=NetJ2_2 Pin=J6-2
Added Pin To Net: NetName=NetJ2_2 Pin=R6-2
Added Net: Name=NetJ2_2
Added Pin To Net: NetName=NetJ2_3 Pin=J2-3
Added Pin To Net: NetName=NetJ2_3 Pin=RL2-5
Added Net: Name=NetJ2_3
Added Pin To Net: NetName=NetJ3_1 Pin=J3-1
Added Pin To Net: NetName=NetJ3_1 Pin=RL3-4
Added Net: Name=NetJ3_1
Added Pin To Net: NetName=NetJ3_2 Pin=J3-2
Added Pin To Net: NetName=NetJ3_2 Pin=J7-2
Added Pin To Net: NetName=NetJ3_2 Pin=R7-2
Added Net: Name=NetJ3_2
Added Pin To Net: NetName=NetJ3_3 Pin=J3-3
Added Pin To Net: NetName=NetJ3_3 Pin=RL3-5
Added Net: Name=NetJ3_3
Added Pin To Net: NetName=NetJ4_1 Pin=J4-1
Added Pin To Net: NetName=NetJ4_1 Pin=RL4-4
Added Net: Name=NetJ4_1
Added Pin To Net: NetName=NetJ4_2 Pin=J4-2
Added Pin To Net: NetName=NetJ4_2 Pin=J8-2
Added Pin To Net: NetName=NetJ4_2 Pin=R8-2
Added Net: Name=NetJ4_2
Added Pin To Net: NetName=NetJ4_3 Pin=J4-3
Added Pin To Net: NetName=NetJ4_3 Pin=RL4-5
Added Net: Name=NetJ4_3
Added Pin To Net: NetName=NetJ9_1 Pin=J9-1
Added Pin To Net: NetName=NetJ9_1 Pin=J13-1
Added Pin To Net: NetName=NetJ9_1 Pin=R1-2
Added Pin To Net: NetName=NetJ9_1 Pin=RL1-2
Added Net: Name=NetJ9_1
Added Pin To Net: NetName=NetJ10_1 Pin=J10-1
Added Pin To Net: NetName=NetJ10_1 Pin=J14-1
Added Pin To Net: NetName=NetJ10_1 Pin=J61-2
Added Pin To Net: NetName=NetJ10_1 Pin=R2-2
Added Pin To Net: NetName=NetJ10_1 Pin=RL2-2
Added Net: Name=NetJ10_1
Added Pin To Net: NetName=NetJ11_1 Pin=J11-1
Added Pin To Net: NetName=NetJ11_1 Pin=J15-1
Added Pin To Net: NetName=NetJ11_1 Pin=J62-2
Added Pin To Net: NetName=NetJ11_1 Pin=R3-2
Added Pin To Net: NetName=NetJ11_1 Pin=RL3-2
Added Net: Name=NetJ11_1
Added Pin To Net: NetName=NetJ12_1 Pin=J12-1
Added Pin To Net: NetName=NetJ12_1 Pin=J16-1
Added Pin To Net: NetName=NetJ12_1 Pin=J63-2
Added Pin To Net: NetName=NetJ12_1 Pin=R4-2
Added Pin To Net: NetName=NetJ12_1 Pin=RL4-2
Added Net: Name=NetJ12_1
Added Pin To Net: NetName=NetJ13_2 Pin=J13-2
Added Pin To Net: NetName=NetJ13_2 Pin=J25-1
Added Pin To Net: NetName=NetJ13_2 Pin=J29-1
Added Pin To Net: NetName=NetJ13_2 Pin=R13-2
Added Pin To Net: NetName=NetJ13_2 Pin=RL5-2
Added Net: Name=NetJ13_2
Added Pin To Net: NetName=NetJ14_2 Pin=J14-2
Added Pin To Net: NetName=NetJ14_2 Pin=J26-1
Added Pin To Net: NetName=NetJ14_2 Pin=J32-1
Added Pin To Net: NetName=NetJ14_2 Pin=R14-2
Added Pin To Net: NetName=NetJ14_2 Pin=RL6-2
Added Net: Name=NetJ14_2
Added Pin To Net: NetName=NetJ15_2 Pin=J15-2
Added Pin To Net: NetName=NetJ15_2 Pin=J27-1
Added Pin To Net: NetName=NetJ15_2 Pin=J30-1
Added Pin To Net: NetName=NetJ15_2 Pin=R15-2
Added Pin To Net: NetName=NetJ15_2 Pin=RL7-2
Added Net: Name=NetJ15_2
Added Pin To Net: NetName=NetJ16_2 Pin=J16-2
Added Pin To Net: NetName=NetJ16_2 Pin=J28-1
Added Pin To Net: NetName=NetJ16_2 Pin=J31-1
Added Pin To Net: NetName=NetJ16_2 Pin=R16-2
Added Pin To Net: NetName=NetJ16_2 Pin=RL8-2
Added Net: Name=NetJ16_2
Added Pin To Net: NetName=NetJ17_1 Pin=J17-1
Added Pin To Net: NetName=NetJ17_1 Pin=RL5-4
Added Net: Name=NetJ17_1
Added Pin To Net: NetName=NetJ17_2 Pin=J17-2
Added Pin To Net: NetName=NetJ17_2 Pin=J21-2
Added Pin To Net: NetName=NetJ17_2 Pin=R17-2
Added Net: Name=NetJ17_2
Added Pin To Net: NetName=NetJ17_3 Pin=J17-3
Added Pin To Net: NetName=NetJ17_3 Pin=RL5-5
Added Net: Name=NetJ17_3
Added Pin To Net: NetName=NetJ18_1 Pin=J18-1
Added Pin To Net: NetName=NetJ18_1 Pin=RL6-4
Added Net: Name=NetJ18_1
Added Pin To Net: NetName=NetJ18_2 Pin=J18-2
Added Pin To Net: NetName=NetJ18_2 Pin=J22-2
Added Pin To Net: NetName=NetJ18_2 Pin=R18-2
Added Net: Name=NetJ18_2
Added Pin To Net: NetName=NetJ18_3 Pin=J18-3
Added Pin To Net: NetName=NetJ18_3 Pin=RL6-5
Added Net: Name=NetJ18_3
Added Pin To Net: NetName=NetJ19_1 Pin=J19-1
Added Pin To Net: NetName=NetJ19_1 Pin=RL7-4
Added Net: Name=NetJ19_1
Added Pin To Net: NetName=NetJ19_2 Pin=J19-2
Added Pin To Net: NetName=NetJ19_2 Pin=J23-2
Added Pin To Net: NetName=NetJ19_2 Pin=R19-2
Added Net: Name=NetJ19_2
Added Pin To Net: NetName=NetJ19_3 Pin=J19-3
Added Pin To Net: NetName=NetJ19_3 Pin=RL7-5
Added Net: Name=NetJ19_3
Added Pin To Net: NetName=NetJ20_1 Pin=J20-1
Added Pin To Net: NetName=NetJ20_1 Pin=RL8-4
Added Net: Name=NetJ20_1
Added Pin To Net: NetName=NetJ20_2 Pin=J20-2
Added Pin To Net: NetName=NetJ20_2 Pin=J24-2
Added Pin To Net: NetName=NetJ20_2 Pin=R20-2
Added Net: Name=NetJ20_2
Added Pin To Net: NetName=NetJ20_3 Pin=J20-3
Added Pin To Net: NetName=NetJ20_3 Pin=RL8-5
Added Net: Name=NetJ20_3
Added Pin To Net: NetName=NetJ29_2 Pin=J29-2
Added Pin To Net: NetName=NetJ29_2 Pin=J41-1
Added Pin To Net: NetName=NetJ29_2 Pin=J45-1
Added Pin To Net: NetName=NetJ29_2 Pin=R25-2
Added Pin To Net: NetName=NetJ29_2 Pin=RL9-2
Added Net: Name=NetJ29_2
Added Pin To Net: NetName=NetJ30_2 Pin=J30-2
Added Pin To Net: NetName=NetJ30_2 Pin=J43-1
Added Pin To Net: NetName=NetJ30_2 Pin=J47-1
Added Pin To Net: NetName=NetJ30_2 Pin=R27-2
Added Pin To Net: NetName=NetJ30_2 Pin=RL11-2
Added Net: Name=NetJ30_2
Added Pin To Net: NetName=NetJ31_2 Pin=J31-2
Added Pin To Net: NetName=NetJ31_2 Pin=J44-1
Added Pin To Net: NetName=NetJ31_2 Pin=J48-1
Added Pin To Net: NetName=NetJ31_2 Pin=R28-2
Added Pin To Net: NetName=NetJ31_2 Pin=RL12-2
Added Net: Name=NetJ31_2
Added Pin To Net: NetName=NetJ32_2 Pin=J32-2
Added Pin To Net: NetName=NetJ32_2 Pin=J42-1
Added Pin To Net: NetName=NetJ32_2 Pin=J46-1
Added Pin To Net: NetName=NetJ32_2 Pin=R26-2
Added Pin To Net: NetName=NetJ32_2 Pin=RL10-2
Added Net: Name=NetJ32_2
Added Pin To Net: NetName=NetJ33_1 Pin=J33-1
Added Pin To Net: NetName=NetJ33_1 Pin=RL9-4
Added Net: Name=NetJ33_1
Added Pin To Net: NetName=NetJ33_2 Pin=J33-2
Added Pin To Net: NetName=NetJ33_2 Pin=J37-2
Added Pin To Net: NetName=NetJ33_2 Pin=R29-2
Added Net: Name=NetJ33_2
Added Pin To Net: NetName=NetJ33_3 Pin=J33-3
Added Pin To Net: NetName=NetJ33_3 Pin=RL9-5
Added Net: Name=NetJ33_3
Added Pin To Net: NetName=NetJ34_1 Pin=J34-1
Added Pin To Net: NetName=NetJ34_1 Pin=RL10-4
Added Net: Name=NetJ34_1
Added Pin To Net: NetName=NetJ34_2 Pin=J34-2
Added Pin To Net: NetName=NetJ34_2 Pin=J38-2
Added Pin To Net: NetName=NetJ34_2 Pin=R30-2
Added Net: Name=NetJ34_2
Added Pin To Net: NetName=NetJ34_3 Pin=J34-3
Added Pin To Net: NetName=NetJ34_3 Pin=RL10-5
Added Net: Name=NetJ34_3
Added Pin To Net: NetName=NetJ35_1 Pin=J35-1
Added Pin To Net: NetName=NetJ35_1 Pin=RL11-4
Added Net: Name=NetJ35_1
Added Pin To Net: NetName=NetJ35_2 Pin=J35-2
Added Pin To Net: NetName=NetJ35_2 Pin=J39-2
Added Pin To Net: NetName=NetJ35_2 Pin=R31-2
Added Net: Name=NetJ35_2
Added Pin To Net: NetName=NetJ35_3 Pin=J35-3
Added Pin To Net: NetName=NetJ35_3 Pin=RL11-5
Added Net: Name=NetJ35_3
Added Pin To Net: NetName=NetJ36_1 Pin=J36-1
Added Pin To Net: NetName=NetJ36_1 Pin=RL12-4
Added Net: Name=NetJ36_1
Added Pin To Net: NetName=NetJ36_2 Pin=J36-2
Added Pin To Net: NetName=NetJ36_2 Pin=J40-2
Added Pin To Net: NetName=NetJ36_2 Pin=R32-2
Added Net: Name=NetJ36_2
Added Pin To Net: NetName=NetJ36_3 Pin=J36-3
Added Pin To Net: NetName=NetJ36_3 Pin=RL12-5
Added Net: Name=NetJ36_3
Added Pin To Net: NetName=NetJ45_2 Pin=J45-2
Added Pin To Net: NetName=NetJ45_2 Pin=J57-1
Added Pin To Net: NetName=NetJ45_2 Pin=J61-1
Added Pin To Net: NetName=NetJ45_2 Pin=R37-2
Added Pin To Net: NetName=NetJ45_2 Pin=RL13-2
Added Net: Name=NetJ45_2
Added Pin To Net: NetName=NetJ46_2 Pin=J46-2
Added Pin To Net: NetName=NetJ46_2 Pin=J58-1
Added Pin To Net: NetName=NetJ46_2 Pin=J62-1
Added Pin To Net: NetName=NetJ46_2 Pin=R38-2
Added Pin To Net: NetName=NetJ46_2 Pin=RL14-2
Added Net: Name=NetJ46_2
Added Pin To Net: NetName=NetJ47_2 Pin=J47-2
Added Pin To Net: NetName=NetJ47_2 Pin=J59-1
Added Pin To Net: NetName=NetJ47_2 Pin=J63-1
Added Pin To Net: NetName=NetJ47_2 Pin=R39-2
Added Pin To Net: NetName=NetJ47_2 Pin=RL15-2
Added Net: Name=NetJ47_2
Added Pin To Net: NetName=NetJ48_2 Pin=J48-2
Added Pin To Net: NetName=NetJ48_2 Pin=J60-1
Added Pin To Net: NetName=NetJ48_2 Pin=R40-2
Added Pin To Net: NetName=NetJ48_2 Pin=RL16-2
Added Net: Name=NetJ48_2
Added Pin To Net: NetName=NetJ49_1 Pin=J49-1
Added Pin To Net: NetName=NetJ49_1 Pin=RL13-4
Added Net: Name=NetJ49_1
Added Pin To Net: NetName=NetJ49_2 Pin=J49-2
Added Pin To Net: NetName=NetJ49_2 Pin=J53-2
Added Pin To Net: NetName=NetJ49_2 Pin=R41-2
Added Net: Name=NetJ49_2
Added Pin To Net: NetName=NetJ49_3 Pin=J49-3
Added Pin To Net: NetName=NetJ49_3 Pin=RL13-5
Added Net: Name=NetJ49_3
Added Pin To Net: NetName=NetJ50_1 Pin=J50-1
Added Pin To Net: NetName=NetJ50_1 Pin=RL14-4
Added Net: Name=NetJ50_1
Added Pin To Net: NetName=NetJ50_2 Pin=J50-2
Added Pin To Net: NetName=NetJ50_2 Pin=J54-2
Added Pin To Net: NetName=NetJ50_2 Pin=R42-2
Added Net: Name=NetJ50_2
Added Pin To Net: NetName=NetJ50_3 Pin=J50-3
Added Pin To Net: NetName=NetJ50_3 Pin=RL14-5
Added Net: Name=NetJ50_3
Added Pin To Net: NetName=NetJ51_1 Pin=J51-1
Added Pin To Net: NetName=NetJ51_1 Pin=RL15-4
Added Net: Name=NetJ51_1
Added Pin To Net: NetName=NetJ51_2 Pin=J51-2
Added Pin To Net: NetName=NetJ51_2 Pin=J55-2
Added Pin To Net: NetName=NetJ51_2 Pin=R43-2
Added Net: Name=NetJ51_2
Added Pin To Net: NetName=NetJ51_3 Pin=J51-3
Added Pin To Net: NetName=NetJ51_3 Pin=RL15-5
Added Net: Name=NetJ51_3
Added Pin To Net: NetName=NetJ52_1 Pin=J52-1
Added Pin To Net: NetName=NetJ52_1 Pin=RL16-4
Added Net: Name=NetJ52_1
Added Pin To Net: NetName=NetJ52_2 Pin=J52-2
Added Pin To Net: NetName=NetJ52_2 Pin=J56-2
Added Pin To Net: NetName=NetJ52_2 Pin=R44-2
Added Net: Name=NetJ52_2
Added Pin To Net: NetName=NetJ52_3 Pin=J52-3
Added Pin To Net: NetName=NetJ52_3 Pin=RL16-5
Added Net: Name=NetJ52_3
Added Pin To Net: NetName=NetQ1_1 Pin=Q1-1
Added Pin To Net: NetName=NetQ1_1 Pin=R9-2
Added Net: Name=NetQ1_1
Added Pin To Net: NetName=NetQ2_1 Pin=Q2-1
Added Pin To Net: NetName=NetQ2_1 Pin=R10-2
Added Net: Name=NetQ2_1
Added Pin To Net: NetName=NetQ3_1 Pin=Q3-1
Added Pin To Net: NetName=NetQ3_1 Pin=R11-2
Added Net: Name=NetQ3_1
Added Pin To Net: NetName=NetQ4_1 Pin=Q4-1
Added Pin To Net: NetName=NetQ4_1 Pin=R12-2
Added Net: Name=NetQ4_1
Added Pin To Net: NetName=NetQ5_1 Pin=Q5-1
Added Pin To Net: NetName=NetQ5_1 Pin=R21-2
Added Net: Name=NetQ5_1
Added Pin To Net: NetName=NetQ6_1 Pin=Q6-1
Added Pin To Net: NetName=NetQ6_1 Pin=R22-2
Added Net: Name=NetQ6_1
Added Pin To Net: NetName=NetQ7_1 Pin=Q7-1
Added Pin To Net: NetName=NetQ7_1 Pin=R23-2
Added Net: Name=NetQ7_1
Added Pin To Net: NetName=NetQ8_1 Pin=Q8-1
Added Pin To Net: NetName=NetQ8_1 Pin=R24-2
Added Net: Name=NetQ8_1
Added Pin To Net: NetName=NetQ9_1 Pin=Q9-1
Added Pin To Net: NetName=NetQ9_1 Pin=R33-2
Added Net: Name=NetQ9_1
Added Pin To Net: NetName=NetQ10_1 Pin=Q10-1
Added Pin To Net: NetName=NetQ10_1 Pin=R34-2
Added Net: Name=NetQ10_1
Added Pin To Net: NetName=NetQ11_1 Pin=Q11-1
Added Pin To Net: NetName=NetQ11_1 Pin=R35-2
Added Net: Name=NetQ11_1
Added Pin To Net: NetName=NetQ12_1 Pin=Q12-1
Added Pin To Net: NetName=NetQ12_1 Pin=R36-2
Added Net: Name=NetQ12_1
Added Pin To Net: NetName=NetQ13_1 Pin=Q13-1
Added Pin To Net: NetName=NetQ13_1 Pin=R45-2
Added Net: Name=NetQ13_1
Added Pin To Net: NetName=NetQ14_1 Pin=Q14-1
Added Pin To Net: NetName=NetQ14_1 Pin=R46-2
Added Net: Name=NetQ14_1
Added Pin To Net: NetName=NetQ15_1 Pin=Q15-1
Added Pin To Net: NetName=NetQ15_1 Pin=R47-2
Added Net: Name=NetQ15_1
Added Pin To Net: NetName=NetQ16_1 Pin=Q16-1
Added Pin To Net: NetName=NetQ16_1 Pin=R48-2
Added Net: Name=NetQ16_1
Added Class: Name=NXP_RESET_BOARD_V2
Added Room: Name=NXP_RESET_BOARD_V2
