Added Component: Designator=C1(CAP_RAD_D05x11)
Added Component: Designator=D25(L0805RED)
Added Component: Designator=J32(JST - XH - Thru (R) - 4Pin - 2.54mm)
Added Component: Designator=J33(JST - XH - Thru (R) - 4Pin - 2.54mm)
Added Component: Designator=R25(R0805)
Added Component: Designator=U1(TO252-3)
Added Component: Designator=U2(SO16)
Added Pin To Net: NetName=GND Pin=C1-2
Added Pin To Net: NetName=GND Pin=D25-2
Added Pin To Net: NetName=GND Pin=J32-4
Added Pin To Net: NetName=GND Pin=J33-4
Added Pin To Net: NetName=+12 Pin=U1-1
Added Pin To Net: NetName=GND Pin=U1-2
Added Pin To Net: NetName=GND Pin=U2-8
Added Pin To Net: NetName=GND Pin=U2-13
Added Pin To Net: NetName=NetD25_1 Pin=D25-1
Added Pin To Net: NetName=NetD25_1 Pin=R25-1
Added Net: Name=NetD25_1
Added Pin To Net: NetName=NetJ32_1 Pin=J32-1
Added Pin To Net: NetName=NetJ32_1 Pin=U2-14
Added Net: Name=NetJ32_1
Added Pin To Net: NetName=NetJ32_2 Pin=J32-2
Added Pin To Net: NetName=NetJ32_2 Pin=J33-2
Added Pin To Net: NetName=NetJ32_2 Pin=U2-11
Added Net: Name=NetJ32_2
Added Pin To Net: NetName=NetJ32_3 Pin=J32-3
Added Pin To Net: NetName=NetJ32_3 Pin=J33-3
Added Pin To Net: NetName=NetJ32_3 Pin=U2-12
Added Net: Name=NetJ32_3
Added Pin To Net: NetName=NetJ33_1 Pin=J33-1
Added Pin To Net: NetName=NetJ33_1 Pin=U2-9
Added Net: Name=NetJ33_1
Added Pin To Net: NetName=NetR1_1 Pin=R1-1
Added Pin To Net: NetName=NetR1_1 Pin=U2-15
Added Net: Name=NetR1_1
Added Pin To Net: NetName=NetR2_1 Pin=R2-1
Added Pin To Net: NetName=NetR2_1 Pin=U2-1
Added Net: Name=NetR2_1
Added Pin To Net: NetName=NetR3_1 Pin=R3-1
Added Pin To Net: NetName=NetR3_1 Pin=U2-2
Added Net: Name=NetR3_1
Added Pin To Net: NetName=NetR4_1 Pin=R4-1
Added Pin To Net: NetName=NetR4_1 Pin=U2-3
Added Net: Name=NetR4_1
Added Pin To Net: NetName=NetR13_1 Pin=R13-1
Added Pin To Net: NetName=NetR13_1 Pin=U2-4
Added Net: Name=NetR13_1
Added Pin To Net: NetName=NetR14_1 Pin=R14-1
Added Pin To Net: NetName=NetR14_1 Pin=U2-5
Added Net: Name=NetR14_1
Added Pin To Net: NetName=NetR15_1 Pin=R15-1
Added Pin To Net: NetName=NetR15_1 Pin=U2-6
Added Net: Name=NetR15_1
Added Pin To Net: NetName=NetR16_1 Pin=R16-1
Added Pin To Net: NetName=NetR16_1 Pin=U2-7
Added Net: Name=NetR16_1
Added Pin To Net: NetName=VCC Pin=C1-1
Added Pin To Net: NetName=VCC Pin=R25-2
Added Pin To Net: NetName=VCC Pin=U1-3
Added Pin To Net: NetName=VCC Pin=U2-10
Added Pin To Net: NetName=VCC Pin=U2-16
Added Net: Name=VCC
Added Member To Class: ClassName=NXP_RESET_BOARD_V2 Member=Component C1 10uF
Added Member To Class: ClassName=NXP_RESET_BOARD_V2 Member=Component D9 LED0805
Added Member To Class: ClassName=NXP_RESET_BOARD_V2 Member=Component D13 LED0805
Added Member To Class: ClassName=NXP_RESET_BOARD_V2 Member=Component D17 1N4148
Added Member To Class: ClassName=NXP_RESET_BOARD_V2 Member=Component D21 LED0805
Added Member To Class: ClassName=NXP_RESET_BOARD_V2 Member=Component D22 LED0805
Added Member To Class: ClassName=NXP_RESET_BOARD_V2 Member=Component D25 LED0805
Added Member To Class: ClassName=NXP_RESET_BOARD_V2 Member=Component J1 Connector
Added Member To Class: ClassName=NXP_RESET_BOARD_V2 Member=Component J13 KF306
Added Member To Class: ClassName=NXP_RESET_BOARD_V2 Member=Component J17 Connector
Added Member To Class: ClassName=NXP_RESET_BOARD_V2 Member=Component J21 HEADER-MALE-2.54MM
Added Member To Class: ClassName=NXP_RESET_BOARD_V2 Member=Component J22 HEADER-MALE-2.54MM
Added Member To Class: ClassName=NXP_RESET_BOARD_V2 Member=Component J25 HEADER-MALE-2.54MM
Added Member To Class: ClassName=NXP_RESET_BOARD_V2 Member=Component J26 HEADER-MALE-2.54MM
Added Member To Class: ClassName=NXP_RESET_BOARD_V2 Member=Component J29 KF306
Added Member To Class: ClassName=NXP_RESET_BOARD_V2 Member=Component J32 IN
Added Member To Class: ClassName=NXP_RESET_BOARD_V2 Member=Component J33 OUT
Added Member To Class: ClassName=NXP_RESET_BOARD_V2 Member=Component Q5 2N3904
Added Member To Class: ClassName=NXP_RESET_BOARD_V2 Member=Component R1 10k
Added Member To Class: ClassName=NXP_RESET_BOARD_V2 Member=Component R2 10k
Added Member To Class: ClassName=NXP_RESET_BOARD_V2 Member=Component R5 10k
Added Member To Class: ClassName=NXP_RESET_BOARD_V2 Member=Component R10 10k
Added Member To Class: ClassName=NXP_RESET_BOARD_V2 Member=Component R18 10k
Added Member To Class: ClassName=NXP_RESET_BOARD_V2 Member=Component R21 10k
Added Member To Class: ClassName=NXP_RESET_BOARD_V2 Member=Component R22 10k
Added Member To Class: ClassName=NXP_RESET_BOARD_V2 Member=Component R25 10k
Added Member To Class: ClassName=NXP_RESET_BOARD_V2 Member=Component RL2 Relay-SONGLE-SRD-05VDC
Added Member To Class: ClassName=NXP_RESET_BOARD_V2 Member=Component U1 LM7805
Added Member To Class: ClassName=NXP_RESET_BOARD_V2 Member=Component U2 74HC595D
Added Room: Name=NXP_RESET_BOARD_V2
